<?xml version="1.0" encoding="UTF-8"?>
<testsuite xmlns:xsi="http://www.w3.org/2001/XMLSchema-instance" xsi:noNamespaceSchemaLocation="https://maven.apache.org/surefire/maven-surefire-plugin/xsd/surefire-test-report-3.0.xsd" version="3.0" name="com.audiodeepcheck.backend.service.BackendHealthServiceTest" time="0.745" tests="4" errors="0" skipped="0" failures="0">
  <properties>
[...]
</properties>
  <testcase name="testGetHealthDegradedWhenAiDown" classname="com.audiodeepcheck.backend.service.BackendHealthServiceTest" time="0.712">
    <system-out><![CDATA[2026-09-19T07:29:54.355+05:30  WARN 18904 --- [audio-deepcheck-backend-test] [           main] c.a.b.service.BackendHealthService       : FastAPI health probe failed: Connection refused
]]></system-out>
  </testcase>
  <testcase name="testGetHealthDegradedWhenDbDown" classname="com.audiodeepcheck.backend.service.BackendHealthServiceTest" time="0.007">
    <system-out><![CDATA[2026-09-19T07:29:54.371+05:30  WARN 18904 --- [audio-deepcheck-backend-test] [           main] c.a.b.service.BackendHealthService       : Database health probe failed: Mongo connection timeout
]]></system-out>
  </testcase>
  <testcase name="testGetHealthAllUp" classname="com.audiodeepcheck.backend.service.BackendHealthServiceTest" time="0.005"/>
  <testcase name="testGetHealthDownWhenBothDown" classname="com.audiodeepcheck.backend.service.BackendHealthServiceTest" time="0.007">
    <system-out><![CDATA[2026-09-19T07:29:54.384+05:30  WARN 18904 --- [audio-deepcheck-backend-test] [           main] c.a.b.service.BackendHealthService       : Database health probe failed: Mongo connection timeout
2026-09-19T07:29:54.385+05:30  WARN 18904 --- [audio-deepcheck-backend-test] [           main] c.a.b.service.BackendHealthService       : FastAPI health probe failed: Connection refused
]]></system-out>
  </testcase>
</testsuite>