<?xml version="1.0" encoding="UTF-8"?>
<testsuite xmlns:xsi="http://www.w3.org/2001/XMLSchema-instance" xsi:noNamespaceSchemaLocation="https://maven.apache.org/surefire/maven-surefire-plugin/xsd/surefire-test-report-3.0.xsd" version="3.0" name="com.audiodeepcheck.backend.CallFlowIntegrationTest" time="15.589" tests="1" errors="0" skipped="0" failures="0">
  <properties>
[...]
</properties>
  <testcase name="testFullCallLifecycleWorkflow" classname="com.audiodeepcheck.backend.CallFlowIntegrationTest" time="1.582">
    <system-out><![CDATA[21:08:05.930 [main] INFO org.springframework.test.context.support.AnnotationConfigContextLoaderUtils -- Could not detect default configuration classes for test class [com.audiodeepcheck.backend.CallFlowIntegrationTest]: CallFlowIntegrationTest does not declare any static, non-private, non-final, nested classes annotated with @Configuration.
21:08:06.283 [main] INFO org.springframework.boot.test.context.SpringBootTestContextBootstrapper -- Found @SpringBootConfiguration com.audiodeepcheck.backend.BackendApplication for test class com.audiodeepcheck.backend.CallFlowIntegrationTest

  .   ____          _            __ _ _
 /\\ / ___'_ __ _ _(_)_ __  __ _ \ \ \ \
( ( )\___ | '_ | '_| | '_ \/ _` | \ \ \ \
 \\/  ___)| |_)| | | | | || (_| |  ) ) ) )
  '  |____| .__|_| |_|_| |_\__, | / / / /
 =========|_|==============|___/=/_/_/_/

 :: Spring Boot ::                (v3.3.4)

2026-09-18T21:08:07.490+05:30  INFO 3100 --- [audio-deepcheck-backend-test] [           main] c.a.backend.CallFlowIntegrationTest      : Starting CallFlowIntegrationTest using Java 25.0.2 with PID 3100 (started by Muthu in D:\Git\Audio-DeepCheck\Backend)
2026-09-18T21:08:07.494+05:30  INFO 3100 --- [audio-deepcheck-backend-test] [           main] c.a.backend.CallFlowIntegrationTest      : The following 1 profile is active: "development"
2026-09-18T21:08:09.841+05:30  INFO 3100 --- [audio-deepcheck-backend-test] [           main] .s.d.r.c.RepositoryConfigurationDelegate : Bootstrapping Spring Data MongoDB repositories in DEFAULT mode.
2026-09-18T21:08:10.013+05:30  INFO 3100 --- [audio-deepcheck-backend-test] [           main] .s.d.r.c.RepositoryConfigurationDelegate : Finished Spring Data repository scanning in 161 ms. Found 2 MongoDB repository interfaces.
2026-09-18T21:08:12.330+05:30  WARN 3100 --- [audio-deepcheck-backend-test] [           main] trationDelegate$BeanPostProcessorChecker : Bean 'de.flapdoodle.embed.mongo.spring.autoconfigure.EmbeddedMongoAutoConfiguration' of type [de.flapdoodle.embed.mongo.spring.autoconfigure.EmbeddedMongoAutoConfiguration] is not eligible for getting processed by all BeanPostProcessors (for example: not eligible for auto-proxying). The currently created BeanPostProcessor [fixTransactionAndAuth] is declared through a non-static factory method on that class; consider declaring it as static instead.
2026-09-18T21:08:12.374+05:30  WARN 3100 --- [audio-deepcheck-backend-test] [           main] trationDelegate$BeanPostProcessorChecker : Bean 'de.flapdoodle.mongodb.embedded-de.flapdoodle.embed.mongo.spring.autoconfigure.EmbeddedMongoProperties' of type [de.flapdoodle.embed.mongo.spring.autoconfigure.EmbeddedMongoProperties] is not eligible for getting processed by all BeanPostProcessors (for example: not eligible for auto-proxying). Is this bean getting eagerly injected into a currently created BeanPostProcessor [fixTransactionAndAuth]? Check the corresponding BeanPostProcessor declaration and its dependencies.
2026-09-18T21:08:12.447+05:30  WARN 3100 --- [audio-deepcheck-backend-test] [           main] trationDelegate$BeanPostProcessorChecker : Bean 'net' of type [de.flapdoodle.embed.mongo.config.ImmutableNet] is not eligible for getting processed by all BeanPostProcessors (for example: not eligible for auto-proxying). Is this bean getting eagerly injected into a currently created BeanPostProcessor [fixTransactionAndAuth]? Check the corresponding BeanPostProcessor declaration and its dependencies.
2026-09-18T21:08:12.463+05:30  WARN 3100 --- [audio-deepcheck-backend-test] [           main] trationDelegate$BeanPostProcessorChecker : Bean 'spring.data.mongodb-org.springframework.boot.autoconfigure.mongo.MongoProperties' of type [org.springframework.boot.autoconfigure.mongo.MongoProperties] is not eligible for getting processed by all BeanPostProcessors (for example: not eligible for auto-proxying). Is this bean getting eagerly injected into a currently created BeanPostProcessor [fixTransactionAndAuth]? Check the corresponding BeanPostProcessor declaration and its dependencies.
2026-09-18T21:08:13.085+05:30  INFO 3100 --- [audio-deepcheck-backend-test] [           main] o.s.b.w.embedded.tomcat.TomcatWebServer  : Tomcat initialized with port 0 (http)
2026-09-18T21:08:13.117+05:30  INFO 3100 --- [audio-deepcheck-backend-test] [           main] o.apache.catalina.core.StandardService   : Starting service [Tomcat]
2026-09-18T21:08:13.118+05:30  INFO 3100 --- [audio-deepcheck-backend-test] [           main] o.apache.catalina.core.StandardEngine    : Starting Servlet engine: [Apache Tomcat/10.1.30]
2026-09-18T21:08:13.288+05:30  INFO 3100 --- [audio-deepcheck-backend-test] [           main] o.a.c.c.C.[Tomcat].[localhost].[/]       : Initializing Spring embedded WebApplicationContext
2026-09-18T21:08:13.290+05:30  INFO 3100 --- [audio-deepcheck-backend-test] [           main] w.s.c.ServletWebServerApplicationContext : Root WebApplicationContext: initialization completed in 5745 ms
2026-09-18T21:08:13.936+05:30  INFO 3100 --- [audio-deepcheck-backend-test] [           main] d.f.e.m.s.a.SyncClientServerFactory      : sync server factory
2026-09-18T21:08:14.527+05:30  INFO 3100 --- [audio-deepcheck-backend-test] [       Thread-2] d.f.e.m.s.autoconfigure.EmbeddedMongo    : {"t":{"$date":"2026-09-18T21:08:14.525+05:30"},"s":"I",  "c":"NETWORK",  "id":4915701, "ctx":"thread1","msg":"Initialized wire specification","attr":{"spec":{"incomingExternalClient":{"minWireVersion":0,"maxWireVersion":21},"incomingInternalClient":{"minWireVersion":0,"maxWireVersion":21},"outgoing":{"minWireVersion":6,"maxWireVersion":21},"isInternalClient":true}}}
2026-09-18T21:08:14.531+05:30  INFO 3100 --- [audio-deepcheck-backend-test] [       Thread-2] d.f.e.m.s.autoconfigure.EmbeddedMongo    : {"t":{"$date":"2026-09-18T21:08:14.526+05:30"},"s":"I",  "c":"CONTROL",  "id":23285,   "ctx":"thread1","msg":"Automatically disabling TLS 1.0, to force-enable TLS 1.0 specify --sslDisabledProtocols 'none'"}
2026-09-18T21:08:14.535+05:30  INFO 3100 --- [audio-deepcheck-backend-test] [       Thread-2] d.f.e.m.s.autoconfigure.EmbeddedMongo    : {"t":{"$date":"2026-09-18T21:08:14.535+05:30"},"s":"I",  "c":"NETWORK",  "id":4648602, "ctx":"thread1","msg":"Implicit TCP FastOpen in use."}
2026-09-18T21:08:14.538+05:30  INFO 3100 --- [audio-deepcheck-backend-test] [       Thread-2] d.f.e.m.s.autoconfigure.EmbeddedMongo    : {"t":{"$date":"2026-09-18T21:08:14.538+05:30"},"s":"I",  "c":"REPL",     "id":5123008, "ctx":"thread1","msg":"Successfully registered PrimaryOnlyService","attr":{"service":"TenantMigrationDonorService","namespace":"config.tenantMigrationDonors"}}
2026-09-18T21:08:14.539+05:30  INFO 3100 --- [audio-deepcheck-backend-test] [       Thread-2] d.f.e.m.s.autoconfigure.EmbeddedMongo    : {"t":{"$date":"2026-09-18T21:08:14.538+05:30"},"s":"I",  "c":"REPL",     "id":5123008, "ctx":"thread1","msg":"Successfully registered PrimaryOnlyService","attr":{"service":"TenantMigrationRecipientService","namespace":"config.tenantMigrationRecipients"}}
2026-09-18T21:08:14.540+05:30  INFO 3100 --- [audio-deepcheck-backend-test] [       Thread-2] d.f.e.m.s.autoconfigure.EmbeddedMongo    : {"t":{"$date":"2026-09-18T21:08:14.538+05:30"},"s":"I",  "c":"CONTROL",  "id":5945603, "ctx":"thread1","msg":"Multi threading initialized"}
2026-09-18T21:08:14.540+05:30  INFO 3100 --- [audio-deepcheck-backend-test] [       Thread-2] d.f.e.m.s.autoconfigure.EmbeddedMongo    : {"t":{"$date":"2026-09-18T21:08:14.539+05:30"},"s":"I",  "c":"TENANT_M", "id":7091600, "ctx":"thread1","msg":"Starting TenantMigrationAccessBlockerRegistry"}
2026-09-18T21:08:14.541+05:30  INFO 3100 --- [audio-deepcheck-backend-test] [       Thread-2] d.f.e.m.s.autoconfigure.EmbeddedMongo    : {"t":{"$date":"2026-09-18T21:08:14.541+05:30"},"s":"I",  "c":"CONTROL",  "id":4615611, "ctx":"initandlisten","msg":"MongoDB starting","attr":{"pid":11920,"port":62387,"dbPath":"C:/Users/Muthu/AppData/Local/Temp/temp--d7551595-a0fe-4de7-9a9b-7bc4d27f26ac/mongod-database12694972754207383785","architecture":"64-bit","host":"Muthu"}}
2026-09-18T21:08:14.542+05:30  INFO 3100 --- [audio-deepcheck-backend-test] [       Thread-2] d.f.e.m.s.autoconfigure.EmbeddedMongo    : {"t":{"$date":"2026-09-18T21:08:14.541+05:30"},"s":"I",  "c":"CONTROL",  "id":23398,   "ctx":"initandlisten","msg":"Target operating system minimum version","attr":{"targetMinOS":"Windows 7/Windows Server 2008 R2"}}
2026-09-18T21:08:14.542+05:30  INFO 3100 --- [audio-deepcheck-backend-test] [       Thread-2] d.f.e.m.s.autoconfigure.EmbeddedMongo    : {"t":{"$date":"2026-09-18T21:08:14.541+05:30"},"s":"I",  "c":"CONTROL",  "id":23403,   "ctx":"initandlisten","msg":"Build Info","attr":{"buildInfo":{"version":"7.0.2","gitVersion":"02b3c655e1302209ef046da6ba3ef6749dd0b62a","modules":[],"allocator":"tcmalloc","environment":{"distmod":"windows","distarch":"x86_64","target_arch":"x86_64"}}}}
2026-09-18T21:08:14.543+05:30  INFO 3100 --- [audio-deepcheck-backend-test] [       Thread-2] d.f.e.m.s.autoconfigure.EmbeddedMongo    : {"t":{"$date":"2026-09-18T21:08:14.541+05:30"},"s":"I",  "c":"CONTROL",  "id":51765,   "ctx":"initandlisten","msg":"Operating System","attr":{"os":{"name":"Microsoft Windows 10","version":"10.0 (build 26200)"}}}
2026-09-18T21:08:14.543+05:30  INFO 3100 --- [audio-deepcheck-backend-test] [       Thread-2] d.f.e.m.s.autoconfigure.EmbeddedMongo    : {"t":{"$date":"2026-09-18T21:08:14.541+05:30"},"s":"I",  "c":"CONTROL",  "id":21951,   "ctx":"initandlisten","msg":"Options set by command line","attr":{"options":{"net":{"bindIp":"127.0.0.1","port":62387},"security":{"authorization":"disabled"},"storage":{"dbPath":"C:\\Users\\Muthu\\AppData\\Local\\Temp\\temp--d7551595-a0fe-4de7-9a9b-7bc4d27f26ac\\mongod-database12694972754207383785","syncPeriodSecs":0}}}}
2026-09-18T21:08:14.546+05:30  INFO 3100 --- [audio-deepcheck-backend-test] [       Thread-2] d.f.e.m.s.autoconfigure.EmbeddedMongo    : {"t":{"$date":"2026-09-18T21:08:14.546+05:30"},"s":"I",  "c":"STORAGE",  "id":22315,   "ctx":"initandlisten","msg":"Opening WiredTiger","attr":{"config":"create,cache_size=3177M,session_max=33000,eviction=(threads_min=4,threads_max=4),config_base=false,statistics=(fast),log=(enabled=true,remove=true,path=journal,compressor=snappy),builtin_extension_config=(zstd=(compression_level=6)),file_manager=(close_idle_time=600,close_scan_interval=10,close_handle_minimum=2000),statistics_log=(wait=0),json_output=(error,message),verbose=[recovery_progress:1,checkpoint_progress:1,compact_progress:1,backup:0,checkpoint:0,compact:0,evict:0,history_store:0,recovery:0,rts:0,salvage:0,tiered:0,timestamp:0,transaction:0,verify:0,log:0],"}}
2026-09-18T21:08:14.595+05:30  INFO 3100 --- [audio-deepcheck-backend-test] [       Thread-2] d.f.e.m.s.autoconfigure.EmbeddedMongo    : {"t":{"$date":"2026-09-18T21:08:14.594+05:30"},"s":"I",  "c":"STORAGE",  "id":4795906, "ctx":"initandlisten","msg":"WiredTiger opened","attr":{"durationMillis":48}}
2026-09-18T21:08:14.596+05:30  INFO 3100 --- [audio-deepcheck-backend-test] [       Thread-2] d.f.e.m.s.autoconfigure.EmbeddedMongo    : {"t":{"$date":"2026-09-18T21:08:14.594+05:30"},"s":"I",  "c":"RECOVERY", "id":23987,   "ctx":"initandlisten","msg":"WiredTiger recoveryTimestamp","attr":{"recoveryTimestamp":{"$timestamp":{"t":0,"i":0}}}}
2026-09-18T21:08:14.616+05:30  INFO 3100 --- [audio-deepcheck-backend-test] [       Thread-2] d.f.e.m.s.autoconfigure.EmbeddedMongo    : {"t":{"$date":"2026-09-18T21:08:14.616+05:30"},"s":"I",  "c":"STORAGE",  "id":20320,   "ctx":"initandlisten","msg":"createCollection","attr":{"namespace":"admin.system.version","uuidDisposition":"provided","uuid":{"uuid":{"$uuid":"37c77e77-d27f-4ddb-8629-60735cccd156"}},"options":{"uuid":{"$uuid":"37c77e77-d27f-4ddb-8629-60735cccd156"}}}}
2026-09-18T21:08:14.629+05:30  INFO 3100 --- [audio-deepcheck-backend-test] [       Thread-2] d.f.e.m.s.autoconfigure.EmbeddedMongo    : {"t":{"$date":"2026-09-18T21:08:14.629+05:30"},"s":"I",  "c":"INDEX",    "id":20345,   "ctx":"initandlisten","msg":"Index build: done building","attr":{"buildUUID":null,"collectionUUID":{"uuid":{"$uuid":"37c77e77-d27f-4ddb-8629-60735cccd156"}},"namespace":"admin.system.version","index":"_id_","ident":"index-1--6825619568614521385","collectionIdent":"collection-0--6825619568614521385","commitTimestamp":null}}
2026-09-18T21:08:14.630+05:30  INFO 3100 --- [audio-deepcheck-backend-test] [       Thread-2] d.f.e.m.s.autoconfigure.EmbeddedMongo    : {"t":{"$date":"2026-09-18T21:08:14.630+05:30"},"s":"I",  "c":"REPL",     "id":20459,   "ctx":"initandlisten","msg":"Setting featureCompatibilityVersion","attr":{"newVersion":"7.0"}}
2026-09-18T21:08:14.630+05:30  INFO 3100 --- [audio-deepcheck-backend-test] [       Thread-2] d.f.e.m.s.autoconfigure.EmbeddedMongo    : {"t":{"$date":"2026-09-18T21:08:14.630+05:30"},"s":"I",  "c":"REPL",     "id":5853300, "ctx":"initandlisten","msg":"current featureCompatibilityVersion value","attr":{"featureCompatibilityVersion":"7.0","context":"setFCV"}}
2026-09-18T21:08:14.631+05:30  INFO 3100 --- [audio-deepcheck-backend-test] [       Thread-2] d.f.e.m.s.autoconfigure.EmbeddedMongo    : {"t":{"$date":"2026-09-18T21:08:14.630+05:30"},"s":"I",  "c":"NETWORK",  "id":4915702, "ctx":"initandlisten","msg":"Updated wire specification","attr":{"oldSpec":{"incomingExternalClient":{"minWireVersion":0,"maxWireVersion":21},"incomingInternalClient":{"minWireVersion":0,"maxWireVersion":21},"outgoing":{"minWireVersion":6,"maxWireVersion":21},"isInternalClient":true},"newSpec":{"incomingExternalClient":{"minWireVersion":0,"maxWireVersion":21},"incomingInternalClient":{"minWireVersion":21,"maxWireVersion":21},"outgoing":{"minWireVersion":21,"maxWireVersion":21},"isInternalClient":true}}}
2026-09-18T21:08:14.632+05:30  INFO 3100 --- [audio-deepcheck-backend-test] [       Thread-2] d.f.e.m.s.autoconfigure.EmbeddedMongo    : {"t":{"$date":"2026-09-18T21:08:14.630+05:30"},"s":"I",  "c":"NETWORK",  "id":4915702, "ctx":"initandlisten","msg":"Updated wire specification","attr":{"oldSpec":{"incomingExternalClient":{"minWireVersion":0,"maxWireVersion":21},"incomingInternalClient":{"minWireVersion":21,"maxWireVersion":21},"outgoing":{"minWireVersion":21,"maxWireVersion":21},"isInternalClient":true},"newSpec":{"incomingExternalClient":{"minWireVersion":0,"maxWireVersion":21},"incomingInternalClient":{"minWireVersion":21,"maxWireVersion":21},"outgoing":{"minWireVersion":21,"maxWireVersion":21},"isInternalClient":true}}}
2026-09-18T21:08:14.632+05:30  INFO 3100 --- [audio-deepcheck-backend-test] [       Thread-2] d.f.e.m.s.autoconfigure.EmbeddedMongo    : {"t":{"$date":"2026-09-18T21:08:14.630+05:30"},"s":"I",  "c":"REPL",     "id":5853300, "ctx":"initandlisten","msg":"current featureCompatibilityVersion value","attr":{"featureCompatibilityVersion":"7.0","context":"startup"}}
2026-09-18T21:08:14.632+05:30  INFO 3100 --- [audio-deepcheck-backend-test] [       Thread-2] d.f.e.m.s.autoconfigure.EmbeddedMongo    : {"t":{"$date":"2026-09-18T21:08:14.631+05:30"},"s":"I",  "c":"STORAGE",  "id":5071100, "ctx":"initandlisten","msg":"Clearing temp directory"}
2026-09-18T21:08:14.632+05:30  INFO 3100 --- [audio-deepcheck-backend-test] [       Thread-2] d.f.e.m.s.autoconfigure.EmbeddedMongo    : {"t":{"$date":"2026-09-18T21:08:14.631+05:30"},"s":"I",  "c":"CONTROL",  "id":6608200, "ctx":"initandlisten","msg":"Initializing cluster server parameters from disk"}
2026-09-18T21:08:14.632+05:30  INFO 3100 --- [audio-deepcheck-backend-test] [       Thread-2] d.f.e.m.s.autoconfigure.EmbeddedMongo    : {"t":{"$date":"2026-09-18T21:08:14.631+05:30"},"s":"I",  "c":"CONTROL",  "id":20536,   "ctx":"initandlisten","msg":"Flow Control is enabled on this deployment"}
2026-09-18T21:08:15.363+05:30  INFO 3100 --- [audio-deepcheck-backend-test] [       Thread-2] d.f.e.m.s.autoconfigure.EmbeddedMongo    : {"t":{"$date":"2026-09-18T21:08:15.363+05:30"},"s":"I",  "c":"FTDC",     "id":20625,   "ctx":"initandlisten","msg":"Initializing full-time diagnostic data capture","attr":{"dataDirectory":"C:/Users/Muthu/AppData/Local/Temp/temp--d7551595-a0fe-4de7-9a9b-7bc4d27f26ac/mongod-database12694972754207383785/diagnostic.data"}}
2026-09-18T21:08:15.366+05:30  INFO 3100 --- [audio-deepcheck-backend-test] [       Thread-2] d.f.e.m.s.autoconfigure.EmbeddedMongo    : {"t":{"$date":"2026-09-18T21:08:15.366+05:30"},"s":"I",  "c":"STORAGE",  "id":20320,   "ctx":"initandlisten","msg":"createCollection","attr":{"namespace":"local.startup_log","uuidDisposition":"generated","uuid":{"uuid":{"$uuid":"3b5cbc99-464f-4c4b-a098-64d3e8c66918"}},"options":{"capped":true,"size":10485760}}}
2026-09-18T21:08:15.380+05:30  INFO 3100 --- [audio-deepcheck-backend-test] [       Thread-2] d.f.e.m.s.autoconfigure.EmbeddedMongo    : {"t":{"$date":"2026-09-18T21:08:15.380+05:30"},"s":"I",  "c":"INDEX",    "id":20345,   "ctx":"initandlisten","msg":"Index build: done building","attr":{"buildUUID":null,"collectionUUID":{"uuid":{"$uuid":"3b5cbc99-464f-4c4b-a098-64d3e8c66918"}},"namespace":"local.startup_log","index":"_id_","ident":"index-3--6825619568614521385","collectionIdent":"collection-2--6825619568614521385","commitTimestamp":null}}
2026-09-18T21:08:15.380+05:30  INFO 3100 --- [audio-deepcheck-backend-test] [       Thread-2] d.f.e.m.s.autoconfigure.EmbeddedMongo    : {"t":{"$date":"2026-09-18T21:08:15.380+05:30"},"s":"I",  "c":"REPL",     "id":6015317, "ctx":"initandlisten","msg":"Setting new configuration state","attr":{"newState":"ConfigReplicationDisabled","oldState":"ConfigPreStart"}}
2026-09-18T21:08:15.381+05:30  INFO 3100 --- [audio-deepcheck-backend-test] [       Thread-2] d.f.e.m.s.autoconfigure.EmbeddedMongo    : {"t":{"$date":"2026-09-18T21:08:15.380+05:30"},"s":"I",  "c":"STORAGE",  "id":22262,   "ctx":"initandlisten","msg":"Timestamp monitor starting"}
2026-09-18T21:08:15.384+05:30  INFO 3100 --- [audio-deepcheck-backend-test] [       Thread-2] d.f.e.m.s.autoconfigure.EmbeddedMongo    : {"t":{"$date":"2026-09-18T21:08:15.384+05:30"},"s":"I",  "c":"CONTROL",  "id":20712,   "ctx":"LogicalSessionCacheReap","msg":"Sessions collection is not set up; waiting until next sessions reap interval","attr":{"error":"NamespaceNotFound: config.system.sessions does not exist"}}
2026-09-18T21:08:15.385+05:30  INFO 3100 --- [audio-deepcheck-backend-test] [       Thread-2] d.f.e.m.s.autoconfigure.EmbeddedMongo    : {"t":{"$date":"2026-09-18T21:08:15.384+05:30"},"s":"I",  "c":"STORAGE",  "id":20320,   "ctx":"LogicalSessionCacheRefresh","msg":"createCollection","attr":{"namespace":"config.system.sessions","uuidDisposition":"generated","uuid":{"uuid":{"$uuid":"4e53fe5b-b322-4066-a4d8-c4f33241c043"}},"options":{}}}
2026-09-18T21:08:15.386+05:30  INFO 3100 --- [audio-deepcheck-backend-test] [       Thread-2] d.f.e.m.s.autoconfigure.EmbeddedMongo    : {"t":{"$date":"2026-09-18T21:08:15.385+05:30"},"s":"I",  "c":"NETWORK",  "id":23015,   "ctx":"listener","msg":"Listening on","attr":{"address":"127.0.0.1"}}
2026-09-18T21:08:15.386+05:30  INFO 3100 --- [audio-deepcheck-backend-test] [       Thread-2] d.f.e.m.s.autoconfigure.EmbeddedMongo    : {"t":{"$date":"2026-09-18T21:08:15.385+05:30"},"s":"I",  "c":"NETWORK",  "id":23016,   "ctx":"listener","msg":"Waiting for connections","attr":{"port":62387,"ssl":"off"}}
2026-09-18T21:08:15.398+05:30  INFO 3100 --- [audio-deepcheck-backend-test] [       Thread-2] d.f.e.m.s.autoconfigure.EmbeddedMongo    : {"t":{"$date":"2026-09-18T21:08:15.398+05:30"},"s":"I",  "c":"REPL",     "id":7360102, "ctx":"LogicalSessionCacheRefresh","msg":"Added oplog entry for create to transaction","attr":{"namespace":"config.$cmd","uuid":{"uuid":{"$uuid":"4e53fe5b-b322-4066-a4d8-c4f33241c043"}},"object":{"create":"system.sessions","idIndex":{"v":2,"key":{"_id":1},"name":"_id_"}}}}
2026-09-18T21:08:15.398+05:30  INFO 3100 --- [audio-deepcheck-backend-test] [       Thread-2] d.f.e.m.s.autoconfigure.EmbeddedMongo    : {"t":{"$date":"2026-09-18T21:08:15.398+05:30"},"s":"I",  "c":"REPL",     "id":7360100, "ctx":"LogicalSessionCacheRefresh","msg":"Added oplog entry for createIndexes to transaction","attr":{"namespace":"config.$cmd","uuid":{"uuid":{"$uuid":"4e53fe5b-b322-4066-a4d8-c4f33241c043"}},"object":{"createIndexes":"system.sessions","v":2,"key":{"lastUse":1},"name":"lsidTTLIndex","expireAfterSeconds":1800}}}
2026-09-18T21:08:15.404+05:30  INFO 3100 --- [audio-deepcheck-backend-test] [       Thread-2] d.f.e.m.s.autoconfigure.EmbeddedMongo    : {"t":{"$date":"2026-09-18T21:08:15.404+05:30"},"s":"I",  "c":"INDEX",    "id":20345,   "ctx":"LogicalSessionCacheRefresh","msg":"Index build: done building","attr":{"buildUUID":null,"collectionUUID":{"uuid":{"$uuid":"4e53fe5b-b322-4066-a4d8-c4f33241c043"}},"namespace":"config.system.sessions","index":"_id_","ident":"index-5--6825619568614521385","collectionIdent":"collection-4--6825619568614521385","commitTimestamp":null}}
2026-09-18T21:08:15.405+05:30  INFO 3100 --- [audio-deepcheck-backend-test] [       Thread-2] d.f.e.m.s.autoconfigure.EmbeddedMongo    : {"t":{"$date":"2026-09-18T21:08:15.405+05:30"},"s":"I",  "c":"INDEX",    "id":20345,   "ctx":"LogicalSessionCacheRefresh","msg":"Index build: done building","attr":{"buildUUID":null,"collectionUUID":{"uuid":{"$uuid":"4e53fe5b-b322-4066-a4d8-c4f33241c043"}},"namespace":"config.system.sessions","index":"lsidTTLIndex","ident":"index-6--6825619568614521385","collectionIdent":"collection-4--6825619568614521385","commitTimestamp":null}}
2026-09-18T21:08:15.723+05:30  INFO 3100 --- [audio-deepcheck-backend-test] [       Thread-2] d.f.e.m.s.autoconfigure.EmbeddedMongo    : {"t":{"$date":"2026-09-18T21:08:15.723+05:30"},"s":"I",  "c":"NETWORK",  "id":22943,   "ctx":"listener","msg":"Connection accepted","attr":{"remote":"127.0.0.1:62388","uuid":{"uuid":{"$uuid":"683c79a1-ca41-486c-97b5-0e7eb58ef5c1"}},"connectionId":1,"connectionCount":1}}
2026-09-18T21:08:15.725+05:30  INFO 3100 --- [audio-deepcheck-backend-test] [       Thread-2] d.f.e.m.s.autoconfigure.EmbeddedMongo    : {"t":{"$date":"2026-09-18T21:08:15.725+05:30"},"s":"I",  "c":"NETWORK",  "id":22943,   "ctx":"listener","msg":"Connection accepted","attr":{"remote":"127.0.0.1:62389","uuid":{"uuid":{"$uuid":"3ac6957d-3a78-43f7-a604-b1180a983de2"}},"connectionId":2,"connectionCount":2}}
2026-09-18T21:08:15.744+05:30  INFO 3100 --- [audio-deepcheck-backend-test] [       Thread-2] d.f.e.m.s.autoconfigure.EmbeddedMongo    : {"t":{"$date":"2026-09-18T21:08:15.745+05:30"},"s":"I",  "c":"NETWORK",  "id":51800,   "ctx":"conn1","msg":"client metadata","attr":{"remote":"127.0.0.1:62388","client":"conn1","doc":{"driver":{"name":"mongo-java-driver|sync|spring-boot","version":"5.0.1"},"os":{"type":"Windows","name":"Windows 11","architecture":"amd64","version":"10.0"},"platform":"Java/Oracle Corporation/25.0.2+10-LTS-69"}}}
2026-09-18T21:08:15.748+05:30  INFO 3100 --- [audio-deepcheck-backend-test] [       Thread-2] d.f.e.m.s.autoconfigure.EmbeddedMongo    : {"t":{"$date":"2026-09-18T21:08:15.748+05:30"},"s":"I",  "c":"NETWORK",  "id":51800,   "ctx":"conn2","msg":"client metadata","attr":{"remote":"127.0.0.1:62389","client":"conn2","doc":{"driver":{"name":"mongo-java-driver|sync|spring-boot","version":"5.0.1"},"os":{"type":"Windows","name":"Windows 11","architecture":"amd64","version":"10.0"},"platform":"Java/Oracle Corporation/25.0.2+10-LTS-69"}}}
2026-09-18T21:08:15.749+05:30  INFO 3100 --- [audio-deepcheck-backend-test] [           main] org.mongodb.driver.client                : MongoClient with metadata {"driver": {"name": "mongo-java-driver|sync|spring-boot", "version": "5.0.1"}, "os": {"type": "Windows", "name": "Windows 11", "architecture": "amd64", "version": "10.0"}, "platform": "Java/Oracle Corporation/25.0.2+10-LTS-69"} created with settings MongoClientSettings{readPreference=primary, writeConcern=WriteConcern{w=null, wTimeout=null ms, journal=null}, retryWrites=true, retryReads=true, readConcern=ReadConcern{level=null}, credential=null, transportSettings=null, commandListeners=[io.micrometer.core.instrument.binder.mongodb.MongoMetricsCommandListener@72646d16], codecRegistry=ProvidersCodecRegistry{codecProviders=[ValueCodecProvider{}, BsonValueCodecProvider{}, DBRefCodecProvider{}, DBObjectCodecProvider{}, DocumentCodecProvider{}, CollectionCodecProvider{}, IterableCodecProvider{}, MapCodecProvider{}, GeoJsonCodecProvider{}, GridFSFileCodecProvider{}, Jsr310CodecProvider{}, JsonObjectCodecProvider{}, BsonCodecProvider{}, EnumCodecProvider{}, com.mongodb.client.model.mql.ExpressionCodecProvider@6ec2d990, com.mongodb.Jep395RecordCodecProvider@1cfa7ee0, com.mongodb.KotlinCodecProvider@612290d]}, loggerSettings=LoggerSettings{maxDocumentLength=1000}, clusterSettings={hosts=[kubernetes.docker.internal:62387], srvServiceName=mongodb, mode=SINGLE, requiredClusterType=UNKNOWN, requiredReplicaSetName='null', serverSelector='null', clusterListeners='[]', serverSelectionTimeout='30000 ms', localThreshold='15 ms'}, socketSettings=SocketSettings{connectTimeoutMS=10000, readTimeoutMS=0, receiveBufferSize=0, proxySettings=ProxySettings{host=null, port=null, username=null, password=null}}, heartbeatSocketSettings=SocketSettings{connectTimeoutMS=10000, readTimeoutMS=10000, receiveBufferSize=0, proxySettings=ProxySettings{host=null, port=null, username=null, password=null}}, connectionPoolSettings=ConnectionPoolSettings{maxSize=100, minSize=0, maxWaitTimeMS=120000, maxConnectionLifeTimeMS=0, maxConnectionIdleTimeMS=0, maintenanceInitialDelayMS=0, maintenanceFrequencyMS=60000, connectionPoolListeners=[io.micrometer.core.instrument.binder.mongodb.MongoMetricsConnectionPoolListener@57cff804], maxConnecting=2}, serverSettings=ServerSettings{heartbeatFrequencyMS=10000, minHeartbeatFrequencyMS=500, serverListeners='[]', serverMonitorListeners='[]'}, sslSettings=SslSettings{enabled=false, invalidHostNameAllowed=false, context=null}, applicationName='null', compressorList=[], uuidRepresentation=JAVA_LEGACY, serverApi=null, autoEncryptionSettings=null, dnsClient=null, inetAddressResolver=null, contextProvider=null}
2026-09-18T21:08:15.779+05:30  INFO 3100 --- [audio-deepcheck-backend-test] [.internal:62387] org.mongodb.driver.cluster               : Monitor thread successfully connected to server with description ServerDescription{address=kubernetes.docker.internal:62387, type=STANDALONE, state=CONNECTED, ok=true, minWireVersion=0, maxWireVersion=21, maxDocumentSize=16777216, logicalSessionTimeoutMinutes=30, roundTripTimeNanos=49578700}
2026-09-18T21:08:16.648+05:30  INFO 3100 --- [audio-deepcheck-backend-test] [       Thread-2] d.f.e.m.s.autoconfigure.EmbeddedMongo    : {"t":{"$date":"2026-09-18T21:08:16.647+05:30"},"s":"I",  "c":"NETWORK",  "id":22943,   "ctx":"listener","msg":"Connection accepted","attr":{"remote":"127.0.0.1:62390","uuid":{"uuid":{"$uuid":"9e173076-e2d7-401d-94e2-e3ce7dad653d"}},"connectionId":3,"connectionCount":3}}
2026-09-18T21:08:16.649+05:30  INFO 3100 --- [audio-deepcheck-backend-test] [       Thread-2] d.f.e.m.s.autoconfigure.EmbeddedMongo    : {"t":{"$date":"2026-09-18T21:08:16.649+05:30"},"s":"I",  "c":"NETWORK",  "id":51800,   "ctx":"conn3","msg":"client metadata","attr":{"remote":"127.0.0.1:62390","client":"conn3","doc":{"driver":{"name":"mongo-java-driver|sync|spring-boot","version":"5.0.1"},"os":{"type":"Windows","name":"Windows 11","architecture":"amd64","version":"10.0"},"platform":"Java/Oracle Corporation/25.0.2+10-LTS-69"}}}
2026-09-18T21:08:16.683+05:30  INFO 3100 --- [audio-deepcheck-backend-test] [       Thread-2] d.f.e.m.s.autoconfigure.EmbeddedMongo    : {"t":{"$date":"2026-09-18T21:08:16.683+05:30"},"s":"I",  "c":"NETWORK",  "id":6788700, "ctx":"conn3","msg":"Received first command on ingress connection since session start or auth handshake","attr":{"elapsedMillis":33}}
2026-09-18T21:08:16.683+05:30  INFO 3100 --- [audio-deepcheck-backend-test] [       Thread-2] d.f.e.m.s.autoconfigure.EmbeddedMongo    : {"t":{"$date":"2026-09-18T21:08:16.683+05:30"},"s":"I",  "c":"STORAGE",  "id":20320,   "ctx":"conn3","msg":"createCollection","attr":{"namespace":"audio_deepcheck_test.call_sessions","uuidDisposition":"generated","uuid":{"uuid":{"$uuid":"366d7c8e-aeae-4fd2-b841-ca7fe14b287a"}},"options":{}}}
2026-09-18T21:08:16.705+05:30  INFO 3100 --- [audio-deepcheck-backend-test] [       Thread-2] d.f.e.m.s.autoconfigure.EmbeddedMongo    : {"t":{"$date":"2026-09-18T21:08:16.705+05:30"},"s":"I",  "c":"REPL",     "id":7360102, "ctx":"conn3","msg":"Added oplog entry for create to transaction","attr":{"namespace":"audio_deepcheck_test.$cmd","uuid":{"uuid":{"$uuid":"366d7c8e-aeae-4fd2-b841-ca7fe14b287a"}},"object":{"create":"call_sessions","idIndex":{"v":2,"key":{"_id":1},"name":"_id_"}}}}
2026-09-18T21:08:16.705+05:30  INFO 3100 --- [audio-deepcheck-backend-test] [       Thread-2] d.f.e.m.s.autoconfigure.EmbeddedMongo    : {"t":{"$date":"2026-09-18T21:08:16.705+05:30"},"s":"I",  "c":"REPL",     "id":7360100, "ctx":"conn3","msg":"Added oplog entry for createIndexes to transaction","attr":{"namespace":"audio_deepcheck_test.$cmd","uuid":{"uuid":{"$uuid":"366d7c8e-aeae-4fd2-b841-ca7fe14b287a"}},"object":{"createIndexes":"call_sessions","v":2,"key":{"status":1,"latestDecision":1,"createdAt":-1},"name":"status_decision_created_idx"}}}
2026-09-18T21:08:16.713+05:30  INFO 3100 --- [audio-deepcheck-backend-test] [       Thread-2] d.f.e.m.s.autoconfigure.EmbeddedMongo    : {"t":{"$date":"2026-09-18T21:08:16.713+05:30"},"s":"I",  "c":"INDEX",    "id":20345,   "ctx":"conn3","msg":"Index build: done building","attr":{"buildUUID":null,"collectionUUID":{"uuid":{"$uuid":"366d7c8e-aeae-4fd2-b841-ca7fe14b287a"}},"namespace":"audio_deepcheck_test.call_sessions","index":"_id_","ident":"index-8--6825619568614521385","collectionIdent":"collection-7--6825619568614521385","commitTimestamp":null}}
2026-09-18T21:08:16.713+05:30  INFO 3100 --- [audio-deepcheck-backend-test] [       Thread-2] d.f.e.m.s.autoconfigure.EmbeddedMongo    : {"t":{"$date":"2026-09-18T21:08:16.713+05:30"},"s":"I",  "c":"INDEX",    "id":20345,   "ctx":"conn3","msg":"Index build: done building","attr":{"buildUUID":null,"collectionUUID":{"uuid":{"$uuid":"366d7c8e-aeae-4fd2-b841-ca7fe14b287a"}},"namespace":"audio_deepcheck_test.call_sessions","index":"status_decision_created_idx","ident":"index-9--6825619568614521385","collectionIdent":"collection-7--6825619568614521385","commitTimestamp":null}}
2026-09-18T21:08:16.746+05:30  INFO 3100 --- [audio-deepcheck-backend-test] [       Thread-2] d.f.e.m.s.autoconfigure.EmbeddedMongo    : {"t":{"$date":"2026-09-18T21:08:16.746+05:30"},"s":"I",  "c":"INDEX",    "id":20438,   "ctx":"conn3","msg":"Index build: registering","attr":{"buildUUID":{"uuid":{"$uuid":"d71d55d4-b008-4f10-8d04-31b7bcd91737"}},"namespace":"audio_deepcheck_test.call_sessions","collectionUUID":{"uuid":{"$uuid":"366d7c8e-aeae-4fd2-b841-ca7fe14b287a"}},"indexes":1,"firstIndex":{"name":"callId"},"command":{"createIndexes":"call_sessions","v":2,"indexes":[{"key":{"callId":1},"name":"callId","unique":true}],"ignoreUnknownIndexOptions":false}}}
2026-09-18T21:08:16.748+05:30  INFO 3100 --- [audio-deepcheck-backend-test] [       Thread-2] d.f.e.m.s.autoconfigure.EmbeddedMongo    : {"t":{"$date":"2026-09-18T21:08:16.746+05:30"},"s":"I",  "c":"REPL",     "id":7360100, "ctx":"conn3","msg":"Added oplog entry for createIndexes to transaction","attr":{"namespace":"audio_deepcheck_test.$cmd","uuid":{"uuid":{"$uuid":"366d7c8e-aeae-4fd2-b841-ca7fe14b287a"}},"object":{"createIndexes":"call_sessions","v":2,"unique":true,"key":{"callId":1},"name":"callId"}}}
2026-09-18T21:08:16.757+05:30  INFO 3100 --- [audio-deepcheck-backend-test] [       Thread-2] d.f.e.m.s.autoconfigure.EmbeddedMongo    : {"t":{"$date":"2026-09-18T21:08:16.757+05:30"},"s":"I",  "c":"INDEX",    "id":20345,   "ctx":"conn3","msg":"Index build: done building","attr":{"buildUUID":null,"collectionUUID":{"uuid":{"$uuid":"366d7c8e-aeae-4fd2-b841-ca7fe14b287a"}},"namespace":"audio_deepcheck_test.call_sessions","index":"callId","ident":"index-10--6825619568614521385","collectionIdent":"collection-7--6825619568614521385","commitTimestamp":null}}
2026-09-18T21:08:16.758+05:30  INFO 3100 --- [audio-deepcheck-backend-test] [       Thread-2] d.f.e.m.s.autoconfigure.EmbeddedMongo    : {"t":{"$date":"2026-09-18T21:08:16.757+05:30"},"s":"I",  "c":"INDEX",    "id":20440,   "ctx":"conn3","msg":"Index build: waiting for index build to complete","attr":{"buildUUID":{"uuid":{"$uuid":"d71d55d4-b008-4f10-8d04-31b7bcd91737"}},"deadline":{"$date":{"$numberLong":"9223372036854775807"}}}}
2026-09-18T21:08:16.758+05:30  INFO 3100 --- [audio-deepcheck-backend-test] [       Thread-2] d.f.e.m.s.autoconfigure.EmbeddedMongo    : {"t":{"$date":"2026-09-18T21:08:16.757+05:30"},"s":"I",  "c":"INDEX",    "id":20447,   "ctx":"conn3","msg":"Index build: completed","attr":{"buildUUID":{"uuid":{"$uuid":"d71d55d4-b008-4f10-8d04-31b7bcd91737"}}}}
2026-09-18T21:08:16.763+05:30  INFO 3100 --- [audio-deepcheck-backend-test] [       Thread-2] d.f.e.m.s.autoconfigure.EmbeddedMongo    : {"t":{"$date":"2026-09-18T21:08:16.762+05:30"},"s":"I",  "c":"INDEX",    "id":20438,   "ctx":"conn3","msg":"Index build: registering","attr":{"buildUUID":{"uuid":{"$uuid":"488b749b-81e4-4b86-b886-499054b670b8"}},"namespace":"audio_deepcheck_test.call_sessions","collectionUUID":{"uuid":{"$uuid":"366d7c8e-aeae-4fd2-b841-ca7fe14b287a"}},"indexes":1,"firstIndex":{"name":"caller"},"command":{"createIndexes":"call_sessions","v":2,"indexes":[{"key":{"caller":1},"name":"caller"}],"ignoreUnknownIndexOptions":false}}}
2026-09-18T21:08:16.763+05:30  INFO 3100 --- [audio-deepcheck-backend-test] [       Thread-2] d.f.e.m.s.autoconfigure.EmbeddedMongo    : {"t":{"$date":"2026-09-18T21:08:16.763+05:30"},"s":"I",  "c":"REPL",     "id":7360100, "ctx":"conn3","msg":"Added oplog entry for createIndexes to transaction","attr":{"namespace":"audio_deepcheck_test.$cmd","uuid":{"uuid":{"$uuid":"366d7c8e-aeae-4fd2-b841-ca7fe14b287a"}},"object":{"createIndexes":"call_sessions","v":2,"key":{"caller":1},"name":"caller"}}}
2026-09-18T21:08:16.771+05:30  INFO 3100 --- [audio-deepcheck-backend-test] [       Thread-2] d.f.e.m.s.autoconfigure.EmbeddedMongo    : {"t":{"$date":"2026-09-18T21:08:16.770+05:30"},"s":"I",  "c":"INDEX",    "id":20345,   "ctx":"conn3","msg":"Index build: done building","attr":{"buildUUID":null,"collectionUUID":{"uuid":{"$uuid":"366d7c8e-aeae-4fd2-b841-ca7fe14b287a"}},"namespace":"audio_deepcheck_test.call_sessions","index":"caller","ident":"index-11--6825619568614521385","collectionIdent":"collection-7--6825619568614521385","commitTimestamp":null}}
2026-09-18T21:08:16.771+05:30  INFO 3100 --- [audio-deepcheck-backend-test] [       Thread-2] d.f.e.m.s.autoconfigure.EmbeddedMongo    : {"t":{"$date":"2026-09-18T21:08:16.771+05:30"},"s":"I",  "c":"INDEX",    "id":20440,   "ctx":"conn3","msg":"Index build: waiting for index build to complete","attr":{"buildUUID":{"uuid":{"$uuid":"488b749b-81e4-4b86-b886-499054b670b8"}},"deadline":{"$date":{"$numberLong":"9223372036854775807"}}}}
2026-09-18T21:08:16.772+05:30  INFO 3100 --- [audio-deepcheck-backend-test] [       Thread-2] d.f.e.m.s.autoconfigure.EmbeddedMongo    : {"t":{"$date":"2026-09-18T21:08:16.771+05:30"},"s":"I",  "c":"INDEX",    "id":20447,   "ctx":"conn3","msg":"Index build: completed","attr":{"buildUUID":{"uuid":{"$uuid":"488b749b-81e4-4b86-b886-499054b670b8"}}}}
2026-09-18T21:08:16.775+05:30  INFO 3100 --- [audio-deepcheck-backend-test] [       Thread-2] d.f.e.m.s.autoconfigure.EmbeddedMongo    : {"t":{"$date":"2026-09-18T21:08:16.775+05:30"},"s":"I",  "c":"INDEX",    "id":20438,   "ctx":"conn3","msg":"Index build: registering","attr":{"buildUUID":{"uuid":{"$uuid":"135ea089-0489-4b91-818d-9a385e4aa190"}},"namespace":"audio_deepcheck_test.call_sessions","collectionUUID":{"uuid":{"$uuid":"366d7c8e-aeae-4fd2-b841-ca7fe14b287a"}},"indexes":1,"firstIndex":{"name":"receiver"},"command":{"createIndexes":"call_sessions","v":2,"indexes":[{"key":{"receiver":1},"name":"receiver"}],"ignoreUnknownIndexOptions":false}}}
2026-09-18T21:08:16.776+05:30  INFO 3100 --- [audio-deepcheck-backend-test] [       Thread-2] d.f.e.m.s.autoconfigure.EmbeddedMongo    : {"t":{"$date":"2026-09-18T21:08:16.775+05:30"},"s":"I",  "c":"REPL",     "id":7360100, "ctx":"conn3","msg":"Added oplog entry for createIndexes to transaction","attr":{"namespace":"audio_deepcheck_test.$cmd","uuid":{"uuid":{"$uuid":"366d7c8e-aeae-4fd2-b841-ca7fe14b287a"}},"object":{"createIndexes":"call_sessions","v":2,"key":{"receiver":1},"name":"receiver"}}}
2026-09-18T21:08:16.790+05:30  INFO 3100 --- [audio-deepcheck-backend-test] [       Thread-2] d.f.e.m.s.autoconfigure.EmbeddedMongo    : {"t":{"$date":"2026-09-18T21:08:16.783+05:30"},"s":"I",  "c":"INDEX",    "id":20345,   "ctx":"conn3","msg":"Index build: done building","attr":{"buildUUID":null,"collectionUUID":{"uuid":{"$uuid":"366d7c8e-aeae-4fd2-b841-ca7fe14b287a"}},"namespace":"audio_deepcheck_test.call_sessions","index":"receiver","ident":"index-12--6825619568614521385","collectionIdent":"collection-7--6825619568614521385","commitTimestamp":null}}
2026-09-18T21:08:16.791+05:30  INFO 3100 --- [audio-deepcheck-backend-test] [       Thread-2] d.f.e.m.s.autoconfigure.EmbeddedMongo    : {"t":{"$date":"2026-09-18T21:08:16.784+05:30"},"s":"I",  "c":"INDEX",    "id":20440,   "ctx":"conn3","msg":"Index build: waiting for index build to complete","attr":{"buildUUID":{"uuid":{"$uuid":"135ea089-0489-4b91-818d-9a385e4aa190"}},"deadline":{"$date":{"$numberLong":"9223372036854775807"}}}}
2026-09-18T21:08:16.793+05:30  INFO 3100 --- [audio-deepcheck-backend-test] [       Thread-2] d.f.e.m.s.autoconfigure.EmbeddedMongo    : {"t":{"$date":"2026-09-18T21:08:16.784+05:30"},"s":"I",  "c":"INDEX",    "id":20447,   "ctx":"conn3","msg":"Index build: completed","attr":{"buildUUID":{"uuid":{"$uuid":"135ea089-0489-4b91-818d-9a385e4aa190"}}}}
2026-09-18T21:08:16.794+05:30  INFO 3100 --- [audio-deepcheck-backend-test] [       Thread-2] d.f.e.m.s.autoconfigure.EmbeddedMongo    : {"t":{"$date":"2026-09-18T21:08:16.795+05:30"},"s":"I",  "c":"INDEX",    "id":20438,   "ctx":"conn3","msg":"Index build: registering","attr":{"buildUUID":{"uuid":{"$uuid":"4176f76a-1922-4abd-862d-76bdd34c3d74"}},"namespace":"audio_deepcheck_test.call_sessions","collectionUUID":{"uuid":{"$uuid":"366d7c8e-aeae-4fd2-b841-ca7fe14b287a"}},"indexes":1,"firstIndex":{"name":"status"},"command":{"createIndexes":"call_sessions","v":2,"indexes":[{"key":{"status":1},"name":"status"}],"ignoreUnknownIndexOptions":false}}}
2026-09-18T21:08:16.795+05:30  INFO 3100 --- [audio-deepcheck-backend-test] [       Thread-2] d.f.e.m.s.autoconfigure.EmbeddedMongo    : {"t":{"$date":"2026-09-18T21:08:16.795+05:30"},"s":"I",  "c":"REPL",     "id":7360100, "ctx":"conn3","msg":"Added oplog entry for createIndexes to transaction","attr":{"namespace":"audio_deepcheck_test.$cmd","uuid":{"uuid":{"$uuid":"366d7c8e-aeae-4fd2-b841-ca7fe14b287a"}},"object":{"createIndexes":"call_sessions","v":2,"key":{"status":1},"name":"status"}}}
2026-09-18T21:08:16.805+05:30  INFO 3100 --- [audio-deepcheck-backend-test] [       Thread-2] d.f.e.m.s.autoconfigure.EmbeddedMongo    : {"t":{"$date":"2026-09-18T21:08:16.805+05:30"},"s":"I",  "c":"INDEX",    "id":20345,   "ctx":"conn3","msg":"Index build: done building","attr":{"buildUUID":null,"collectionUUID":{"uuid":{"$uuid":"366d7c8e-aeae-4fd2-b841-ca7fe14b287a"}},"namespace":"audio_deepcheck_test.call_sessions","index":"status","ident":"index-13--6825619568614521385","collectionIdent":"collection-7--6825619568614521385","commitTimestamp":null}}
2026-09-18T21:08:16.805+05:30  INFO 3100 --- [audio-deepcheck-backend-test] [       Thread-2] d.f.e.m.s.autoconfigure.EmbeddedMongo    : {"t":{"$date":"2026-09-18T21:08:16.805+05:30"},"s":"I",  "c":"INDEX",    "id":20440,   "ctx":"conn3","msg":"Index build: waiting for index build to complete","attr":{"buildUUID":{"uuid":{"$uuid":"4176f76a-1922-4abd-862d-76bdd34c3d74"}},"deadline":{"$date":{"$numberLong":"9223372036854775807"}}}}
2026-09-18T21:08:16.806+05:30  INFO 3100 --- [audio-deepcheck-backend-test] [       Thread-2] d.f.e.m.s.autoconfigure.EmbeddedMongo    : {"t":{"$date":"2026-09-18T21:08:16.805+05:30"},"s":"I",  "c":"INDEX",    "id":20447,   "ctx":"conn3","msg":"Index build: completed","attr":{"buildUUID":{"uuid":{"$uuid":"4176f76a-1922-4abd-862d-76bdd34c3d74"}}}}
2026-09-18T21:08:16.809+05:30  INFO 3100 --- [audio-deepcheck-backend-test] [       Thread-2] d.f.e.m.s.autoconfigure.EmbeddedMongo    : {"t":{"$date":"2026-09-18T21:08:16.809+05:30"},"s":"I",  "c":"INDEX",    "id":20438,   "ctx":"conn3","msg":"Index build: registering","attr":{"buildUUID":{"uuid":{"$uuid":"bb8e74ba-196a-47fc-86f8-69a766cc6e94"}},"namespace":"audio_deepcheck_test.call_sessions","collectionUUID":{"uuid":{"$uuid":"366d7c8e-aeae-4fd2-b841-ca7fe14b287a"}},"indexes":1,"firstIndex":{"name":"createdAt"},"command":{"createIndexes":"call_sessions","v":2,"indexes":[{"key":{"createdAt":1},"name":"createdAt"}],"ignoreUnknownIndexOptions":false}}}
2026-09-18T21:08:16.810+05:30  INFO 3100 --- [audio-deepcheck-backend-test] [       Thread-2] d.f.e.m.s.autoconfigure.EmbeddedMongo    : {"t":{"$date":"2026-09-18T21:08:16.809+05:30"},"s":"I",  "c":"REPL",     "id":7360100, "ctx":"conn3","msg":"Added oplog entry for createIndexes to transaction","attr":{"namespace":"audio_deepcheck_test.$cmd","uuid":{"uuid":{"$uuid":"366d7c8e-aeae-4fd2-b841-ca7fe14b287a"}},"object":{"createIndexes":"call_sessions","v":2,"key":{"createdAt":1},"name":"createdAt"}}}
2026-09-18T21:08:16.817+05:30  INFO 3100 --- [audio-deepcheck-backend-test] [       Thread-2] d.f.e.m.s.autoconfigure.EmbeddedMongo    : {"t":{"$date":"2026-09-18T21:08:16.817+05:30"},"s":"I",  "c":"INDEX",    "id":20345,   "ctx":"conn3","msg":"Index build: done building","attr":{"buildUUID":null,"collectionUUID":{"uuid":{"$uuid":"366d7c8e-aeae-4fd2-b841-ca7fe14b287a"}},"namespace":"audio_deepcheck_test.call_sessions","index":"createdAt","ident":"index-14--6825619568614521385","collectionIdent":"collection-7--6825619568614521385","commitTimestamp":null}}
2026-09-18T21:08:16.818+05:30  INFO 3100 --- [audio-deepcheck-backend-test] [       Thread-2] d.f.e.m.s.autoconfigure.EmbeddedMongo    : {"t":{"$date":"2026-09-18T21:08:16.817+05:30"},"s":"I",  "c":"INDEX",    "id":20440,   "ctx":"conn3","msg":"Index build: waiting for index build to complete","attr":{"buildUUID":{"uuid":{"$uuid":"bb8e74ba-196a-47fc-86f8-69a766cc6e94"}},"deadline":{"$date":{"$numberLong":"9223372036854775807"}}}}
2026-09-18T21:08:16.818+05:30  INFO 3100 --- [audio-deepcheck-backend-test] [       Thread-2] d.f.e.m.s.autoconfigure.EmbeddedMongo    : {"t":{"$date":"2026-09-18T21:08:16.817+05:30"},"s":"I",  "c":"INDEX",    "id":20447,   "ctx":"conn3","msg":"Index build: completed","attr":{"buildUUID":{"uuid":{"$uuid":"bb8e74ba-196a-47fc-86f8-69a766cc6e94"}}}}
2026-09-18T21:08:16.821+05:30  INFO 3100 --- [audio-deepcheck-backend-test] [       Thread-2] d.f.e.m.s.autoconfigure.EmbeddedMongo    : {"t":{"$date":"2026-09-18T21:08:16.821+05:30"},"s":"I",  "c":"INDEX",    "id":20438,   "ctx":"conn3","msg":"Index build: registering","attr":{"buildUUID":{"uuid":{"$uuid":"4d689267-f09e-4009-b90a-53c62cbc2b96"}},"namespace":"audio_deepcheck_test.call_sessions","collectionUUID":{"uuid":{"$uuid":"366d7c8e-aeae-4fd2-b841-ca7fe14b287a"}},"indexes":1,"firstIndex":{"name":"latestDecision"},"command":{"createIndexes":"call_sessions","v":2,"indexes":[{"key":{"latestDecision":1},"name":"latestDecision"}],"ignoreUnknownIndexOptions":false}}}
2026-09-18T21:08:16.822+05:30  INFO 3100 --- [audio-deepcheck-backend-test] [       Thread-2] d.f.e.m.s.autoconfigure.EmbeddedMongo    : {"t":{"$date":"2026-09-18T21:08:16.822+05:30"},"s":"I",  "c":"REPL",     "id":7360100, "ctx":"conn3","msg":"Added oplog entry for createIndexes to transaction","attr":{"namespace":"audio_deepcheck_test.$cmd","uuid":{"uuid":{"$uuid":"366d7c8e-aeae-4fd2-b841-ca7fe14b287a"}},"object":{"createIndexes":"call_sessions","v":2,"key":{"latestDecision":1},"name":"latestDecision"}}}
2026-09-18T21:08:16.828+05:30  INFO 3100 --- [audio-deepcheck-backend-test] [       Thread-2] d.f.e.m.s.autoconfigure.EmbeddedMongo    : {"t":{"$date":"2026-09-18T21:08:16.829+05:30"},"s":"I",  "c":"INDEX",    "id":20345,   "ctx":"conn3","msg":"Index build: done building","attr":{"buildUUID":null,"collectionUUID":{"uuid":{"$uuid":"366d7c8e-aeae-4fd2-b841-ca7fe14b287a"}},"namespace":"audio_deepcheck_test.call_sessions","index":"latestDecision","ident":"index-15--6825619568614521385","collectionIdent":"collection-7--6825619568614521385","commitTimestamp":null}}
2026-09-18T21:08:16.830+05:30  INFO 3100 --- [audio-deepcheck-backend-test] [       Thread-2] d.f.e.m.s.autoconfigure.EmbeddedMongo    : {"t":{"$date":"2026-09-18T21:08:16.830+05:30"},"s":"I",  "c":"INDEX",    "id":20440,   "ctx":"conn3","msg":"Index build: waiting for index build to complete","attr":{"buildUUID":{"uuid":{"$uuid":"4d689267-f09e-4009-b90a-53c62cbc2b96"}},"deadline":{"$date":{"$numberLong":"9223372036854775807"}}}}
2026-09-18T21:08:16.830+05:30  INFO 3100 --- [audio-deepcheck-backend-test] [       Thread-2] d.f.e.m.s.autoconfigure.EmbeddedMongo    : {"t":{"$date":"2026-09-18T21:08:16.830+05:30"},"s":"I",  "c":"INDEX",    "id":20447,   "ctx":"conn3","msg":"Index build: completed","attr":{"buildUUID":{"uuid":{"$uuid":"4d689267-f09e-4009-b90a-53c62cbc2b96"}}}}
2026-09-18T21:08:16.845+05:30  INFO 3100 --- [audio-deepcheck-backend-test] [       Thread-2] d.f.e.m.s.autoconfigure.EmbeddedMongo    : {"t":{"$date":"2026-09-18T21:08:16.845+05:30"},"s":"I",  "c":"STORAGE",  "id":20320,   "ctx":"conn3","msg":"createCollection","attr":{"namespace":"audio_deepcheck_test.analysis_results","uuidDisposition":"generated","uuid":{"uuid":{"$uuid":"975a2f95-9943-40bd-b4ed-065123f82270"}},"options":{}}}
2026-09-18T21:08:16.863+05:30  INFO 3100 --- [audio-deepcheck-backend-test] [       Thread-2] d.f.e.m.s.autoconfigure.EmbeddedMongo    : {"t":{"$date":"2026-09-18T21:08:16.863+05:30"},"s":"I",  "c":"REPL",     "id":7360102, "ctx":"conn3","msg":"Added oplog entry for create to transaction","attr":{"namespace":"audio_deepcheck_test.$cmd","uuid":{"uuid":{"$uuid":"975a2f95-9943-40bd-b4ed-065123f82270"}},"object":{"create":"analysis_results","idIndex":{"v":2,"key":{"_id":1},"name":"_id_"}}}}
2026-09-18T21:08:16.863+05:30  INFO 3100 --- [audio-deepcheck-backend-test] [       Thread-2] d.f.e.m.s.autoconfigure.EmbeddedMongo    : {"t":{"$date":"2026-09-18T21:08:16.863+05:30"},"s":"I",  "c":"REPL",     "id":7360100, "ctx":"conn3","msg":"Added oplog entry for createIndexes to transaction","attr":{"namespace":"audio_deepcheck_test.$cmd","uuid":{"uuid":{"$uuid":"975a2f95-9943-40bd-b4ed-065123f82270"}},"object":{"createIndexes":"analysis_results","v":2,"unique":true,"key":{"callId":1},"name":"callId"}}}
2026-09-18T21:08:16.873+05:30  INFO 3100 --- [audio-deepcheck-backend-test] [       Thread-2] d.f.e.m.s.autoconfigure.EmbeddedMongo    : {"t":{"$date":"2026-09-18T21:08:16.873+05:30"},"s":"I",  "c":"INDEX",    "id":20345,   "ctx":"conn3","msg":"Index build: done building","attr":{"buildUUID":null,"collectionUUID":{"uuid":{"$uuid":"975a2f95-9943-40bd-b4ed-065123f82270"}},"namespace":"audio_deepcheck_test.analysis_results","index":"_id_","ident":"index-17--6825619568614521385","collectionIdent":"collection-16--6825619568614521385","commitTimestamp":null}}
2026-09-18T21:08:16.873+05:30  INFO 3100 --- [audio-deepcheck-backend-test] [       Thread-2] d.f.e.m.s.autoconfigure.EmbeddedMongo    : {"t":{"$date":"2026-09-18T21:08:16.873+05:30"},"s":"I",  "c":"INDEX",    "id":20345,   "ctx":"conn3","msg":"Index build: done building","attr":{"buildUUID":null,"collectionUUID":{"uuid":{"$uuid":"975a2f95-9943-40bd-b4ed-065123f82270"}},"namespace":"audio_deepcheck_test.analysis_results","index":"callId","ident":"index-18--6825619568614521385","collectionIdent":"collection-16--6825619568614521385","commitTimestamp":null}}
2026-09-18T21:08:16.877+05:30  INFO 3100 --- [audio-deepcheck-backend-test] [       Thread-2] d.f.e.m.s.autoconfigure.EmbeddedMongo    : {"t":{"$date":"2026-09-18T21:08:16.877+05:30"},"s":"I",  "c":"INDEX",    "id":20438,   "ctx":"conn3","msg":"Index build: registering","attr":{"buildUUID":{"uuid":{"$uuid":"fcaa66b4-848d-4d82-af91-c7218fd62eac"}},"namespace":"audio_deepcheck_test.analysis_results","collectionUUID":{"uuid":{"$uuid":"975a2f95-9943-40bd-b4ed-065123f82270"}},"indexes":1,"firstIndex":{"name":"createdAt"},"command":{"createIndexes":"analysis_results","v":2,"indexes":[{"key":{"createdAt":1},"name":"createdAt"}],"ignoreUnknownIndexOptions":false}}}
2026-09-18T21:08:16.878+05:30  INFO 3100 --- [audio-deepcheck-backend-test] [       Thread-2] d.f.e.m.s.autoconfigure.EmbeddedMongo    : {"t":{"$date":"2026-09-18T21:08:16.877+05:30"},"s":"I",  "c":"REPL",     "id":7360100, "ctx":"conn3","msg":"Added oplog entry for createIndexes to transaction","attr":{"namespace":"audio_deepcheck_test.$cmd","uuid":{"uuid":{"$uuid":"975a2f95-9943-40bd-b4ed-065123f82270"}},"object":{"createIndexes":"analysis_results","v":2,"key":{"createdAt":1},"name":"createdAt"}}}
2026-09-18T21:08:16.886+05:30  INFO 3100 --- [audio-deepcheck-backend-test] [       Thread-2] d.f.e.m.s.autoconfigure.EmbeddedMongo    : {"t":{"$date":"2026-09-18T21:08:16.886+05:30"},"s":"I",  "c":"INDEX",    "id":20345,   "ctx":"conn3","msg":"Index build: done building","attr":{"buildUUID":null,"collectionUUID":{"uuid":{"$uuid":"975a2f95-9943-40bd-b4ed-065123f82270"}},"namespace":"audio_deepcheck_test.analysis_results","index":"createdAt","ident":"index-19--6825619568614521385","collectionIdent":"collection-16--6825619568614521385","commitTimestamp":null}}
2026-09-18T21:08:16.886+05:30  INFO 3100 --- [audio-deepcheck-backend-test] [       Thread-2] d.f.e.m.s.autoconfigure.EmbeddedMongo    : {"t":{"$date":"2026-09-18T21:08:16.886+05:30"},"s":"I",  "c":"INDEX",    "id":20440,   "ctx":"conn3","msg":"Index build: waiting for index build to complete","attr":{"buildUUID":{"uuid":{"$uuid":"fcaa66b4-848d-4d82-af91-c7218fd62eac"}},"deadline":{"$date":{"$numberLong":"9223372036854775807"}}}}
2026-09-18T21:08:16.887+05:30  INFO 3100 --- [audio-deepcheck-backend-test] [       Thread-2] d.f.e.m.s.autoconfigure.EmbeddedMongo    : {"t":{"$date":"2026-09-18T21:08:16.886+05:30"},"s":"I",  "c":"INDEX",    "id":20447,   "ctx":"conn3","msg":"Index build: completed","attr":{"buildUUID":{"uuid":{"$uuid":"fcaa66b4-848d-4d82-af91-c7218fd62eac"}}}}
2026-09-18T21:08:19.040+05:30  INFO 3100 --- [audio-deepcheck-backend-test] [           main] o.s.b.a.e.web.EndpointLinksResolver      : Exposing 1 endpoint beneath base path '/actuator'
2026-09-18T21:08:19.255+05:30  INFO 3100 --- [audio-deepcheck-backend-test] [           main] o.s.b.w.embedded.tomcat.TomcatWebServer  : Tomcat started on port 62391 (http) with context path '/'
2026-09-18T21:08:19.284+05:30  INFO 3100 --- [audio-deepcheck-backend-test] [           main] c.a.backend.CallFlowIntegrationTest      : Started CallFlowIntegrationTest in 12.671 seconds (process running for 15.165)
2026-09-18T21:08:19.906+05:30  INFO 3100 --- [audio-deepcheck-backend-test] [o-auto-1-exec-1] o.a.c.c.C.[Tomcat].[localhost].[/]       : Initializing Spring DispatcherServlet 'dispatcherServlet'
2026-09-18T21:08:19.906+05:30  INFO 3100 --- [audio-deepcheck-backend-test] [o-auto-1-exec-1] o.s.web.servlet.DispatcherServlet        : Initializing Servlet 'dispatcherServlet'
2026-09-18T21:08:19.909+05:30  INFO 3100 --- [audio-deepcheck-backend-test] [o-auto-1-exec-1] o.s.web.servlet.DispatcherServlet        : Completed initialization in 2 ms
2026-09-18T21:08:20.722+05:30  INFO 3100 --- [audio-deepcheck-backend-test] [o-auto-1-exec-3] c.a.backend.service.CallAnalysisService  : Dispatching audio analysis for callId=CALL-1001, seq=1, reqId=req-e2e-client
2026-09-18T21:08:20.850+05:30  INFO 3100 --- [audio-deepcheck-backend-test] [o-auto-1-exec-3] c.a.backend.service.CallAnalysisService  : Analysis completed for callId=CALL-1001, decision=AI_GENERATED, strength=0.4121
]]></system-out>
  </testcase>
</testsuite>