<?xml version="1.0" encoding="UTF-8"?>
<testsuite xmlns:xsi="http://www.w3.org/2001/XMLSchema-instance" xsi:noNamespaceSchemaLocation="https://maven.apache.org/surefire/maven-surefire-plugin/xsd/surefire-test-report-3.0.xsd" version="3.0" name="com.audiodeepcheck.backend.CallFlowIntegrationTest" time="16.157" tests="1" errors="0" skipped="0" failures="0">
  <properties>
[...]
</properties>
  <testcase name="testFullCallLifecycleWorkflow" classname="com.audiodeepcheck.backend.CallFlowIntegrationTest" time="1.567">
    <system-out><![CDATA[07:29:29.041 [main] INFO org.springframework.test.context.support.AnnotationConfigContextLoaderUtils -- Could not detect default configuration classes for test class [com.audiodeepcheck.backend.CallFlowIntegrationTest]: CallFlowIntegrationTest does not declare any static, non-private, non-final, nested classes annotated with @Configuration.
07:29:29.329 [main] INFO org.springframework.boot.test.context.SpringBootTestContextBootstrapper -- Found @SpringBootConfiguration com.audiodeepcheck.backend.BackendApplication for test class com.audiodeepcheck.backend.CallFlowIntegrationTest

  .   ____          _            __ _ _
 /\\ / ___'_ __ _ _(_)_ __  __ _ \ \ \ \
( ( )\___ | '_ | '_| | '_ \/ _` | \ \ \ \
 \\/  ___)| |_)| | | | | || (_| |  ) ) ) )
  '  |____| .__|_| |_|_| |_\__, | / / / /
 =========|_|==============|___/=/_/_/_/

 :: Spring Boot ::                (v3.3.4)

2026-09-19T07:29:30.642+05:30  INFO 18904 --- [audio-deepcheck-backend-test] [           main] c.a.backend.CallFlowIntegrationTest      : Starting CallFlowIntegrationTest using Java 25.0.2 with PID 18904 (started by Muthu in D:\Git\Audio-DeepCheck\Backend)
2026-09-19T07:29:30.644+05:30  INFO 18904 --- [audio-deepcheck-backend-test] [           main] c.a.backend.CallFlowIntegrationTest      : The following 1 profile is active: "development"
2026-09-19T07:29:33.148+05:30  INFO 18904 --- [audio-deepcheck-backend-test] [           main] .s.d.r.c.RepositoryConfigurationDelegate : Bootstrapping Spring Data MongoDB repositories in DEFAULT mode.
2026-09-19T07:29:33.316+05:30  INFO 18904 --- [audio-deepcheck-backend-test] [           main] .s.d.r.c.RepositoryConfigurationDelegate : Finished Spring Data repository scanning in 155 ms. Found 2 MongoDB repository interfaces.
2026-09-19T07:29:35.874+05:30  WARN 18904 --- [audio-deepcheck-backend-test] [           main] trationDelegate$BeanPostProcessorChecker : Bean 'de.flapdoodle.embed.mongo.spring.autoconfigure.EmbeddedMongoAutoConfiguration' of type [de.flapdoodle.embed.mongo.spring.autoconfigure.EmbeddedMongoAutoConfiguration] is not eligible for getting processed by all BeanPostProcessors (for example: not eligible for auto-proxying). The currently created BeanPostProcessor [fixTransactionAndAuth] is declared through a non-static factory method on that class; consider declaring it as static instead.
2026-09-19T07:29:35.912+05:30  WARN 18904 --- [audio-deepcheck-backend-test] [           main] trationDelegate$BeanPostProcessorChecker : Bean 'de.flapdoodle.mongodb.embedded-de.flapdoodle.embed.mongo.spring.autoconfigure.EmbeddedMongoProperties' of type [de.flapdoodle.embed.mongo.spring.autoconfigure.EmbeddedMongoProperties] is not eligible for getting processed by all BeanPostProcessors (for example: not eligible for auto-proxying). Is this bean getting eagerly injected into a currently created BeanPostProcessor [fixTransactionAndAuth]? Check the corresponding BeanPostProcessor declaration and its dependencies.
2026-09-19T07:29:35.999+05:30  WARN 18904 --- [audio-deepcheck-backend-test] [           main] trationDelegate$BeanPostProcessorChecker : Bean 'net' of type [de.flapdoodle.embed.mongo.config.ImmutableNet] is not eligible for getting processed by all BeanPostProcessors (for example: not eligible for auto-proxying). Is this bean getting eagerly injected into a currently created BeanPostProcessor [fixTransactionAndAuth]? Check the corresponding BeanPostProcessor declaration and its dependencies.
2026-09-19T07:29:36.011+05:30  WARN 18904 --- [audio-deepcheck-backend-test] [           main] trationDelegate$BeanPostProcessorChecker : Bean 'spring.data.mongodb-org.springframework.boot.autoconfigure.mongo.MongoProperties' of type [org.springframework.boot.autoconfigure.mongo.MongoProperties] is not eligible for getting processed by all BeanPostProcessors (for example: not eligible for auto-proxying). Is this bean getting eagerly injected into a currently created BeanPostProcessor [fixTransactionAndAuth]? Check the corresponding BeanPostProcessor declaration and its dependencies.
2026-09-19T07:29:36.651+05:30  INFO 18904 --- [audio-deepcheck-backend-test] [           main] o.s.b.w.embedded.tomcat.TomcatWebServer  : Tomcat initialized with port 0 (http)
2026-09-19T07:29:36.683+05:30  INFO 18904 --- [audio-deepcheck-backend-test] [           main] o.apache.catalina.core.StandardService   : Starting service [Tomcat]
2026-09-19T07:29:36.684+05:30  INFO 18904 --- [audio-deepcheck-backend-test] [           main] o.apache.catalina.core.StandardEngine    : Starting Servlet engine: [Apache Tomcat/10.1.30]
2026-09-19T07:29:36.809+05:30  INFO 18904 --- [audio-deepcheck-backend-test] [           main] o.a.c.c.C.[Tomcat].[localhost].[/]       : Initializing Spring embedded WebApplicationContext
2026-09-19T07:29:36.810+05:30  INFO 18904 --- [audio-deepcheck-backend-test] [           main] w.s.c.ServletWebServerApplicationContext : Root WebApplicationContext: initialization completed in 6119 ms
2026-09-19T07:29:37.434+05:30  INFO 18904 --- [audio-deepcheck-backend-test] [           main] d.f.e.m.s.a.SyncClientServerFactory      : sync server factory
2026-09-19T07:29:38.156+05:30  INFO 18904 --- [audio-deepcheck-backend-test] [       Thread-2] d.f.e.m.s.autoconfigure.EmbeddedMongo    : {"t":{"$date":"2026-09-19T07:29:38.154+05:30"},"s":"I",  "c":"NETWORK",  "id":4915701, "ctx":"thread1","msg":"Initialized wire specification","attr":{"spec":{"incomingExternalClient":{"minWireVersion":0,"maxWireVersion":21},"incomingInternalClient":{"minWireVersion":0,"maxWireVersion":21},"outgoing":{"minWireVersion":6,"maxWireVersion":21},"isInternalClient":true}}}
2026-09-19T07:29:38.159+05:30  INFO 18904 --- [audio-deepcheck-backend-test] [       Thread-2] d.f.e.m.s.autoconfigure.EmbeddedMongo    : {"t":{"$date":"2026-09-19T07:29:38.157+05:30"},"s":"I",  "c":"CONTROL",  "id":23285,   "ctx":"thread1","msg":"Automatically disabling TLS 1.0, to force-enable TLS 1.0 specify --sslDisabledProtocols 'none'"}
2026-09-19T07:29:38.165+05:30  INFO 18904 --- [audio-deepcheck-backend-test] [       Thread-2] d.f.e.m.s.autoconfigure.EmbeddedMongo    : {"t":{"$date":"2026-09-19T07:29:38.165+05:30"},"s":"I",  "c":"NETWORK",  "id":4648602, "ctx":"thread1","msg":"Implicit TCP FastOpen in use."}
2026-09-19T07:29:38.168+05:30  INFO 18904 --- [audio-deepcheck-backend-test] [       Thread-2] d.f.e.m.s.autoconfigure.EmbeddedMongo    : {"t":{"$date":"2026-09-19T07:29:38.168+05:30"},"s":"I",  "c":"REPL",     "id":5123008, "ctx":"thread1","msg":"Successfully registered PrimaryOnlyService","attr":{"service":"TenantMigrationDonorService","namespace":"config.tenantMigrationDonors"}}
2026-09-19T07:29:38.169+05:30  INFO 18904 --- [audio-deepcheck-backend-test] [       Thread-2] d.f.e.m.s.autoconfigure.EmbeddedMongo    : {"t":{"$date":"2026-09-19T07:29:38.168+05:30"},"s":"I",  "c":"REPL",     "id":5123008, "ctx":"thread1","msg":"Successfully registered PrimaryOnlyService","attr":{"service":"TenantMigrationRecipientService","namespace":"config.tenantMigrationRecipients"}}
2026-09-19T07:29:38.169+05:30  INFO 18904 --- [audio-deepcheck-backend-test] [       Thread-2] d.f.e.m.s.autoconfigure.EmbeddedMongo    : {"t":{"$date":"2026-09-19T07:29:38.168+05:30"},"s":"I",  "c":"CONTROL",  "id":5945603, "ctx":"thread1","msg":"Multi threading initialized"}
2026-09-19T07:29:38.170+05:30  INFO 18904 --- [audio-deepcheck-backend-test] [       Thread-2] d.f.e.m.s.autoconfigure.EmbeddedMongo    : {"t":{"$date":"2026-09-19T07:29:38.168+05:30"},"s":"I",  "c":"TENANT_M", "id":7091600, "ctx":"thread1","msg":"Starting TenantMigrationAccessBlockerRegistry"}
2026-09-19T07:29:38.171+05:30  INFO 18904 --- [audio-deepcheck-backend-test] [       Thread-2] d.f.e.m.s.autoconfigure.EmbeddedMongo    : {"t":{"$date":"2026-09-19T07:29:38.172+05:30"},"s":"I",  "c":"CONTROL",  "id":4615611, "ctx":"initandlisten","msg":"MongoDB starting","attr":{"pid":25220,"port":53522,"dbPath":"C:/Users/Muthu/AppData/Local/Temp/temp--1fcceae9-62cd-471e-a180-c5f5b0ebd696/mongod-database2781002430387913922","architecture":"64-bit","host":"Muthu"}}
2026-09-19T07:29:38.173+05:30  INFO 18904 --- [audio-deepcheck-backend-test] [       Thread-2] d.f.e.m.s.autoconfigure.EmbeddedMongo    : {"t":{"$date":"2026-09-19T07:29:38.172+05:30"},"s":"I",  "c":"CONTROL",  "id":23398,   "ctx":"initandlisten","msg":"Target operating system minimum version","attr":{"targetMinOS":"Windows 7/Windows Server 2008 R2"}}
2026-09-19T07:29:38.173+05:30  INFO 18904 --- [audio-deepcheck-backend-test] [       Thread-2] d.f.e.m.s.autoconfigure.EmbeddedMongo    : {"t":{"$date":"2026-09-19T07:29:38.172+05:30"},"s":"I",  "c":"CONTROL",  "id":23403,   "ctx":"initandlisten","msg":"Build Info","attr":{"buildInfo":{"version":"7.0.2","gitVersion":"02b3c655e1302209ef046da6ba3ef6749dd0b62a","modules":[],"allocator":"tcmalloc","environment":{"distmod":"windows","distarch":"x86_64","target_arch":"x86_64"}}}}
2026-09-19T07:29:38.174+05:30  INFO 18904 --- [audio-deepcheck-backend-test] [       Thread-2] d.f.e.m.s.autoconfigure.EmbeddedMongo    : {"t":{"$date":"2026-09-19T07:29:38.172+05:30"},"s":"I",  "c":"CONTROL",  "id":51765,   "ctx":"initandlisten","msg":"Operating System","attr":{"os":{"name":"Microsoft Windows 10","version":"10.0 (build 26200)"}}}
2026-09-19T07:29:38.175+05:30  INFO 18904 --- [audio-deepcheck-backend-test] [       Thread-2] d.f.e.m.s.autoconfigure.EmbeddedMongo    : {"t":{"$date":"2026-09-19T07:29:38.172+05:30"},"s":"I",  "c":"CONTROL",  "id":21951,   "ctx":"initandlisten","msg":"Options set by command line","attr":{"options":{"net":{"bindIp":"127.0.0.1","port":53522},"security":{"authorization":"disabled"},"storage":{"dbPath":"C:\\Users\\Muthu\\AppData\\Local\\Temp\\temp--1fcceae9-62cd-471e-a180-c5f5b0ebd696\\mongod-database2781002430387913922","syncPeriodSecs":0}}}}
2026-09-19T07:29:38.182+05:30  INFO 18904 --- [audio-deepcheck-backend-test] [       Thread-2] d.f.e.m.s.autoconfigure.EmbeddedMongo    : {"t":{"$date":"2026-09-19T07:29:38.182+05:30"},"s":"I",  "c":"STORAGE",  "id":22315,   "ctx":"initandlisten","msg":"Opening WiredTiger","attr":{"config":"create,cache_size=3177M,session_max=33000,eviction=(threads_min=4,threads_max=4),config_base=false,statistics=(fast),log=(enabled=true,remove=true,path=journal,compressor=snappy),builtin_extension_config=(zstd=(compression_level=6)),file_manager=(close_idle_time=600,close_scan_interval=10,close_handle_minimum=2000),statistics_log=(wait=0),json_output=(error,message),verbose=[recovery_progress:1,checkpoint_progress:1,compact_progress:1,backup:0,checkpoint:0,compact:0,evict:0,history_store:0,recovery:0,rts:0,salvage:0,tiered:0,timestamp:0,transaction:0,verify:0,log:0],"}}
2026-09-19T07:29:38.224+05:30  INFO 18904 --- [audio-deepcheck-backend-test] [       Thread-2] d.f.e.m.s.autoconfigure.EmbeddedMongo    : {"t":{"$date":"2026-09-19T07:29:38.224+05:30"},"s":"I",  "c":"STORAGE",  "id":4795906, "ctx":"initandlisten","msg":"WiredTiger opened","attr":{"durationMillis":42}}
2026-09-19T07:29:38.225+05:30  INFO 18904 --- [audio-deepcheck-backend-test] [       Thread-2] d.f.e.m.s.autoconfigure.EmbeddedMongo    : {"t":{"$date":"2026-09-19T07:29:38.224+05:30"},"s":"I",  "c":"RECOVERY", "id":23987,   "ctx":"initandlisten","msg":"WiredTiger recoveryTimestamp","attr":{"recoveryTimestamp":{"$timestamp":{"t":0,"i":0}}}}
2026-09-19T07:29:38.244+05:30  INFO 18904 --- [audio-deepcheck-backend-test] [       Thread-2] d.f.e.m.s.autoconfigure.EmbeddedMongo    : {"t":{"$date":"2026-09-19T07:29:38.244+05:30"},"s":"I",  "c":"STORAGE",  "id":20320,   "ctx":"initandlisten","msg":"createCollection","attr":{"namespace":"admin.system.version","uuidDisposition":"provided","uuid":{"uuid":{"$uuid":"58939461-5fc3-470f-a3f7-6822112bbf8b"}},"options":{"uuid":{"$uuid":"58939461-5fc3-470f-a3f7-6822112bbf8b"}}}}
2026-09-19T07:29:38.258+05:30  INFO 18904 --- [audio-deepcheck-backend-test] [       Thread-2] d.f.e.m.s.autoconfigure.EmbeddedMongo    : {"t":{"$date":"2026-09-19T07:29:38.258+05:30"},"s":"I",  "c":"INDEX",    "id":20345,   "ctx":"initandlisten","msg":"Index build: done building","attr":{"buildUUID":null,"collectionUUID":{"uuid":{"$uuid":"58939461-5fc3-470f-a3f7-6822112bbf8b"}},"namespace":"admin.system.version","index":"_id_","ident":"index-1--1364842544102224816","collectionIdent":"collection-0--1364842544102224816","commitTimestamp":null}}
2026-09-19T07:29:38.259+05:30  INFO 18904 --- [audio-deepcheck-backend-test] [       Thread-2] d.f.e.m.s.autoconfigure.EmbeddedMongo    : {"t":{"$date":"2026-09-19T07:29:38.259+05:30"},"s":"I",  "c":"REPL",     "id":20459,   "ctx":"initandlisten","msg":"Setting featureCompatibilityVersion","attr":{"newVersion":"7.0"}}
2026-09-19T07:29:38.259+05:30  INFO 18904 --- [audio-deepcheck-backend-test] [       Thread-2] d.f.e.m.s.autoconfigure.EmbeddedMongo    : {"t":{"$date":"2026-09-19T07:29:38.259+05:30"},"s":"I",  "c":"REPL",     "id":5853300, "ctx":"initandlisten","msg":"current featureCompatibilityVersion value","attr":{"featureCompatibilityVersion":"7.0","context":"setFCV"}}
2026-09-19T07:29:38.260+05:30  INFO 18904 --- [audio-deepcheck-backend-test] [       Thread-2] d.f.e.m.s.autoconfigure.EmbeddedMongo    : {"t":{"$date":"2026-09-19T07:29:38.259+05:30"},"s":"I",  "c":"NETWORK",  "id":4915702, "ctx":"initandlisten","msg":"Updated wire specification","attr":{"oldSpec":{"incomingExternalClient":{"minWireVersion":0,"maxWireVersion":21},"incomingInternalClient":{"minWireVersion":0,"maxWireVersion":21},"outgoing":{"minWireVersion":6,"maxWireVersion":21},"isInternalClient":true},"newSpec":{"incomingExternalClient":{"minWireVersion":0,"maxWireVersion":21},"incomingInternalClient":{"minWireVersion":21,"maxWireVersion":21},"outgoing":{"minWireVersion":21,"maxWireVersion":21},"isInternalClient":true}}}
2026-09-19T07:29:38.261+05:30  INFO 18904 --- [audio-deepcheck-backend-test] [       Thread-2] d.f.e.m.s.autoconfigure.EmbeddedMongo    : {"t":{"$date":"2026-09-19T07:29:38.259+05:30"},"s":"I",  "c":"NETWORK",  "id":4915702, "ctx":"initandlisten","msg":"Updated wire specification","attr":{"oldSpec":{"incomingExternalClient":{"minWireVersion":0,"maxWireVersion":21},"incomingInternalClient":{"minWireVersion":21,"maxWireVersion":21},"outgoing":{"minWireVersion":21,"maxWireVersion":21},"isInternalClient":true},"newSpec":{"incomingExternalClient":{"minWireVersion":0,"maxWireVersion":21},"incomingInternalClient":{"minWireVersion":21,"maxWireVersion":21},"outgoing":{"minWireVersion":21,"maxWireVersion":21},"isInternalClient":true}}}
2026-09-19T07:29:38.262+05:30  INFO 18904 --- [audio-deepcheck-backend-test] [       Thread-2] d.f.e.m.s.autoconfigure.EmbeddedMongo    : {"t":{"$date":"2026-09-19T07:29:38.259+05:30"},"s":"I",  "c":"REPL",     "id":5853300, "ctx":"initandlisten","msg":"current featureCompatibilityVersion value","attr":{"featureCompatibilityVersion":"7.0","context":"startup"}}
2026-09-19T07:29:38.262+05:30  INFO 18904 --- [audio-deepcheck-backend-test] [       Thread-2] d.f.e.m.s.autoconfigure.EmbeddedMongo    : {"t":{"$date":"2026-09-19T07:29:38.260+05:30"},"s":"I",  "c":"STORAGE",  "id":5071100, "ctx":"initandlisten","msg":"Clearing temp directory"}
2026-09-19T07:29:38.263+05:30  INFO 18904 --- [audio-deepcheck-backend-test] [       Thread-2] d.f.e.m.s.autoconfigure.EmbeddedMongo    : {"t":{"$date":"2026-09-19T07:29:38.260+05:30"},"s":"I",  "c":"CONTROL",  "id":6608200, "ctx":"initandlisten","msg":"Initializing cluster server parameters from disk"}
2026-09-19T07:29:38.263+05:30  INFO 18904 --- [audio-deepcheck-backend-test] [       Thread-2] d.f.e.m.s.autoconfigure.EmbeddedMongo    : {"t":{"$date":"2026-09-19T07:29:38.261+05:30"},"s":"I",  "c":"CONTROL",  "id":20536,   "ctx":"initandlisten","msg":"Flow Control is enabled on this deployment"}
2026-09-19T07:29:38.919+05:30  INFO 18904 --- [audio-deepcheck-backend-test] [       Thread-2] d.f.e.m.s.autoconfigure.EmbeddedMongo    : {"t":{"$date":"2026-09-19T07:29:38.919+05:30"},"s":"I",  "c":"FTDC",     "id":20625,   "ctx":"initandlisten","msg":"Initializing full-time diagnostic data capture","attr":{"dataDirectory":"C:/Users/Muthu/AppData/Local/Temp/temp--1fcceae9-62cd-471e-a180-c5f5b0ebd696/mongod-database2781002430387913922/diagnostic.data"}}
2026-09-19T07:29:38.921+05:30  INFO 18904 --- [audio-deepcheck-backend-test] [       Thread-2] d.f.e.m.s.autoconfigure.EmbeddedMongo    : {"t":{"$date":"2026-09-19T07:29:38.922+05:30"},"s":"I",  "c":"STORAGE",  "id":20320,   "ctx":"initandlisten","msg":"createCollection","attr":{"namespace":"local.startup_log","uuidDisposition":"generated","uuid":{"uuid":{"$uuid":"e52c11dd-2e3b-4349-8309-d3685d6369d3"}},"options":{"capped":true,"size":10485760}}}
2026-09-19T07:29:38.942+05:30  INFO 18904 --- [audio-deepcheck-backend-test] [       Thread-2] d.f.e.m.s.autoconfigure.EmbeddedMongo    : {"t":{"$date":"2026-09-19T07:29:38.942+05:30"},"s":"I",  "c":"INDEX",    "id":20345,   "ctx":"initandlisten","msg":"Index build: done building","attr":{"buildUUID":null,"collectionUUID":{"uuid":{"$uuid":"e52c11dd-2e3b-4349-8309-d3685d6369d3"}},"namespace":"local.startup_log","index":"_id_","ident":"index-3--1364842544102224816","collectionIdent":"collection-2--1364842544102224816","commitTimestamp":null}}
2026-09-19T07:29:38.943+05:30  INFO 18904 --- [audio-deepcheck-backend-test] [       Thread-2] d.f.e.m.s.autoconfigure.EmbeddedMongo    : {"t":{"$date":"2026-09-19T07:29:38.942+05:30"},"s":"I",  "c":"REPL",     "id":6015317, "ctx":"initandlisten","msg":"Setting new configuration state","attr":{"newState":"ConfigReplicationDisabled","oldState":"ConfigPreStart"}}
2026-09-19T07:29:38.944+05:30  INFO 18904 --- [audio-deepcheck-backend-test] [       Thread-2] d.f.e.m.s.autoconfigure.EmbeddedMongo    : {"t":{"$date":"2026-09-19T07:29:38.942+05:30"},"s":"I",  "c":"STORAGE",  "id":22262,   "ctx":"initandlisten","msg":"Timestamp monitor starting"}
2026-09-19T07:29:38.947+05:30  INFO 18904 --- [audio-deepcheck-backend-test] [       Thread-2] d.f.e.m.s.autoconfigure.EmbeddedMongo    : {"t":{"$date":"2026-09-19T07:29:38.947+05:30"},"s":"I",  "c":"CONTROL",  "id":20712,   "ctx":"LogicalSessionCacheReap","msg":"Sessions collection is not set up; waiting until next sessions reap interval","attr":{"error":"NamespaceNotFound: config.system.sessions does not exist"}}
2026-09-19T07:29:38.948+05:30  INFO 18904 --- [audio-deepcheck-backend-test] [       Thread-2] d.f.e.m.s.autoconfigure.EmbeddedMongo    : {"t":{"$date":"2026-09-19T07:29:38.947+05:30"},"s":"I",  "c":"STORAGE",  "id":20320,   "ctx":"LogicalSessionCacheRefresh","msg":"createCollection","attr":{"namespace":"config.system.sessions","uuidDisposition":"generated","uuid":{"uuid":{"$uuid":"bc13b9b6-6bbc-4f62-8a7f-49361a15ee4d"}},"options":{}}}
2026-09-19T07:29:38.949+05:30  INFO 18904 --- [audio-deepcheck-backend-test] [       Thread-2] d.f.e.m.s.autoconfigure.EmbeddedMongo    : {"t":{"$date":"2026-09-19T07:29:38.948+05:30"},"s":"I",  "c":"NETWORK",  "id":23015,   "ctx":"listener","msg":"Listening on","attr":{"address":"127.0.0.1"}}
2026-09-19T07:29:38.949+05:30  INFO 18904 --- [audio-deepcheck-backend-test] [       Thread-2] d.f.e.m.s.autoconfigure.EmbeddedMongo    : {"t":{"$date":"2026-09-19T07:29:38.948+05:30"},"s":"I",  "c":"NETWORK",  "id":23016,   "ctx":"listener","msg":"Waiting for connections","attr":{"port":53522,"ssl":"off"}}
2026-09-19T07:29:38.962+05:30  INFO 18904 --- [audio-deepcheck-backend-test] [       Thread-2] d.f.e.m.s.autoconfigure.EmbeddedMongo    : {"t":{"$date":"2026-09-19T07:29:38.962+05:30"},"s":"I",  "c":"REPL",     "id":7360102, "ctx":"LogicalSessionCacheRefresh","msg":"Added oplog entry for create to transaction","attr":{"namespace":"config.$cmd","uuid":{"uuid":{"$uuid":"bc13b9b6-6bbc-4f62-8a7f-49361a15ee4d"}},"object":{"create":"system.sessions","idIndex":{"v":2,"key":{"_id":1},"name":"_id_"}}}}
2026-09-19T07:29:38.963+05:30  INFO 18904 --- [audio-deepcheck-backend-test] [       Thread-2] d.f.e.m.s.autoconfigure.EmbeddedMongo    : {"t":{"$date":"2026-09-19T07:29:38.962+05:30"},"s":"I",  "c":"REPL",     "id":7360100, "ctx":"LogicalSessionCacheRefresh","msg":"Added oplog entry for createIndexes to transaction","attr":{"namespace":"config.$cmd","uuid":{"uuid":{"$uuid":"bc13b9b6-6bbc-4f62-8a7f-49361a15ee4d"}},"object":{"createIndexes":"system.sessions","v":2,"key":{"lastUse":1},"name":"lsidTTLIndex","expireAfterSeconds":1800}}}
2026-09-19T07:29:38.969+05:30  INFO 18904 --- [audio-deepcheck-backend-test] [       Thread-2] d.f.e.m.s.autoconfigure.EmbeddedMongo    : {"t":{"$date":"2026-09-19T07:29:38.969+05:30"},"s":"I",  "c":"INDEX",    "id":20345,   "ctx":"LogicalSessionCacheRefresh","msg":"Index build: done building","attr":{"buildUUID":null,"collectionUUID":{"uuid":{"$uuid":"bc13b9b6-6bbc-4f62-8a7f-49361a15ee4d"}},"namespace":"config.system.sessions","index":"_id_","ident":"index-5--1364842544102224816","collectionIdent":"collection-4--1364842544102224816","commitTimestamp":null}}
2026-09-19T07:29:38.969+05:30  INFO 18904 --- [audio-deepcheck-backend-test] [       Thread-2] d.f.e.m.s.autoconfigure.EmbeddedMongo    : {"t":{"$date":"2026-09-19T07:29:38.969+05:30"},"s":"I",  "c":"INDEX",    "id":20345,   "ctx":"LogicalSessionCacheRefresh","msg":"Index build: done building","attr":{"buildUUID":null,"collectionUUID":{"uuid":{"$uuid":"bc13b9b6-6bbc-4f62-8a7f-49361a15ee4d"}},"namespace":"config.system.sessions","index":"lsidTTLIndex","ident":"index-6--1364842544102224816","collectionIdent":"collection-4--1364842544102224816","commitTimestamp":null}}
2026-09-19T07:29:39.287+05:30  INFO 18904 --- [audio-deepcheck-backend-test] [       Thread-2] d.f.e.m.s.autoconfigure.EmbeddedMongo    : {"t":{"$date":"2026-09-19T07:29:39.287+05:30"},"s":"I",  "c":"NETWORK",  "id":22943,   "ctx":"listener","msg":"Connection accepted","attr":{"remote":"127.0.0.1:53524","uuid":{"uuid":{"$uuid":"8232c793-6bb9-49ca-b201-437718986adf"}},"connectionId":1,"connectionCount":1}}
2026-09-19T07:29:39.288+05:30  INFO 18904 --- [audio-deepcheck-backend-test] [       Thread-2] d.f.e.m.s.autoconfigure.EmbeddedMongo    : {"t":{"$date":"2026-09-19T07:29:39.288+05:30"},"s":"I",  "c":"NETWORK",  "id":22943,   "ctx":"listener","msg":"Connection accepted","attr":{"remote":"127.0.0.1:53523","uuid":{"uuid":{"$uuid":"d41e0df8-5611-4829-af97-de4838d115ee"}},"connectionId":2,"connectionCount":2}}
2026-09-19T07:29:39.293+05:30  INFO 18904 --- [audio-deepcheck-backend-test] [           main] org.mongodb.driver.client                : MongoClient with metadata {"driver": {"name": "mongo-java-driver|sync|spring-boot", "version": "5.0.1"}, "os": {"type": "Windows", "name": "Windows 11", "architecture": "amd64", "version": "10.0"}, "platform": "Java/Oracle Corporation/25.0.2+10-LTS-69"} created with settings MongoClientSettings{readPreference=primary, writeConcern=WriteConcern{w=null, wTimeout=null ms, journal=null}, retryWrites=true, retryReads=true, readConcern=ReadConcern{level=null}, credential=null, transportSettings=null, commandListeners=[io.micrometer.core.instrument.binder.mongodb.MongoMetricsCommandListener@320fc4b0], codecRegistry=ProvidersCodecRegistry{codecProviders=[ValueCodecProvider{}, BsonValueCodecProvider{}, DBRefCodecProvider{}, DBObjectCodecProvider{}, DocumentCodecProvider{}, CollectionCodecProvider{}, IterableCodecProvider{}, MapCodecProvider{}, GeoJsonCodecProvider{}, GridFSFileCodecProvider{}, Jsr310CodecProvider{}, JsonObjectCodecProvider{}, BsonCodecProvider{}, EnumCodecProvider{}, com.mongodb.client.model.mql.ExpressionCodecProvider@10724a72, com.mongodb.Jep395RecordCodecProvider@25435731, com.mongodb.KotlinCodecProvider@10301d6f]}, loggerSettings=LoggerSettings{maxDocumentLength=1000}, clusterSettings={hosts=[kubernetes.docker.internal:53522], srvServiceName=mongodb, mode=SINGLE, requiredClusterType=UNKNOWN, requiredReplicaSetName='null', serverSelector='null', clusterListeners='[]', serverSelectionTimeout='30000 ms', localThreshold='15 ms'}, socketSettings=SocketSettings{connectTimeoutMS=10000, readTimeoutMS=0, receiveBufferSize=0, proxySettings=ProxySettings{host=null, port=null, username=null, password=null}}, heartbeatSocketSettings=SocketSettings{connectTimeoutMS=10000, readTimeoutMS=10000, receiveBufferSize=0, proxySettings=ProxySettings{host=null, port=null, username=null, password=null}}, connectionPoolSettings=ConnectionPoolSettings{maxSize=100, minSize=0, maxWaitTimeMS=120000, maxConnectionLifeTimeMS=0, maxConnectionIdleTimeMS=0, maintenanceInitialDelayMS=0, maintenanceFrequencyMS=60000, connectionPoolListeners=[io.micrometer.core.instrument.binder.mongodb.MongoMetricsConnectionPoolListener@5cd6719d], maxConnecting=2}, serverSettings=ServerSettings{heartbeatFrequencyMS=10000, minHeartbeatFrequencyMS=500, serverListeners='[]', serverMonitorListeners='[]'}, sslSettings=SslSettings{enabled=false, invalidHostNameAllowed=false, context=null}, applicationName='null', compressorList=[], uuidRepresentation=JAVA_LEGACY, serverApi=null, autoEncryptionSettings=null, dnsClient=null, inetAddressResolver=null, contextProvider=null}
2026-09-19T07:29:39.304+05:30  INFO 18904 --- [audio-deepcheck-backend-test] [       Thread-2] d.f.e.m.s.autoconfigure.EmbeddedMongo    : {"t":{"$date":"2026-09-19T07:29:39.304+05:30"},"s":"I",  "c":"NETWORK",  "id":51800,   "ctx":"conn2","msg":"client metadata","attr":{"remote":"127.0.0.1:53523","client":"conn2","doc":{"driver":{"name":"mongo-java-driver|sync|spring-boot","version":"5.0.1"},"os":{"type":"Windows","name":"Windows 11","architecture":"amd64","version":"10.0"},"platform":"Java/Oracle Corporation/25.0.2+10-LTS-69"}}}
2026-09-19T07:29:39.304+05:30  INFO 18904 --- [audio-deepcheck-backend-test] [       Thread-2] d.f.e.m.s.autoconfigure.EmbeddedMongo    : {"t":{"$date":"2026-09-19T07:29:39.304+05:30"},"s":"I",  "c":"NETWORK",  "id":51800,   "ctx":"conn1","msg":"client metadata","attr":{"remote":"127.0.0.1:53524","client":"conn1","doc":{"driver":{"name":"mongo-java-driver|sync|spring-boot","version":"5.0.1"},"os":{"type":"Windows","name":"Windows 11","architecture":"amd64","version":"10.0"},"platform":"Java/Oracle Corporation/25.0.2+10-LTS-69"}}}
2026-09-19T07:29:39.331+05:30  INFO 18904 --- [audio-deepcheck-backend-test] [.internal:53522] org.mongodb.driver.cluster               : Monitor thread successfully connected to server with description ServerDescription{address=kubernetes.docker.internal:53522, type=STANDALONE, state=CONNECTED, ok=true, minWireVersion=0, maxWireVersion=21, maxDocumentSize=16777216, logicalSessionTimeoutMinutes=30, roundTripTimeNanos=40356900}
2026-09-19T07:29:40.233+05:30  INFO 18904 --- [audio-deepcheck-backend-test] [       Thread-2] d.f.e.m.s.autoconfigure.EmbeddedMongo    : {"t":{"$date":"2026-09-19T07:29:40.233+05:30"},"s":"I",  "c":"NETWORK",  "id":22943,   "ctx":"listener","msg":"Connection accepted","attr":{"remote":"127.0.0.1:53525","uuid":{"uuid":{"$uuid":"ca5f6f26-3447-4265-91c0-c8f4cb548843"}},"connectionId":3,"connectionCount":3}}
2026-09-19T07:29:40.234+05:30  INFO 18904 --- [audio-deepcheck-backend-test] [       Thread-2] d.f.e.m.s.autoconfigure.EmbeddedMongo    : {"t":{"$date":"2026-09-19T07:29:40.234+05:30"},"s":"I",  "c":"NETWORK",  "id":51800,   "ctx":"conn3","msg":"client metadata","attr":{"remote":"127.0.0.1:53525","client":"conn3","doc":{"driver":{"name":"mongo-java-driver|sync|spring-boot","version":"5.0.1"},"os":{"type":"Windows","name":"Windows 11","architecture":"amd64","version":"10.0"},"platform":"Java/Oracle Corporation/25.0.2+10-LTS-69"}}}
2026-09-19T07:29:40.269+05:30  INFO 18904 --- [audio-deepcheck-backend-test] [       Thread-2] d.f.e.m.s.autoconfigure.EmbeddedMongo    : {"t":{"$date":"2026-09-19T07:29:40.269+05:30"},"s":"I",  "c":"NETWORK",  "id":6788700, "ctx":"conn3","msg":"Received first command on ingress connection since session start or auth handshake","attr":{"elapsedMillis":35}}
2026-09-19T07:29:40.269+05:30  INFO 18904 --- [audio-deepcheck-backend-test] [       Thread-2] d.f.e.m.s.autoconfigure.EmbeddedMongo    : {"t":{"$date":"2026-09-19T07:29:40.270+05:30"},"s":"I",  "c":"STORAGE",  "id":20320,   "ctx":"conn3","msg":"createCollection","attr":{"namespace":"audio_deepcheck_test.analysis_results","uuidDisposition":"generated","uuid":{"uuid":{"$uuid":"9ee71752-c439-4714-bd01-bdd3556ba2a5"}},"options":{}}}
2026-09-19T07:29:40.282+05:30  INFO 18904 --- [audio-deepcheck-backend-test] [       Thread-2] d.f.e.m.s.autoconfigure.EmbeddedMongo    : {"t":{"$date":"2026-09-19T07:29:40.283+05:30"},"s":"I",  "c":"REPL",     "id":7360102, "ctx":"conn3","msg":"Added oplog entry for create to transaction","attr":{"namespace":"audio_deepcheck_test.$cmd","uuid":{"uuid":{"$uuid":"9ee71752-c439-4714-bd01-bdd3556ba2a5"}},"object":{"create":"analysis_results","idIndex":{"v":2,"key":{"_id":1},"name":"_id_"}}}}
2026-09-19T07:29:40.283+05:30  INFO 18904 --- [audio-deepcheck-backend-test] [       Thread-2] d.f.e.m.s.autoconfigure.EmbeddedMongo    : {"t":{"$date":"2026-09-19T07:29:40.284+05:30"},"s":"I",  "c":"REPL",     "id":7360100, "ctx":"conn3","msg":"Added oplog entry for createIndexes to transaction","attr":{"namespace":"audio_deepcheck_test.$cmd","uuid":{"uuid":{"$uuid":"9ee71752-c439-4714-bd01-bdd3556ba2a5"}},"object":{"createIndexes":"analysis_results","v":2,"unique":true,"key":{"callId":1},"name":"callId"}}}
2026-09-19T07:29:40.291+05:30  INFO 18904 --- [audio-deepcheck-backend-test] [       Thread-2] d.f.e.m.s.autoconfigure.EmbeddedMongo    : {"t":{"$date":"2026-09-19T07:29:40.291+05:30"},"s":"I",  "c":"INDEX",    "id":20345,   "ctx":"conn3","msg":"Index build: done building","attr":{"buildUUID":null,"collectionUUID":{"uuid":{"$uuid":"9ee71752-c439-4714-bd01-bdd3556ba2a5"}},"namespace":"audio_deepcheck_test.analysis_results","index":"_id_","ident":"index-8--1364842544102224816","collectionIdent":"collection-7--1364842544102224816","commitTimestamp":null}}
2026-09-19T07:29:40.291+05:30  INFO 18904 --- [audio-deepcheck-backend-test] [       Thread-2] d.f.e.m.s.autoconfigure.EmbeddedMongo    : {"t":{"$date":"2026-09-19T07:29:40.291+05:30"},"s":"I",  "c":"INDEX",    "id":20345,   "ctx":"conn3","msg":"Index build: done building","attr":{"buildUUID":null,"collectionUUID":{"uuid":{"$uuid":"9ee71752-c439-4714-bd01-bdd3556ba2a5"}},"namespace":"audio_deepcheck_test.analysis_results","index":"callId","ident":"index-9--1364842544102224816","collectionIdent":"collection-7--1364842544102224816","commitTimestamp":null}}
2026-09-19T07:29:40.326+05:30  INFO 18904 --- [audio-deepcheck-backend-test] [       Thread-2] d.f.e.m.s.autoconfigure.EmbeddedMongo    : {"t":{"$date":"2026-09-19T07:29:40.326+05:30"},"s":"I",  "c":"INDEX",    "id":20438,   "ctx":"conn3","msg":"Index build: registering","attr":{"buildUUID":{"uuid":{"$uuid":"1a12b3b7-6044-4f36-baff-5053fb641ef6"}},"namespace":"audio_deepcheck_test.analysis_results","collectionUUID":{"uuid":{"$uuid":"9ee71752-c439-4714-bd01-bdd3556ba2a5"}},"indexes":1,"firstIndex":{"name":"createdAt"},"command":{"createIndexes":"analysis_results","v":2,"indexes":[{"key":{"createdAt":1},"name":"createdAt"}],"ignoreUnknownIndexOptions":false}}}
2026-09-19T07:29:40.330+05:30  INFO 18904 --- [audio-deepcheck-backend-test] [       Thread-2] d.f.e.m.s.autoconfigure.EmbeddedMongo    : {"t":{"$date":"2026-09-19T07:29:40.330+05:30"},"s":"I",  "c":"REPL",     "id":7360100, "ctx":"conn3","msg":"Added oplog entry for createIndexes to transaction","attr":{"namespace":"audio_deepcheck_test.$cmd","uuid":{"uuid":{"$uuid":"9ee71752-c439-4714-bd01-bdd3556ba2a5"}},"object":{"createIndexes":"analysis_results","v":2,"key":{"createdAt":1},"name":"createdAt"}}}
2026-09-19T07:29:40.340+05:30  INFO 18904 --- [audio-deepcheck-backend-test] [       Thread-2] d.f.e.m.s.autoconfigure.EmbeddedMongo    : {"t":{"$date":"2026-09-19T07:29:40.339+05:30"},"s":"I",  "c":"INDEX",    "id":20345,   "ctx":"conn3","msg":"Index build: done building","attr":{"buildUUID":null,"collectionUUID":{"uuid":{"$uuid":"9ee71752-c439-4714-bd01-bdd3556ba2a5"}},"namespace":"audio_deepcheck_test.analysis_results","index":"createdAt","ident":"index-10--1364842544102224816","collectionIdent":"collection-7--1364842544102224816","commitTimestamp":null}}
2026-09-19T07:29:40.342+05:30  INFO 18904 --- [audio-deepcheck-backend-test] [       Thread-2] d.f.e.m.s.autoconfigure.EmbeddedMongo    : {"t":{"$date":"2026-09-19T07:29:40.342+05:30"},"s":"I",  "c":"INDEX",    "id":20440,   "ctx":"conn3","msg":"Index build: waiting for index build to complete","attr":{"buildUUID":{"uuid":{"$uuid":"1a12b3b7-6044-4f36-baff-5053fb641ef6"}},"deadline":{"$date":{"$numberLong":"9223372036854775807"}}}}
2026-09-19T07:29:40.343+05:30  INFO 18904 --- [audio-deepcheck-backend-test] [       Thread-2] d.f.e.m.s.autoconfigure.EmbeddedMongo    : {"t":{"$date":"2026-09-19T07:29:40.342+05:30"},"s":"I",  "c":"INDEX",    "id":20447,   "ctx":"conn3","msg":"Index build: completed","attr":{"buildUUID":{"uuid":{"$uuid":"1a12b3b7-6044-4f36-baff-5053fb641ef6"}}}}
2026-09-19T07:29:40.364+05:30  INFO 18904 --- [audio-deepcheck-backend-test] [       Thread-2] d.f.e.m.s.autoconfigure.EmbeddedMongo    : {"t":{"$date":"2026-09-19T07:29:40.364+05:30"},"s":"I",  "c":"STORAGE",  "id":20320,   "ctx":"conn3","msg":"createCollection","attr":{"namespace":"audio_deepcheck_test.call_sessions","uuidDisposition":"generated","uuid":{"uuid":{"$uuid":"709428eb-e2df-44b4-a85b-3ca5887d929b"}},"options":{}}}
2026-09-19T07:29:40.375+05:30  INFO 18904 --- [audio-deepcheck-backend-test] [       Thread-2] d.f.e.m.s.autoconfigure.EmbeddedMongo    : {"t":{"$date":"2026-09-19T07:29:40.375+05:30"},"s":"I",  "c":"REPL",     "id":7360102, "ctx":"conn3","msg":"Added oplog entry for create to transaction","attr":{"namespace":"audio_deepcheck_test.$cmd","uuid":{"uuid":{"$uuid":"709428eb-e2df-44b4-a85b-3ca5887d929b"}},"object":{"create":"call_sessions","idIndex":{"v":2,"key":{"_id":1},"name":"_id_"}}}}
2026-09-19T07:29:40.376+05:30  INFO 18904 --- [audio-deepcheck-backend-test] [       Thread-2] d.f.e.m.s.autoconfigure.EmbeddedMongo    : {"t":{"$date":"2026-09-19T07:29:40.375+05:30"},"s":"I",  "c":"REPL",     "id":7360100, "ctx":"conn3","msg":"Added oplog entry for createIndexes to transaction","attr":{"namespace":"audio_deepcheck_test.$cmd","uuid":{"uuid":{"$uuid":"709428eb-e2df-44b4-a85b-3ca5887d929b"}},"object":{"createIndexes":"call_sessions","v":2,"key":{"status":1,"latestDecision":1,"createdAt":-1},"name":"status_decision_created_idx"}}}
2026-09-19T07:29:40.381+05:30  INFO 18904 --- [audio-deepcheck-backend-test] [       Thread-2] d.f.e.m.s.autoconfigure.EmbeddedMongo    : {"t":{"$date":"2026-09-19T07:29:40.381+05:30"},"s":"I",  "c":"INDEX",    "id":20345,   "ctx":"conn3","msg":"Index build: done building","attr":{"buildUUID":null,"collectionUUID":{"uuid":{"$uuid":"709428eb-e2df-44b4-a85b-3ca5887d929b"}},"namespace":"audio_deepcheck_test.call_sessions","index":"_id_","ident":"index-12--1364842544102224816","collectionIdent":"collection-11--1364842544102224816","commitTimestamp":null}}
2026-09-19T07:29:40.382+05:30  INFO 18904 --- [audio-deepcheck-backend-test] [       Thread-2] d.f.e.m.s.autoconfigure.EmbeddedMongo    : {"t":{"$date":"2026-09-19T07:29:40.381+05:30"},"s":"I",  "c":"INDEX",    "id":20345,   "ctx":"conn3","msg":"Index build: done building","attr":{"buildUUID":null,"collectionUUID":{"uuid":{"$uuid":"709428eb-e2df-44b4-a85b-3ca5887d929b"}},"namespace":"audio_deepcheck_test.call_sessions","index":"status_decision_created_idx","ident":"index-13--1364842544102224816","collectionIdent":"collection-11--1364842544102224816","commitTimestamp":null}}
2026-09-19T07:29:40.385+05:30  INFO 18904 --- [audio-deepcheck-backend-test] [       Thread-2] d.f.e.m.s.autoconfigure.EmbeddedMongo    : {"t":{"$date":"2026-09-19T07:29:40.385+05:30"},"s":"I",  "c":"INDEX",    "id":20438,   "ctx":"conn3","msg":"Index build: registering","attr":{"buildUUID":{"uuid":{"$uuid":"46c7b6ca-c3a5-4cc9-b425-c4f8343c3231"}},"namespace":"audio_deepcheck_test.call_sessions","collectionUUID":{"uuid":{"$uuid":"709428eb-e2df-44b4-a85b-3ca5887d929b"}},"indexes":1,"firstIndex":{"name":"callId"},"command":{"createIndexes":"call_sessions","v":2,"indexes":[{"key":{"callId":1},"name":"callId","unique":true}],"ignoreUnknownIndexOptions":false}}}
2026-09-19T07:29:40.386+05:30  INFO 18904 --- [audio-deepcheck-backend-test] [       Thread-2] d.f.e.m.s.autoconfigure.EmbeddedMongo    : {"t":{"$date":"2026-09-19T07:29:40.386+05:30"},"s":"I",  "c":"REPL",     "id":7360100, "ctx":"conn3","msg":"Added oplog entry for createIndexes to transaction","attr":{"namespace":"audio_deepcheck_test.$cmd","uuid":{"uuid":{"$uuid":"709428eb-e2df-44b4-a85b-3ca5887d929b"}},"object":{"createIndexes":"call_sessions","v":2,"unique":true,"key":{"callId":1},"name":"callId"}}}
2026-09-19T07:29:40.391+05:30  INFO 18904 --- [audio-deepcheck-backend-test] [       Thread-2] d.f.e.m.s.autoconfigure.EmbeddedMongo    : {"t":{"$date":"2026-09-19T07:29:40.392+05:30"},"s":"I",  "c":"INDEX",    "id":20345,   "ctx":"conn3","msg":"Index build: done building","attr":{"buildUUID":null,"collectionUUID":{"uuid":{"$uuid":"709428eb-e2df-44b4-a85b-3ca5887d929b"}},"namespace":"audio_deepcheck_test.call_sessions","index":"callId","ident":"index-14--1364842544102224816","collectionIdent":"collection-11--1364842544102224816","commitTimestamp":null}}
2026-09-19T07:29:40.392+05:30  INFO 18904 --- [audio-deepcheck-backend-test] [       Thread-2] d.f.e.m.s.autoconfigure.EmbeddedMongo    : {"t":{"$date":"2026-09-19T07:29:40.392+05:30"},"s":"I",  "c":"INDEX",    "id":20440,   "ctx":"conn3","msg":"Index build: waiting for index build to complete","attr":{"buildUUID":{"uuid":{"$uuid":"46c7b6ca-c3a5-4cc9-b425-c4f8343c3231"}},"deadline":{"$date":{"$numberLong":"9223372036854775807"}}}}
2026-09-19T07:29:40.392+05:30  INFO 18904 --- [audio-deepcheck-backend-test] [       Thread-2] d.f.e.m.s.autoconfigure.EmbeddedMongo    : {"t":{"$date":"2026-09-19T07:29:40.392+05:30"},"s":"I",  "c":"INDEX",    "id":20447,   "ctx":"conn3","msg":"Index build: completed","attr":{"buildUUID":{"uuid":{"$uuid":"46c7b6ca-c3a5-4cc9-b425-c4f8343c3231"}}}}
2026-09-19T07:29:40.396+05:30  INFO 18904 --- [audio-deepcheck-backend-test] [       Thread-2] d.f.e.m.s.autoconfigure.EmbeddedMongo    : {"t":{"$date":"2026-09-19T07:29:40.396+05:30"},"s":"I",  "c":"INDEX",    "id":20438,   "ctx":"conn3","msg":"Index build: registering","attr":{"buildUUID":{"uuid":{"$uuid":"24f2a671-3214-4121-8f5e-d8ae03ca20a8"}},"namespace":"audio_deepcheck_test.call_sessions","collectionUUID":{"uuid":{"$uuid":"709428eb-e2df-44b4-a85b-3ca5887d929b"}},"indexes":1,"firstIndex":{"name":"caller"},"command":{"createIndexes":"call_sessions","v":2,"indexes":[{"key":{"caller":1},"name":"caller"}],"ignoreUnknownIndexOptions":false}}}
2026-09-19T07:29:40.397+05:30  INFO 18904 --- [audio-deepcheck-backend-test] [       Thread-2] d.f.e.m.s.autoconfigure.EmbeddedMongo    : {"t":{"$date":"2026-09-19T07:29:40.396+05:30"},"s":"I",  "c":"REPL",     "id":7360100, "ctx":"conn3","msg":"Added oplog entry for createIndexes to transaction","attr":{"namespace":"audio_deepcheck_test.$cmd","uuid":{"uuid":{"$uuid":"709428eb-e2df-44b4-a85b-3ca5887d929b"}},"object":{"createIndexes":"call_sessions","v":2,"key":{"caller":1},"name":"caller"}}}
2026-09-19T07:29:40.403+05:30  INFO 18904 --- [audio-deepcheck-backend-test] [       Thread-2] d.f.e.m.s.autoconfigure.EmbeddedMongo    : {"t":{"$date":"2026-09-19T07:29:40.403+05:30"},"s":"I",  "c":"INDEX",    "id":20345,   "ctx":"conn3","msg":"Index build: done building","attr":{"buildUUID":null,"collectionUUID":{"uuid":{"$uuid":"709428eb-e2df-44b4-a85b-3ca5887d929b"}},"namespace":"audio_deepcheck_test.call_sessions","index":"caller","ident":"index-15--1364842544102224816","collectionIdent":"collection-11--1364842544102224816","commitTimestamp":null}}
2026-09-19T07:29:40.404+05:30  INFO 18904 --- [audio-deepcheck-backend-test] [       Thread-2] d.f.e.m.s.autoconfigure.EmbeddedMongo    : {"t":{"$date":"2026-09-19T07:29:40.403+05:30"},"s":"I",  "c":"INDEX",    "id":20440,   "ctx":"conn3","msg":"Index build: waiting for index build to complete","attr":{"buildUUID":{"uuid":{"$uuid":"24f2a671-3214-4121-8f5e-d8ae03ca20a8"}},"deadline":{"$date":{"$numberLong":"9223372036854775807"}}}}
2026-09-19T07:29:40.404+05:30  INFO 18904 --- [audio-deepcheck-backend-test] [       Thread-2] d.f.e.m.s.autoconfigure.EmbeddedMongo    : {"t":{"$date":"2026-09-19T07:29:40.403+05:30"},"s":"I",  "c":"INDEX",    "id":20447,   "ctx":"conn3","msg":"Index build: completed","attr":{"buildUUID":{"uuid":{"$uuid":"24f2a671-3214-4121-8f5e-d8ae03ca20a8"}}}}
2026-09-19T07:29:40.407+05:30  INFO 18904 --- [audio-deepcheck-backend-test] [       Thread-2] d.f.e.m.s.autoconfigure.EmbeddedMongo    : {"t":{"$date":"2026-09-19T07:29:40.406+05:30"},"s":"I",  "c":"INDEX",    "id":20438,   "ctx":"conn3","msg":"Index build: registering","attr":{"buildUUID":{"uuid":{"$uuid":"7476b5f9-4d66-4b67-ba0a-1a86e347f701"}},"namespace":"audio_deepcheck_test.call_sessions","collectionUUID":{"uuid":{"$uuid":"709428eb-e2df-44b4-a85b-3ca5887d929b"}},"indexes":1,"firstIndex":{"name":"receiver"},"command":{"createIndexes":"call_sessions","v":2,"indexes":[{"key":{"receiver":1},"name":"receiver"}],"ignoreUnknownIndexOptions":false}}}
2026-09-19T07:29:40.407+05:30  INFO 18904 --- [audio-deepcheck-backend-test] [       Thread-2] d.f.e.m.s.autoconfigure.EmbeddedMongo    : {"t":{"$date":"2026-09-19T07:29:40.407+05:30"},"s":"I",  "c":"REPL",     "id":7360100, "ctx":"conn3","msg":"Added oplog entry for createIndexes to transaction","attr":{"namespace":"audio_deepcheck_test.$cmd","uuid":{"uuid":{"$uuid":"709428eb-e2df-44b4-a85b-3ca5887d929b"}},"object":{"createIndexes":"call_sessions","v":2,"key":{"receiver":1},"name":"receiver"}}}
2026-09-19T07:29:40.413+05:30  INFO 18904 --- [audio-deepcheck-backend-test] [       Thread-2] d.f.e.m.s.autoconfigure.EmbeddedMongo    : {"t":{"$date":"2026-09-19T07:29:40.414+05:30"},"s":"I",  "c":"INDEX",    "id":20345,   "ctx":"conn3","msg":"Index build: done building","attr":{"buildUUID":null,"collectionUUID":{"uuid":{"$uuid":"709428eb-e2df-44b4-a85b-3ca5887d929b"}},"namespace":"audio_deepcheck_test.call_sessions","index":"receiver","ident":"index-16--1364842544102224816","collectionIdent":"collection-11--1364842544102224816","commitTimestamp":null}}
2026-09-19T07:29:40.414+05:30  INFO 18904 --- [audio-deepcheck-backend-test] [       Thread-2] d.f.e.m.s.autoconfigure.EmbeddedMongo    : {"t":{"$date":"2026-09-19T07:29:40.414+05:30"},"s":"I",  "c":"INDEX",    "id":20440,   "ctx":"conn3","msg":"Index build: waiting for index build to complete","attr":{"buildUUID":{"uuid":{"$uuid":"7476b5f9-4d66-4b67-ba0a-1a86e347f701"}},"deadline":{"$date":{"$numberLong":"9223372036854775807"}}}}
2026-09-19T07:29:40.415+05:30  INFO 18904 --- [audio-deepcheck-backend-test] [       Thread-2] d.f.e.m.s.autoconfigure.EmbeddedMongo    : {"t":{"$date":"2026-09-19T07:29:40.414+05:30"},"s":"I",  "c":"INDEX",    "id":20447,   "ctx":"conn3","msg":"Index build: completed","attr":{"buildUUID":{"uuid":{"$uuid":"7476b5f9-4d66-4b67-ba0a-1a86e347f701"}}}}
2026-09-19T07:29:40.417+05:30  INFO 18904 --- [audio-deepcheck-backend-test] [       Thread-2] d.f.e.m.s.autoconfigure.EmbeddedMongo    : {"t":{"$date":"2026-09-19T07:29:40.417+05:30"},"s":"I",  "c":"INDEX",    "id":20438,   "ctx":"conn3","msg":"Index build: registering","attr":{"buildUUID":{"uuid":{"$uuid":"26fd5f17-cdc2-4e27-b6b7-7fb87af4f40e"}},"namespace":"audio_deepcheck_test.call_sessions","collectionUUID":{"uuid":{"$uuid":"709428eb-e2df-44b4-a85b-3ca5887d929b"}},"indexes":1,"firstIndex":{"name":"status"},"command":{"createIndexes":"call_sessions","v":2,"indexes":[{"key":{"status":1},"name":"status"}],"ignoreUnknownIndexOptions":false}}}
2026-09-19T07:29:40.417+05:30  INFO 18904 --- [audio-deepcheck-backend-test] [       Thread-2] d.f.e.m.s.autoconfigure.EmbeddedMongo    : {"t":{"$date":"2026-09-19T07:29:40.417+05:30"},"s":"I",  "c":"REPL",     "id":7360100, "ctx":"conn3","msg":"Added oplog entry for createIndexes to transaction","attr":{"namespace":"audio_deepcheck_test.$cmd","uuid":{"uuid":{"$uuid":"709428eb-e2df-44b4-a85b-3ca5887d929b"}},"object":{"createIndexes":"call_sessions","v":2,"key":{"status":1},"name":"status"}}}
2026-09-19T07:29:40.423+05:30  INFO 18904 --- [audio-deepcheck-backend-test] [       Thread-2] d.f.e.m.s.autoconfigure.EmbeddedMongo    : {"t":{"$date":"2026-09-19T07:29:40.423+05:30"},"s":"I",  "c":"INDEX",    "id":20345,   "ctx":"conn3","msg":"Index build: done building","attr":{"buildUUID":null,"collectionUUID":{"uuid":{"$uuid":"709428eb-e2df-44b4-a85b-3ca5887d929b"}},"namespace":"audio_deepcheck_test.call_sessions","index":"status","ident":"index-17--1364842544102224816","collectionIdent":"collection-11--1364842544102224816","commitTimestamp":null}}
2026-09-19T07:29:40.423+05:30  INFO 18904 --- [audio-deepcheck-backend-test] [       Thread-2] d.f.e.m.s.autoconfigure.EmbeddedMongo    : {"t":{"$date":"2026-09-19T07:29:40.423+05:30"},"s":"I",  "c":"INDEX",    "id":20440,   "ctx":"conn3","msg":"Index build: waiting for index build to complete","attr":{"buildUUID":{"uuid":{"$uuid":"26fd5f17-cdc2-4e27-b6b7-7fb87af4f40e"}},"deadline":{"$date":{"$numberLong":"9223372036854775807"}}}}
2026-09-19T07:29:40.423+05:30  INFO 18904 --- [audio-deepcheck-backend-test] [       Thread-2] d.f.e.m.s.autoconfigure.EmbeddedMongo    : {"t":{"$date":"2026-09-19T07:29:40.423+05:30"},"s":"I",  "c":"INDEX",    "id":20447,   "ctx":"conn3","msg":"Index build: completed","attr":{"buildUUID":{"uuid":{"$uuid":"26fd5f17-cdc2-4e27-b6b7-7fb87af4f40e"}}}}
2026-09-19T07:29:40.425+05:30  INFO 18904 --- [audio-deepcheck-backend-test] [       Thread-2] d.f.e.m.s.autoconfigure.EmbeddedMongo    : {"t":{"$date":"2026-09-19T07:29:40.426+05:30"},"s":"I",  "c":"INDEX",    "id":20438,   "ctx":"conn3","msg":"Index build: registering","attr":{"buildUUID":{"uuid":{"$uuid":"55b451df-c9fd-4edb-bf8a-6e98cfa3b038"}},"namespace":"audio_deepcheck_test.call_sessions","collectionUUID":{"uuid":{"$uuid":"709428eb-e2df-44b4-a85b-3ca5887d929b"}},"indexes":1,"firstIndex":{"name":"createdAt"},"command":{"createIndexes":"call_sessions","v":2,"indexes":[{"key":{"createdAt":1},"name":"createdAt"}],"ignoreUnknownIndexOptions":false}}}
2026-09-19T07:29:40.426+05:30  INFO 18904 --- [audio-deepcheck-backend-test] [       Thread-2] d.f.e.m.s.autoconfigure.EmbeddedMongo    : {"t":{"$date":"2026-09-19T07:29:40.426+05:30"},"s":"I",  "c":"REPL",     "id":7360100, "ctx":"conn3","msg":"Added oplog entry for createIndexes to transaction","attr":{"namespace":"audio_deepcheck_test.$cmd","uuid":{"uuid":{"$uuid":"709428eb-e2df-44b4-a85b-3ca5887d929b"}},"object":{"createIndexes":"call_sessions","v":2,"key":{"createdAt":1},"name":"createdAt"}}}
2026-09-19T07:29:40.432+05:30  INFO 18904 --- [audio-deepcheck-backend-test] [       Thread-2] d.f.e.m.s.autoconfigure.EmbeddedMongo    : {"t":{"$date":"2026-09-19T07:29:40.432+05:30"},"s":"I",  "c":"INDEX",    "id":20345,   "ctx":"conn3","msg":"Index build: done building","attr":{"buildUUID":null,"collectionUUID":{"uuid":{"$uuid":"709428eb-e2df-44b4-a85b-3ca5887d929b"}},"namespace":"audio_deepcheck_test.call_sessions","index":"createdAt","ident":"index-18--1364842544102224816","collectionIdent":"collection-11--1364842544102224816","commitTimestamp":null}}
2026-09-19T07:29:40.432+05:30  INFO 18904 --- [audio-deepcheck-backend-test] [       Thread-2] d.f.e.m.s.autoconfigure.EmbeddedMongo    : {"t":{"$date":"2026-09-19T07:29:40.432+05:30"},"s":"I",  "c":"INDEX",    "id":20440,   "ctx":"conn3","msg":"Index build: waiting for index build to complete","attr":{"buildUUID":{"uuid":{"$uuid":"55b451df-c9fd-4edb-bf8a-6e98cfa3b038"}},"deadline":{"$date":{"$numberLong":"9223372036854775807"}}}}
2026-09-19T07:29:40.432+05:30  INFO 18904 --- [audio-deepcheck-backend-test] [       Thread-2] d.f.e.m.s.autoconfigure.EmbeddedMongo    : {"t":{"$date":"2026-09-19T07:29:40.432+05:30"},"s":"I",  "c":"INDEX",    "id":20447,   "ctx":"conn3","msg":"Index build: completed","attr":{"buildUUID":{"uuid":{"$uuid":"55b451df-c9fd-4edb-bf8a-6e98cfa3b038"}}}}
2026-09-19T07:29:40.435+05:30  INFO 18904 --- [audio-deepcheck-backend-test] [       Thread-2] d.f.e.m.s.autoconfigure.EmbeddedMongo    : {"t":{"$date":"2026-09-19T07:29:40.435+05:30"},"s":"I",  "c":"INDEX",    "id":20438,   "ctx":"conn3","msg":"Index build: registering","attr":{"buildUUID":{"uuid":{"$uuid":"0989c0ab-e0de-4e23-8bf1-25e8802babf2"}},"namespace":"audio_deepcheck_test.call_sessions","collectionUUID":{"uuid":{"$uuid":"709428eb-e2df-44b4-a85b-3ca5887d929b"}},"indexes":1,"firstIndex":{"name":"latestDecision"},"command":{"createIndexes":"call_sessions","v":2,"indexes":[{"key":{"latestDecision":1},"name":"latestDecision"}],"ignoreUnknownIndexOptions":false}}}
2026-09-19T07:29:40.435+05:30  INFO 18904 --- [audio-deepcheck-backend-test] [       Thread-2] d.f.e.m.s.autoconfigure.EmbeddedMongo    : {"t":{"$date":"2026-09-19T07:29:40.435+05:30"},"s":"I",  "c":"REPL",     "id":7360100, "ctx":"conn3","msg":"Added oplog entry for createIndexes to transaction","attr":{"namespace":"audio_deepcheck_test.$cmd","uuid":{"uuid":{"$uuid":"709428eb-e2df-44b4-a85b-3ca5887d929b"}},"object":{"createIndexes":"call_sessions","v":2,"key":{"latestDecision":1},"name":"latestDecision"}}}
2026-09-19T07:29:40.444+05:30  INFO 18904 --- [audio-deepcheck-backend-test] [       Thread-2] d.f.e.m.s.autoconfigure.EmbeddedMongo    : {"t":{"$date":"2026-09-19T07:29:40.444+05:30"},"s":"I",  "c":"INDEX",    "id":20345,   "ctx":"conn3","msg":"Index build: done building","attr":{"buildUUID":null,"collectionUUID":{"uuid":{"$uuid":"709428eb-e2df-44b4-a85b-3ca5887d929b"}},"namespace":"audio_deepcheck_test.call_sessions","index":"latestDecision","ident":"index-19--1364842544102224816","collectionIdent":"collection-11--1364842544102224816","commitTimestamp":null}}
2026-09-19T07:29:40.444+05:30  INFO 18904 --- [audio-deepcheck-backend-test] [       Thread-2] d.f.e.m.s.autoconfigure.EmbeddedMongo    : {"t":{"$date":"2026-09-19T07:29:40.444+05:30"},"s":"I",  "c":"INDEX",    "id":20440,   "ctx":"conn3","msg":"Index build: waiting for index build to complete","attr":{"buildUUID":{"uuid":{"$uuid":"0989c0ab-e0de-4e23-8bf1-25e8802babf2"}},"deadline":{"$date":{"$numberLong":"9223372036854775807"}}}}
2026-09-19T07:29:40.444+05:30  INFO 18904 --- [audio-deepcheck-backend-test] [       Thread-2] d.f.e.m.s.autoconfigure.EmbeddedMongo    : {"t":{"$date":"2026-09-19T07:29:40.444+05:30"},"s":"I",  "c":"INDEX",    "id":20447,   "ctx":"conn3","msg":"Index build: completed","attr":{"buildUUID":{"uuid":{"$uuid":"0989c0ab-e0de-4e23-8bf1-25e8802babf2"}}}}
2026-09-19T07:29:42.766+05:30  INFO 18904 --- [audio-deepcheck-backend-test] [           main] o.s.b.a.e.web.EndpointLinksResolver      : Exposing 1 endpoint beneath base path '/actuator'
2026-09-19T07:29:42.929+05:30  INFO 18904 --- [audio-deepcheck-backend-test] [           main] o.s.b.w.embedded.tomcat.TomcatWebServer  : Tomcat started on port 53526 (http) with context path '/'
2026-09-19T07:29:42.956+05:30  INFO 18904 --- [audio-deepcheck-backend-test] [           main] c.a.backend.CallFlowIntegrationTest      : Started CallFlowIntegrationTest in 13.178 seconds (process running for 15.941)
2026-09-19T07:29:43.524+05:30  INFO 18904 --- [audio-deepcheck-backend-test] [o-auto-1-exec-2] o.a.c.c.C.[Tomcat].[localhost].[/]       : Initializing Spring DispatcherServlet 'dispatcherServlet'
2026-09-19T07:29:43.525+05:30  INFO 18904 --- [audio-deepcheck-backend-test] [o-auto-1-exec-2] o.s.web.servlet.DispatcherServlet        : Initializing Servlet 'dispatcherServlet'
2026-09-19T07:29:43.527+05:30  INFO 18904 --- [audio-deepcheck-backend-test] [o-auto-1-exec-2] o.s.web.servlet.DispatcherServlet        : Completed initialization in 2 ms
2026-09-19T07:29:44.353+05:30  INFO 18904 --- [audio-deepcheck-backend-test] [o-auto-1-exec-4] c.a.backend.service.CallAnalysisService  : Dispatching audio analysis for callId=CALL-1001, seq=1, reqId=req-e2e-client
2026-09-19T07:29:44.456+05:30  INFO 18904 --- [audio-deepcheck-backend-test] [o-auto-1-exec-4] c.a.backend.service.CallAnalysisService  : Analysis completed for callId=CALL-1001, decision=AI_GENERATED, strength=0.4121
]]></system-out>
  </testcase>
</testsuite>