<?xml version="1.0" encoding="UTF-8"?>
<testsuite xmlns:xsi="http://www.w3.org/2001/XMLSchema-instance" xsi:noNamespaceSchemaLocation="https://maven.apache.org/surefire/maven-surefire-plugin/xsd/surefire-test-report-3.0.xsd" version="3.0" name="com.audiodeepcheck.backend.repository.MongoPerformanceTest" time="5.255" tests="1" errors="0" skipped="0" failures="0">
  <properties>
[...]
</properties>
  <testcase name="testMongoPerformanceBenchmark" classname="com.audiodeepcheck.backend.repository.MongoPerformanceTest" time="1.894">
    <system-out><![CDATA[2026-09-19T07:29:47.973+05:30  INFO 18904 --- [audio-deepcheck-backend-test] [           main] t.c.s.AnnotationConfigContextLoaderUtils : Could not detect default configuration classes for test class [com.audiodeepcheck.backend.repository.MongoPerformanceTest]: MongoPerformanceTest does not declare any static, non-private, non-final, nested classes annotated with @Configuration.
2026-09-19T07:29:47.995+05:30  INFO 18904 --- [audio-deepcheck-backend-test] [           main] .b.t.c.SpringBootTestContextBootstrapper : Found @SpringBootConfiguration com.audiodeepcheck.backend.BackendApplication for test class com.audiodeepcheck.backend.repository.MongoPerformanceTest

  .   ____          _            __ _ _
 /\\ / ___'_ __ _ _(_)_ __  __ _ \ \ \ \
( ( )\___ | '_ | '_| | '_ \/ _` | \ \ \ \
 \\/  ___)| |_)| | | | | || (_| |  ) ) ) )
  '  |____| .__|_| |_|_| |_\__, | / / / /
 =========|_|==============|___/=/_/_/_/

 :: Spring Boot ::                (v3.3.4)

2026-09-19T07:29:48.046+05:30  INFO 18904 --- [audio-deepcheck-backend-test] [           main] c.a.b.repository.MongoPerformanceTest    : Starting MongoPerformanceTest using Java 25.0.2 with PID 18904 (started by Muthu in D:\Git\Audio-DeepCheck\Backend)
2026-09-19T07:29:48.046+05:30  INFO 18904 --- [audio-deepcheck-backend-test] [           main] c.a.b.repository.MongoPerformanceTest    : The following 1 profile is active: "development"
2026-09-19T07:29:48.733+05:30  INFO 18904 --- [audio-deepcheck-backend-test] [           main] .s.d.r.c.RepositoryConfigurationDelegate : Bootstrapping Spring Data MongoDB repositories in DEFAULT mode.
2026-09-19T07:29:48.768+05:30  INFO 18904 --- [audio-deepcheck-backend-test] [           main] .s.d.r.c.RepositoryConfigurationDelegate : Finished Spring Data repository scanning in 33 ms. Found 2 MongoDB repository interfaces.
2026-09-19T07:29:48.834+05:30  WARN 18904 --- [audio-deepcheck-backend-test] [           main] trationDelegate$BeanPostProcessorChecker : Bean 'de.flapdoodle.embed.mongo.spring.autoconfigure.EmbeddedMongoAutoConfiguration' of type [de.flapdoodle.embed.mongo.spring.autoconfigure.EmbeddedMongoAutoConfiguration] is not eligible for getting processed by all BeanPostProcessors (for example: not eligible for auto-proxying). The currently created BeanPostProcessor [fixTransactionAndAuth] is declared through a non-static factory method on that class; consider declaring it as static instead.
2026-09-19T07:29:48.840+05:30  WARN 18904 --- [audio-deepcheck-backend-test] [           main] trationDelegate$BeanPostProcessorChecker : Bean 'de.flapdoodle.mongodb.embedded-de.flapdoodle.embed.mongo.spring.autoconfigure.EmbeddedMongoProperties' of type [de.flapdoodle.embed.mongo.spring.autoconfigure.EmbeddedMongoProperties] is not eligible for getting processed by all BeanPostProcessors (for example: not eligible for auto-proxying). Is this bean getting eagerly injected into a currently created BeanPostProcessor [fixTransactionAndAuth]? Check the corresponding BeanPostProcessor declaration and its dependencies.
2026-09-19T07:29:48.863+05:30  WARN 18904 --- [audio-deepcheck-backend-test] [           main] trationDelegate$BeanPostProcessorChecker : Bean 'net' of type [de.flapdoodle.embed.mongo.config.ImmutableNet] is not eligible for getting processed by all BeanPostProcessors (for example: not eligible for auto-proxying). Is this bean getting eagerly injected into a currently created BeanPostProcessor [fixTransactionAndAuth]? Check the corresponding BeanPostProcessor declaration and its dependencies.
2026-09-19T07:29:48.869+05:30  WARN 18904 --- [audio-deepcheck-backend-test] [           main] trationDelegate$BeanPostProcessorChecker : Bean 'spring.data.mongodb-org.springframework.boot.autoconfigure.mongo.MongoProperties' of type [org.springframework.boot.autoconfigure.mongo.MongoProperties] is not eligible for getting processed by all BeanPostProcessors (for example: not eligible for auto-proxying). Is this bean getting eagerly injected into a currently created BeanPostProcessor [fixTransactionAndAuth]? Check the corresponding BeanPostProcessor declaration and its dependencies.
2026-09-19T07:29:49.009+05:30  INFO 18904 --- [audio-deepcheck-backend-test] [           main] d.f.e.m.s.a.SyncClientServerFactory      : sync server factory
2026-09-19T07:29:49.169+05:30  INFO 18904 --- [audio-deepcheck-backend-test] [       Thread-7] d.f.e.m.s.autoconfigure.EmbeddedMongo    : {"t":{"$date":"2026-09-19T07:29:49.167+05:30"},"s":"I",  "c":"NETWORK",  "id":4915701, "ctx":"thread1","msg":"Initialized wire specification","attr":{"spec":{"incomingExternalClient":{"minWireVersion":0,"maxWireVersion":21},"incomingInternalClient":{"minWireVersion":0,"maxWireVersion":21},"outgoing":{"minWireVersion":6,"maxWireVersion":21},"isInternalClient":true}}}
2026-09-19T07:29:49.170+05:30  INFO 18904 --- [audio-deepcheck-backend-test] [       Thread-7] d.f.e.m.s.autoconfigure.EmbeddedMongo    : {"t":{"$date":"2026-09-19T07:29:49.169+05:30"},"s":"I",  "c":"CONTROL",  "id":23285,   "ctx":"thread1","msg":"Automatically disabling TLS 1.0, to force-enable TLS 1.0 specify --sslDisabledProtocols 'none'"}
2026-09-19T07:29:49.291+05:30  INFO 18904 --- [audio-deepcheck-backend-test] [       Thread-7] d.f.e.m.s.autoconfigure.EmbeddedMongo    : {"t":{"$date":"2026-09-19T07:29:49.291+05:30"},"s":"I",  "c":"NETWORK",  "id":4648602, "ctx":"thread1","msg":"Implicit TCP FastOpen in use."}
2026-09-19T07:29:49.295+05:30  INFO 18904 --- [audio-deepcheck-backend-test] [       Thread-7] d.f.e.m.s.autoconfigure.EmbeddedMongo    : {"t":{"$date":"2026-09-19T07:29:49.295+05:30"},"s":"I",  "c":"REPL",     "id":5123008, "ctx":"thread1","msg":"Successfully registered PrimaryOnlyService","attr":{"service":"TenantMigrationDonorService","namespace":"config.tenantMigrationDonors"}}
2026-09-19T07:29:49.295+05:30  INFO 18904 --- [audio-deepcheck-backend-test] [       Thread-7] d.f.e.m.s.autoconfigure.EmbeddedMongo    : {"t":{"$date":"2026-09-19T07:29:49.295+05:30"},"s":"I",  "c":"REPL",     "id":5123008, "ctx":"thread1","msg":"Successfully registered PrimaryOnlyService","attr":{"service":"TenantMigrationRecipientService","namespace":"config.tenantMigrationRecipients"}}
2026-09-19T07:29:49.296+05:30  INFO 18904 --- [audio-deepcheck-backend-test] [       Thread-7] d.f.e.m.s.autoconfigure.EmbeddedMongo    : {"t":{"$date":"2026-09-19T07:29:49.295+05:30"},"s":"I",  "c":"CONTROL",  "id":5945603, "ctx":"thread1","msg":"Multi threading initialized"}
2026-09-19T07:29:49.296+05:30  INFO 18904 --- [audio-deepcheck-backend-test] [       Thread-7] d.f.e.m.s.autoconfigure.EmbeddedMongo    : {"t":{"$date":"2026-09-19T07:29:49.295+05:30"},"s":"I",  "c":"TENANT_M", "id":7091600, "ctx":"thread1","msg":"Starting TenantMigrationAccessBlockerRegistry"}
2026-09-19T07:29:49.298+05:30  INFO 18904 --- [audio-deepcheck-backend-test] [       Thread-7] d.f.e.m.s.autoconfigure.EmbeddedMongo    : {"t":{"$date":"2026-09-19T07:29:49.298+05:30"},"s":"I",  "c":"CONTROL",  "id":4615611, "ctx":"initandlisten","msg":"MongoDB starting","attr":{"pid":14564,"port":53528,"dbPath":"C:/Users/Muthu/AppData/Local/Temp/temp--499d42cd-3115-416d-9e0a-734a562b375d/mongod-database9637834957357761388","architecture":"64-bit","host":"Muthu"}}
2026-09-19T07:29:49.299+05:30  INFO 18904 --- [audio-deepcheck-backend-test] [       Thread-7] d.f.e.m.s.autoconfigure.EmbeddedMongo    : {"t":{"$date":"2026-09-19T07:29:49.298+05:30"},"s":"I",  "c":"CONTROL",  "id":23398,   "ctx":"initandlisten","msg":"Target operating system minimum version","attr":{"targetMinOS":"Windows 7/Windows Server 2008 R2"}}
2026-09-19T07:29:49.299+05:30  INFO 18904 --- [audio-deepcheck-backend-test] [       Thread-7] d.f.e.m.s.autoconfigure.EmbeddedMongo    : {"t":{"$date":"2026-09-19T07:29:49.298+05:30"},"s":"I",  "c":"CONTROL",  "id":23403,   "ctx":"initandlisten","msg":"Build Info","attr":{"buildInfo":{"version":"7.0.2","gitVersion":"02b3c655e1302209ef046da6ba3ef6749dd0b62a","modules":[],"allocator":"tcmalloc","environment":{"distmod":"windows","distarch":"x86_64","target_arch":"x86_64"}}}}
2026-09-19T07:29:49.299+05:30  INFO 18904 --- [audio-deepcheck-backend-test] [       Thread-7] d.f.e.m.s.autoconfigure.EmbeddedMongo    : {"t":{"$date":"2026-09-19T07:29:49.298+05:30"},"s":"I",  "c":"CONTROL",  "id":51765,   "ctx":"initandlisten","msg":"Operating System","attr":{"os":{"name":"Microsoft Windows 10","version":"10.0 (build 26200)"}}}
2026-09-19T07:29:49.299+05:30  INFO 18904 --- [audio-deepcheck-backend-test] [       Thread-7] d.f.e.m.s.autoconfigure.EmbeddedMongo    : {"t":{"$date":"2026-09-19T07:29:49.298+05:30"},"s":"I",  "c":"CONTROL",  "id":21951,   "ctx":"initandlisten","msg":"Options set by command line","attr":{"options":{"net":{"bindIp":"127.0.0.1","port":53528},"security":{"authorization":"disabled"},"storage":{"dbPath":"C:\\Users\\Muthu\\AppData\\Local\\Temp\\temp--499d42cd-3115-416d-9e0a-734a562b375d\\mongod-database9637834957357761388","syncPeriodSecs":0}}}}
2026-09-19T07:29:49.303+05:30  INFO 18904 --- [audio-deepcheck-backend-test] [       Thread-7] d.f.e.m.s.autoconfigure.EmbeddedMongo    : {"t":{"$date":"2026-09-19T07:29:49.303+05:30"},"s":"I",  "c":"STORAGE",  "id":22315,   "ctx":"initandlisten","msg":"Opening WiredTiger","attr":{"config":"create,cache_size=3177M,session_max=33000,eviction=(threads_min=4,threads_max=4),config_base=false,statistics=(fast),log=(enabled=true,remove=true,path=journal,compressor=snappy),builtin_extension_config=(zstd=(compression_level=6)),file_manager=(close_idle_time=600,close_scan_interval=10,close_handle_minimum=2000),statistics_log=(wait=0),json_output=(error,message),verbose=[recovery_progress:1,checkpoint_progress:1,compact_progress:1,backup:0,checkpoint:0,compact:0,evict:0,history_store:0,recovery:0,rts:0,salvage:0,tiered:0,timestamp:0,transaction:0,verify:0,log:0],"}}
2026-09-19T07:29:49.362+05:30  INFO 18904 --- [audio-deepcheck-backend-test] [       Thread-7] d.f.e.m.s.autoconfigure.EmbeddedMongo    : {"t":{"$date":"2026-09-19T07:29:49.362+05:30"},"s":"I",  "c":"STORAGE",  "id":4795906, "ctx":"initandlisten","msg":"WiredTiger opened","attr":{"durationMillis":59}}
2026-09-19T07:29:49.362+05:30  INFO 18904 --- [audio-deepcheck-backend-test] [       Thread-7] d.f.e.m.s.autoconfigure.EmbeddedMongo    : {"t":{"$date":"2026-09-19T07:29:49.362+05:30"},"s":"I",  "c":"RECOVERY", "id":23987,   "ctx":"initandlisten","msg":"WiredTiger recoveryTimestamp","attr":{"recoveryTimestamp":{"$timestamp":{"t":0,"i":0}}}}
2026-09-19T07:29:49.387+05:30  INFO 18904 --- [audio-deepcheck-backend-test] [       Thread-7] d.f.e.m.s.autoconfigure.EmbeddedMongo    : {"t":{"$date":"2026-09-19T07:29:49.387+05:30"},"s":"I",  "c":"STORAGE",  "id":20320,   "ctx":"initandlisten","msg":"createCollection","attr":{"namespace":"admin.system.version","uuidDisposition":"provided","uuid":{"uuid":{"$uuid":"14dab4d7-e27b-4540-ad26-247b5cd92de8"}},"options":{"uuid":{"$uuid":"14dab4d7-e27b-4540-ad26-247b5cd92de8"}}}}
2026-09-19T07:29:49.402+05:30  INFO 18904 --- [audio-deepcheck-backend-test] [       Thread-7] d.f.e.m.s.autoconfigure.EmbeddedMongo    : {"t":{"$date":"2026-09-19T07:29:49.402+05:30"},"s":"I",  "c":"INDEX",    "id":20345,   "ctx":"initandlisten","msg":"Index build: done building","attr":{"buildUUID":null,"collectionUUID":{"uuid":{"$uuid":"14dab4d7-e27b-4540-ad26-247b5cd92de8"}},"namespace":"admin.system.version","index":"_id_","ident":"index-1--5193710201059695606","collectionIdent":"collection-0--5193710201059695606","commitTimestamp":null}}
2026-09-19T07:29:49.402+05:30  INFO 18904 --- [audio-deepcheck-backend-test] [       Thread-7] d.f.e.m.s.autoconfigure.EmbeddedMongo    : {"t":{"$date":"2026-09-19T07:29:49.403+05:30"},"s":"I",  "c":"REPL",     "id":20459,   "ctx":"initandlisten","msg":"Setting featureCompatibilityVersion","attr":{"newVersion":"7.0"}}
2026-09-19T07:29:49.403+05:30  INFO 18904 --- [audio-deepcheck-backend-test] [       Thread-7] d.f.e.m.s.autoconfigure.EmbeddedMongo    : {"t":{"$date":"2026-09-19T07:29:49.403+05:30"},"s":"I",  "c":"REPL",     "id":5853300, "ctx":"initandlisten","msg":"current featureCompatibilityVersion value","attr":{"featureCompatibilityVersion":"7.0","context":"setFCV"}}
2026-09-19T07:29:49.403+05:30  INFO 18904 --- [audio-deepcheck-backend-test] [       Thread-7] d.f.e.m.s.autoconfigure.EmbeddedMongo    : {"t":{"$date":"2026-09-19T07:29:49.403+05:30"},"s":"I",  "c":"NETWORK",  "id":4915702, "ctx":"initandlisten","msg":"Updated wire specification","attr":{"oldSpec":{"incomingExternalClient":{"minWireVersion":0,"maxWireVersion":21},"incomingInternalClient":{"minWireVersion":0,"maxWireVersion":21},"outgoing":{"minWireVersion":6,"maxWireVersion":21},"isInternalClient":true},"newSpec":{"incomingExternalClient":{"minWireVersion":0,"maxWireVersion":21},"incomingInternalClient":{"minWireVersion":21,"maxWireVersion":21},"outgoing":{"minWireVersion":21,"maxWireVersion":21},"isInternalClient":true}}}
2026-09-19T07:29:49.404+05:30  INFO 18904 --- [audio-deepcheck-backend-test] [       Thread-7] d.f.e.m.s.autoconfigure.EmbeddedMongo    : {"t":{"$date":"2026-09-19T07:29:49.403+05:30"},"s":"I",  "c":"NETWORK",  "id":4915702, "ctx":"initandlisten","msg":"Updated wire specification","attr":{"oldSpec":{"incomingExternalClient":{"minWireVersion":0,"maxWireVersion":21},"incomingInternalClient":{"minWireVersion":21,"maxWireVersion":21},"outgoing":{"minWireVersion":21,"maxWireVersion":21},"isInternalClient":true},"newSpec":{"incomingExternalClient":{"minWireVersion":0,"maxWireVersion":21},"incomingInternalClient":{"minWireVersion":21,"maxWireVersion":21},"outgoing":{"minWireVersion":21,"maxWireVersion":21},"isInternalClient":true}}}
2026-09-19T07:29:49.405+05:30  INFO 18904 --- [audio-deepcheck-backend-test] [       Thread-7] d.f.e.m.s.autoconfigure.EmbeddedMongo    : {"t":{"$date":"2026-09-19T07:29:49.403+05:30"},"s":"I",  "c":"REPL",     "id":5853300, "ctx":"initandlisten","msg":"current featureCompatibilityVersion value","attr":{"featureCompatibilityVersion":"7.0","context":"startup"}}
2026-09-19T07:29:49.405+05:30  INFO 18904 --- [audio-deepcheck-backend-test] [       Thread-7] d.f.e.m.s.autoconfigure.EmbeddedMongo    : {"t":{"$date":"2026-09-19T07:29:49.404+05:30"},"s":"I",  "c":"STORAGE",  "id":5071100, "ctx":"initandlisten","msg":"Clearing temp directory"}
2026-09-19T07:29:49.405+05:30  INFO 18904 --- [audio-deepcheck-backend-test] [       Thread-7] d.f.e.m.s.autoconfigure.EmbeddedMongo    : {"t":{"$date":"2026-09-19T07:29:49.404+05:30"},"s":"I",  "c":"CONTROL",  "id":6608200, "ctx":"initandlisten","msg":"Initializing cluster server parameters from disk"}
2026-09-19T07:29:49.406+05:30  INFO 18904 --- [audio-deepcheck-backend-test] [       Thread-7] d.f.e.m.s.autoconfigure.EmbeddedMongo    : {"t":{"$date":"2026-09-19T07:29:49.404+05:30"},"s":"I",  "c":"CONTROL",  "id":20536,   "ctx":"initandlisten","msg":"Flow Control is enabled on this deployment"}
2026-09-19T07:29:50.366+05:30  INFO 18904 --- [audio-deepcheck-backend-test] [       Thread-7] d.f.e.m.s.autoconfigure.EmbeddedMongo    : {"t":{"$date":"2026-09-19T07:29:50.366+05:30"},"s":"I",  "c":"FTDC",     "id":20625,   "ctx":"initandlisten","msg":"Initializing full-time diagnostic data capture","attr":{"dataDirectory":"C:/Users/Muthu/AppData/Local/Temp/temp--499d42cd-3115-416d-9e0a-734a562b375d/mongod-database9637834957357761388/diagnostic.data"}}
2026-09-19T07:29:50.369+05:30  INFO 18904 --- [audio-deepcheck-backend-test] [       Thread-7] d.f.e.m.s.autoconfigure.EmbeddedMongo    : {"t":{"$date":"2026-09-19T07:29:50.369+05:30"},"s":"I",  "c":"STORAGE",  "id":20320,   "ctx":"initandlisten","msg":"createCollection","attr":{"namespace":"local.startup_log","uuidDisposition":"generated","uuid":{"uuid":{"$uuid":"185cd5cf-0984-47ac-978d-28f8f9528165"}},"options":{"capped":true,"size":10485760}}}
2026-09-19T07:29:50.386+05:30  INFO 18904 --- [audio-deepcheck-backend-test] [       Thread-7] d.f.e.m.s.autoconfigure.EmbeddedMongo    : {"t":{"$date":"2026-09-19T07:29:50.385+05:30"},"s":"I",  "c":"INDEX",    "id":20345,   "ctx":"initandlisten","msg":"Index build: done building","attr":{"buildUUID":null,"collectionUUID":{"uuid":{"$uuid":"185cd5cf-0984-47ac-978d-28f8f9528165"}},"namespace":"local.startup_log","index":"_id_","ident":"index-3--5193710201059695606","collectionIdent":"collection-2--5193710201059695606","commitTimestamp":null}}
2026-09-19T07:29:50.386+05:30  INFO 18904 --- [audio-deepcheck-backend-test] [       Thread-7] d.f.e.m.s.autoconfigure.EmbeddedMongo    : {"t":{"$date":"2026-09-19T07:29:50.385+05:30"},"s":"I",  "c":"REPL",     "id":6015317, "ctx":"initandlisten","msg":"Setting new configuration state","attr":{"newState":"ConfigReplicationDisabled","oldState":"ConfigPreStart"}}
2026-09-19T07:29:50.387+05:30  INFO 18904 --- [audio-deepcheck-backend-test] [       Thread-7] d.f.e.m.s.autoconfigure.EmbeddedMongo    : {"t":{"$date":"2026-09-19T07:29:50.386+05:30"},"s":"I",  "c":"STORAGE",  "id":22262,   "ctx":"initandlisten","msg":"Timestamp monitor starting"}
2026-09-19T07:29:50.390+05:30  INFO 18904 --- [audio-deepcheck-backend-test] [       Thread-7] d.f.e.m.s.autoconfigure.EmbeddedMongo    : {"t":{"$date":"2026-09-19T07:29:50.390+05:30"},"s":"I",  "c":"STORAGE",  "id":20320,   "ctx":"LogicalSessionCacheRefresh","msg":"createCollection","attr":{"namespace":"config.system.sessions","uuidDisposition":"generated","uuid":{"uuid":{"$uuid":"6e5be15e-a372-4cbc-8498-d4f6edd823ab"}},"options":{}}}
2026-09-19T07:29:50.391+05:30  INFO 18904 --- [audio-deepcheck-backend-test] [       Thread-7] d.f.e.m.s.autoconfigure.EmbeddedMongo    : {"t":{"$date":"2026-09-19T07:29:50.390+05:30"},"s":"I",  "c":"CONTROL",  "id":20712,   "ctx":"LogicalSessionCacheReap","msg":"Sessions collection is not set up; waiting until next sessions reap interval","attr":{"error":"NamespaceNotFound: config.system.sessions does not exist"}}
2026-09-19T07:29:50.391+05:30  INFO 18904 --- [audio-deepcheck-backend-test] [       Thread-7] d.f.e.m.s.autoconfigure.EmbeddedMongo    : {"t":{"$date":"2026-09-19T07:29:50.391+05:30"},"s":"I",  "c":"NETWORK",  "id":23015,   "ctx":"listener","msg":"Listening on","attr":{"address":"127.0.0.1"}}
2026-09-19T07:29:50.392+05:30  INFO 18904 --- [audio-deepcheck-backend-test] [       Thread-7] d.f.e.m.s.autoconfigure.EmbeddedMongo    : {"t":{"$date":"2026-09-19T07:29:50.392+05:30"},"s":"I",  "c":"NETWORK",  "id":23016,   "ctx":"listener","msg":"Waiting for connections","attr":{"port":53528,"ssl":"off"}}
2026-09-19T07:29:50.407+05:30  INFO 18904 --- [audio-deepcheck-backend-test] [       Thread-7] d.f.e.m.s.autoconfigure.EmbeddedMongo    : {"t":{"$date":"2026-09-19T07:29:50.407+05:30"},"s":"I",  "c":"REPL",     "id":7360102, "ctx":"LogicalSessionCacheRefresh","msg":"Added oplog entry for create to transaction","attr":{"namespace":"config.$cmd","uuid":{"uuid":{"$uuid":"6e5be15e-a372-4cbc-8498-d4f6edd823ab"}},"object":{"create":"system.sessions","idIndex":{"v":2,"key":{"_id":1},"name":"_id_"}}}}
2026-09-19T07:29:50.407+05:30  INFO 18904 --- [audio-deepcheck-backend-test] [       Thread-7] d.f.e.m.s.autoconfigure.EmbeddedMongo    : {"t":{"$date":"2026-09-19T07:29:50.407+05:30"},"s":"I",  "c":"REPL",     "id":7360100, "ctx":"LogicalSessionCacheRefresh","msg":"Added oplog entry for createIndexes to transaction","attr":{"namespace":"config.$cmd","uuid":{"uuid":{"$uuid":"6e5be15e-a372-4cbc-8498-d4f6edd823ab"}},"object":{"createIndexes":"system.sessions","v":2,"key":{"lastUse":1},"name":"lsidTTLIndex","expireAfterSeconds":1800}}}
2026-09-19T07:29:50.414+05:30  INFO 18904 --- [audio-deepcheck-backend-test] [       Thread-7] d.f.e.m.s.autoconfigure.EmbeddedMongo    : {"t":{"$date":"2026-09-19T07:29:50.415+05:30"},"s":"I",  "c":"INDEX",    "id":20345,   "ctx":"LogicalSessionCacheRefresh","msg":"Index build: done building","attr":{"buildUUID":null,"collectionUUID":{"uuid":{"$uuid":"6e5be15e-a372-4cbc-8498-d4f6edd823ab"}},"namespace":"config.system.sessions","index":"_id_","ident":"index-5--5193710201059695606","collectionIdent":"collection-4--5193710201059695606","commitTimestamp":null}}
2026-09-19T07:29:50.415+05:30  INFO 18904 --- [audio-deepcheck-backend-test] [       Thread-7] d.f.e.m.s.autoconfigure.EmbeddedMongo    : {"t":{"$date":"2026-09-19T07:29:50.415+05:30"},"s":"I",  "c":"INDEX",    "id":20345,   "ctx":"LogicalSessionCacheRefresh","msg":"Index build: done building","attr":{"buildUUID":null,"collectionUUID":{"uuid":{"$uuid":"6e5be15e-a372-4cbc-8498-d4f6edd823ab"}},"namespace":"config.system.sessions","index":"lsidTTLIndex","ident":"index-6--5193710201059695606","collectionIdent":"collection-4--5193710201059695606","commitTimestamp":null}}
2026-09-19T07:29:50.429+05:30  INFO 18904 --- [audio-deepcheck-backend-test] [       Thread-7] d.f.e.m.s.autoconfigure.EmbeddedMongo    : {"t":{"$date":"2026-09-19T07:29:50.428+05:30"},"s":"I",  "c":"NETWORK",  "id":22943,   "ctx":"listener","msg":"Connection accepted","attr":{"remote":"127.0.0.1:53529","uuid":{"uuid":{"$uuid":"56b83135-deaa-40f2-bc4c-a0abdb2957fa"}},"connectionId":1,"connectionCount":1}}
2026-09-19T07:29:50.431+05:30  INFO 18904 --- [audio-deepcheck-backend-test] [       Thread-7] d.f.e.m.s.autoconfigure.EmbeddedMongo    : {"t":{"$date":"2026-09-19T07:29:50.430+05:30"},"s":"I",  "c":"NETWORK",  "id":22943,   "ctx":"listener","msg":"Connection accepted","attr":{"remote":"127.0.0.1:53530","uuid":{"uuid":{"$uuid":"949c57ac-76fd-4c32-91fb-b55937cf3b96"}},"connectionId":2,"connectionCount":2}}
2026-09-19T07:29:50.431+05:30  INFO 18904 --- [audio-deepcheck-backend-test] [           main] org.mongodb.driver.client                : MongoClient with metadata {"driver": {"name": "mongo-java-driver|sync|spring-boot", "version": "5.0.1"}, "os": {"type": "Windows", "name": "Windows 11", "architecture": "amd64", "version": "10.0"}, "platform": "Java/Oracle Corporation/25.0.2+10-LTS-69"} created with settings MongoClientSettings{readPreference=primary, writeConcern=WriteConcern{w=null, wTimeout=null ms, journal=null}, retryWrites=true, retryReads=true, readConcern=ReadConcern{level=null}, credential=null, transportSettings=null, commandListeners=[io.micrometer.core.instrument.binder.mongodb.MongoMetricsCommandListener@61a809ee], codecRegistry=ProvidersCodecRegistry{codecProviders=[ValueCodecProvider{}, BsonValueCodecProvider{}, DBRefCodecProvider{}, DBObjectCodecProvider{}, DocumentCodecProvider{}, CollectionCodecProvider{}, IterableCodecProvider{}, MapCodecProvider{}, GeoJsonCodecProvider{}, GridFSFileCodecProvider{}, Jsr310CodecProvider{}, JsonObjectCodecProvider{}, BsonCodecProvider{}, EnumCodecProvider{}, com.mongodb.client.model.mql.ExpressionCodecProvider@10724a72, com.mongodb.Jep395RecordCodecProvider@25435731, com.mongodb.KotlinCodecProvider@10301d6f]}, loggerSettings=LoggerSettings{maxDocumentLength=1000}, clusterSettings={hosts=[kubernetes.docker.internal:53528], srvServiceName=mongodb, mode=SINGLE, requiredClusterType=UNKNOWN, requiredReplicaSetName='null', serverSelector='null', clusterListeners='[]', serverSelectionTimeout='30000 ms', localThreshold='15 ms'}, socketSettings=SocketSettings{connectTimeoutMS=10000, readTimeoutMS=0, receiveBufferSize=0, proxySettings=ProxySettings{host=null, port=null, username=null, password=null}}, heartbeatSocketSettings=SocketSettings{connectTimeoutMS=10000, readTimeoutMS=10000, receiveBufferSize=0, proxySettings=ProxySettings{host=null, port=null, username=null, password=null}}, connectionPoolSettings=ConnectionPoolSettings{maxSize=100, minSize=0, maxWaitTimeMS=120000, maxConnectionLifeTimeMS=0, maxConnectionIdleTimeMS=0, maintenanceInitialDelayMS=0, maintenanceFrequencyMS=60000, connectionPoolListeners=[io.micrometer.core.instrument.binder.mongodb.MongoMetricsConnectionPoolListener@3ec6bc6f], maxConnecting=2}, serverSettings=ServerSettings{heartbeatFrequencyMS=10000, minHeartbeatFrequencyMS=500, serverListeners='[]', serverMonitorListeners='[]'}, sslSettings=SslSettings{enabled=false, invalidHostNameAllowed=false, context=null}, applicationName='null', compressorList=[], uuidRepresentation=JAVA_LEGACY, serverApi=null, autoEncryptionSettings=null, dnsClient=null, inetAddressResolver=null, contextProvider=null}
2026-09-19T07:29:50.437+05:30  INFO 18904 --- [audio-deepcheck-backend-test] [       Thread-7] d.f.e.m.s.autoconfigure.EmbeddedMongo    : {"t":{"$date":"2026-09-19T07:29:50.437+05:30"},"s":"I",  "c":"NETWORK",  "id":51800,   "ctx":"conn1","msg":"client metadata","attr":{"remote":"127.0.0.1:53529","client":"conn1","doc":{"driver":{"name":"mongo-java-driver|sync|spring-boot","version":"5.0.1"},"os":{"type":"Windows","name":"Windows 11","architecture":"amd64","version":"10.0"},"platform":"Java/Oracle Corporation/25.0.2+10-LTS-69"}}}
2026-09-19T07:29:50.438+05:30  INFO 18904 --- [audio-deepcheck-backend-test] [.internal:53528] org.mongodb.driver.cluster               : Monitor thread successfully connected to server with description ServerDescription{address=kubernetes.docker.internal:53528, type=STANDALONE, state=CONNECTED, ok=true, minWireVersion=0, maxWireVersion=21, maxDocumentSize=16777216, logicalSessionTimeoutMinutes=30, roundTripTimeNanos=2880700}
2026-09-19T07:29:50.442+05:30  INFO 18904 --- [audio-deepcheck-backend-test] [       Thread-7] d.f.e.m.s.autoconfigure.EmbeddedMongo    : {"t":{"$date":"2026-09-19T07:29:50.442+05:30"},"s":"I",  "c":"NETWORK",  "id":51800,   "ctx":"conn2","msg":"client metadata","attr":{"remote":"127.0.0.1:53530","client":"conn2","doc":{"driver":{"name":"mongo-java-driver|sync|spring-boot","version":"5.0.1"},"os":{"type":"Windows","name":"Windows 11","architecture":"amd64","version":"10.0"},"platform":"Java/Oracle Corporation/25.0.2+10-LTS-69"}}}
2026-09-19T07:29:50.608+05:30  INFO 18904 --- [audio-deepcheck-backend-test] [       Thread-7] d.f.e.m.s.autoconfigure.EmbeddedMongo    : {"t":{"$date":"2026-09-19T07:29:50.608+05:30"},"s":"I",  "c":"NETWORK",  "id":22943,   "ctx":"listener","msg":"Connection accepted","attr":{"remote":"127.0.0.1:53531","uuid":{"uuid":{"$uuid":"c231f7ce-20f6-41e9-a647-29e082bcd360"}},"connectionId":3,"connectionCount":3}}
2026-09-19T07:29:50.647+05:30  INFO 18904 --- [audio-deepcheck-backend-test] [       Thread-7] d.f.e.m.s.autoconfigure.EmbeddedMongo    : {"t":{"$date":"2026-09-19T07:29:50.643+05:30"},"s":"I",  "c":"NETWORK",  "id":51800,   "ctx":"conn3","msg":"client metadata","attr":{"remote":"127.0.0.1:53531","client":"conn3","doc":{"driver":{"name":"mongo-java-driver|sync|spring-boot","version":"5.0.1"},"os":{"type":"Windows","name":"Windows 11","architecture":"amd64","version":"10.0"},"platform":"Java/Oracle Corporation/25.0.2+10-LTS-69"}}}
2026-09-19T07:29:50.661+05:30  INFO 18904 --- [audio-deepcheck-backend-test] [       Thread-7] d.f.e.m.s.autoconfigure.EmbeddedMongo    : {"t":{"$date":"2026-09-19T07:29:50.661+05:30"},"s":"I",  "c":"NETWORK",  "id":6788700, "ctx":"conn3","msg":"Received first command on ingress connection since session start or auth handshake","attr":{"elapsedMillis":18}}
2026-09-19T07:29:50.662+05:30  INFO 18904 --- [audio-deepcheck-backend-test] [       Thread-7] d.f.e.m.s.autoconfigure.EmbeddedMongo    : {"t":{"$date":"2026-09-19T07:29:50.662+05:30"},"s":"I",  "c":"STORAGE",  "id":20320,   "ctx":"conn3","msg":"createCollection","attr":{"namespace":"audio_deepcheck_test.call_sessions","uuidDisposition":"generated","uuid":{"uuid":{"$uuid":"7fa68c6e-f199-401a-bff0-2f19b7b09eaf"}},"options":{}}}
2026-09-19T07:29:50.690+05:30  INFO 18904 --- [audio-deepcheck-backend-test] [       Thread-7] d.f.e.m.s.autoconfigure.EmbeddedMongo    : {"t":{"$date":"2026-09-19T07:29:50.690+05:30"},"s":"I",  "c":"REPL",     "id":7360102, "ctx":"conn3","msg":"Added oplog entry for create to transaction","attr":{"namespace":"audio_deepcheck_test.$cmd","uuid":{"uuid":{"$uuid":"7fa68c6e-f199-401a-bff0-2f19b7b09eaf"}},"object":{"create":"call_sessions","idIndex":{"v":2,"key":{"_id":1},"name":"_id_"}}}}
2026-09-19T07:29:50.690+05:30  INFO 18904 --- [audio-deepcheck-backend-test] [       Thread-7] d.f.e.m.s.autoconfigure.EmbeddedMongo    : {"t":{"$date":"2026-09-19T07:29:50.690+05:30"},"s":"I",  "c":"REPL",     "id":7360100, "ctx":"conn3","msg":"Added oplog entry for createIndexes to transaction","attr":{"namespace":"audio_deepcheck_test.$cmd","uuid":{"uuid":{"$uuid":"7fa68c6e-f199-401a-bff0-2f19b7b09eaf"}},"object":{"createIndexes":"call_sessions","v":2,"key":{"status":1,"latestDecision":1,"createdAt":-1},"name":"status_decision_created_idx"}}}
2026-09-19T07:29:50.699+05:30  INFO 18904 --- [audio-deepcheck-backend-test] [       Thread-7] d.f.e.m.s.autoconfigure.EmbeddedMongo    : {"t":{"$date":"2026-09-19T07:29:50.699+05:30"},"s":"I",  "c":"INDEX",    "id":20345,   "ctx":"conn3","msg":"Index build: done building","attr":{"buildUUID":null,"collectionUUID":{"uuid":{"$uuid":"7fa68c6e-f199-401a-bff0-2f19b7b09eaf"}},"namespace":"audio_deepcheck_test.call_sessions","index":"_id_","ident":"index-8--5193710201059695606","collectionIdent":"collection-7--5193710201059695606","commitTimestamp":null}}
2026-09-19T07:29:50.700+05:30  INFO 18904 --- [audio-deepcheck-backend-test] [       Thread-7] d.f.e.m.s.autoconfigure.EmbeddedMongo    : {"t":{"$date":"2026-09-19T07:29:50.699+05:30"},"s":"I",  "c":"INDEX",    "id":20345,   "ctx":"conn3","msg":"Index build: done building","attr":{"buildUUID":null,"collectionUUID":{"uuid":{"$uuid":"7fa68c6e-f199-401a-bff0-2f19b7b09eaf"}},"namespace":"audio_deepcheck_test.call_sessions","index":"status_decision_created_idx","ident":"index-9--5193710201059695606","collectionIdent":"collection-7--5193710201059695606","commitTimestamp":null}}
2026-09-19T07:29:50.704+05:30  INFO 18904 --- [audio-deepcheck-backend-test] [       Thread-7] d.f.e.m.s.autoconfigure.EmbeddedMongo    : {"t":{"$date":"2026-09-19T07:29:50.703+05:30"},"s":"I",  "c":"INDEX",    "id":20438,   "ctx":"conn3","msg":"Index build: registering","attr":{"buildUUID":{"uuid":{"$uuid":"8d81b6dd-2b32-4c5b-bdc4-4862d5c21b46"}},"namespace":"audio_deepcheck_test.call_sessions","collectionUUID":{"uuid":{"$uuid":"7fa68c6e-f199-401a-bff0-2f19b7b09eaf"}},"indexes":1,"firstIndex":{"name":"callId"},"command":{"createIndexes":"call_sessions","v":2,"indexes":[{"key":{"callId":1},"name":"callId","unique":true}],"ignoreUnknownIndexOptions":false}}}
2026-09-19T07:29:50.704+05:30  INFO 18904 --- [audio-deepcheck-backend-test] [       Thread-7] d.f.e.m.s.autoconfigure.EmbeddedMongo    : {"t":{"$date":"2026-09-19T07:29:50.704+05:30"},"s":"I",  "c":"REPL",     "id":7360100, "ctx":"conn3","msg":"Added oplog entry for createIndexes to transaction","attr":{"namespace":"audio_deepcheck_test.$cmd","uuid":{"uuid":{"$uuid":"7fa68c6e-f199-401a-bff0-2f19b7b09eaf"}},"object":{"createIndexes":"call_sessions","v":2,"unique":true,"key":{"callId":1},"name":"callId"}}}
2026-09-19T07:29:50.711+05:30  INFO 18904 --- [audio-deepcheck-backend-test] [       Thread-7] d.f.e.m.s.autoconfigure.EmbeddedMongo    : {"t":{"$date":"2026-09-19T07:29:50.711+05:30"},"s":"I",  "c":"INDEX",    "id":20345,   "ctx":"conn3","msg":"Index build: done building","attr":{"buildUUID":null,"collectionUUID":{"uuid":{"$uuid":"7fa68c6e-f199-401a-bff0-2f19b7b09eaf"}},"namespace":"audio_deepcheck_test.call_sessions","index":"callId","ident":"index-10--5193710201059695606","collectionIdent":"collection-7--5193710201059695606","commitTimestamp":null}}
2026-09-19T07:29:50.712+05:30  INFO 18904 --- [audio-deepcheck-backend-test] [       Thread-7] d.f.e.m.s.autoconfigure.EmbeddedMongo    : {"t":{"$date":"2026-09-19T07:29:50.711+05:30"},"s":"I",  "c":"INDEX",    "id":20440,   "ctx":"conn3","msg":"Index build: waiting for index build to complete","attr":{"buildUUID":{"uuid":{"$uuid":"8d81b6dd-2b32-4c5b-bdc4-4862d5c21b46"}},"deadline":{"$date":{"$numberLong":"9223372036854775807"}}}}
2026-09-19T07:29:50.712+05:30  INFO 18904 --- [audio-deepcheck-backend-test] [       Thread-7] d.f.e.m.s.autoconfigure.EmbeddedMongo    : {"t":{"$date":"2026-09-19T07:29:50.711+05:30"},"s":"I",  "c":"INDEX",    "id":20447,   "ctx":"conn3","msg":"Index build: completed","attr":{"buildUUID":{"uuid":{"$uuid":"8d81b6dd-2b32-4c5b-bdc4-4862d5c21b46"}}}}
2026-09-19T07:29:50.715+05:30  INFO 18904 --- [audio-deepcheck-backend-test] [       Thread-7] d.f.e.m.s.autoconfigure.EmbeddedMongo    : {"t":{"$date":"2026-09-19T07:29:50.715+05:30"},"s":"I",  "c":"INDEX",    "id":20438,   "ctx":"conn3","msg":"Index build: registering","attr":{"buildUUID":{"uuid":{"$uuid":"2ad88509-087d-4f36-822a-397efdd9873d"}},"namespace":"audio_deepcheck_test.call_sessions","collectionUUID":{"uuid":{"$uuid":"7fa68c6e-f199-401a-bff0-2f19b7b09eaf"}},"indexes":1,"firstIndex":{"name":"caller"},"command":{"createIndexes":"call_sessions","v":2,"indexes":[{"key":{"caller":1},"name":"caller"}],"ignoreUnknownIndexOptions":false}}}
2026-09-19T07:29:50.715+05:30  INFO 18904 --- [audio-deepcheck-backend-test] [       Thread-7] d.f.e.m.s.autoconfigure.EmbeddedMongo    : {"t":{"$date":"2026-09-19T07:29:50.715+05:30"},"s":"I",  "c":"REPL",     "id":7360100, "ctx":"conn3","msg":"Added oplog entry for createIndexes to transaction","attr":{"namespace":"audio_deepcheck_test.$cmd","uuid":{"uuid":{"$uuid":"7fa68c6e-f199-401a-bff0-2f19b7b09eaf"}},"object":{"createIndexes":"call_sessions","v":2,"key":{"caller":1},"name":"caller"}}}
2026-09-19T07:29:50.723+05:30  INFO 18904 --- [audio-deepcheck-backend-test] [       Thread-7] d.f.e.m.s.autoconfigure.EmbeddedMongo    : {"t":{"$date":"2026-09-19T07:29:50.723+05:30"},"s":"I",  "c":"INDEX",    "id":20345,   "ctx":"conn3","msg":"Index build: done building","attr":{"buildUUID":null,"collectionUUID":{"uuid":{"$uuid":"7fa68c6e-f199-401a-bff0-2f19b7b09eaf"}},"namespace":"audio_deepcheck_test.call_sessions","index":"caller","ident":"index-11--5193710201059695606","collectionIdent":"collection-7--5193710201059695606","commitTimestamp":null}}
2026-09-19T07:29:50.723+05:30  INFO 18904 --- [audio-deepcheck-backend-test] [       Thread-7] d.f.e.m.s.autoconfigure.EmbeddedMongo    : {"t":{"$date":"2026-09-19T07:29:50.723+05:30"},"s":"I",  "c":"INDEX",    "id":20440,   "ctx":"conn3","msg":"Index build: waiting for index build to complete","attr":{"buildUUID":{"uuid":{"$uuid":"2ad88509-087d-4f36-822a-397efdd9873d"}},"deadline":{"$date":{"$numberLong":"9223372036854775807"}}}}
2026-09-19T07:29:50.723+05:30  INFO 18904 --- [audio-deepcheck-backend-test] [       Thread-7] d.f.e.m.s.autoconfigure.EmbeddedMongo    : {"t":{"$date":"2026-09-19T07:29:50.723+05:30"},"s":"I",  "c":"INDEX",    "id":20447,   "ctx":"conn3","msg":"Index build: completed","attr":{"buildUUID":{"uuid":{"$uuid":"2ad88509-087d-4f36-822a-397efdd9873d"}}}}
2026-09-19T07:29:50.726+05:30  INFO 18904 --- [audio-deepcheck-backend-test] [       Thread-7] d.f.e.m.s.autoconfigure.EmbeddedMongo    : {"t":{"$date":"2026-09-19T07:29:50.727+05:30"},"s":"I",  "c":"INDEX",    "id":20438,   "ctx":"conn3","msg":"Index build: registering","attr":{"buildUUID":{"uuid":{"$uuid":"add119c4-a52f-445a-9a5f-e7df8f6372cf"}},"namespace":"audio_deepcheck_test.call_sessions","collectionUUID":{"uuid":{"$uuid":"7fa68c6e-f199-401a-bff0-2f19b7b09eaf"}},"indexes":1,"firstIndex":{"name":"receiver"},"command":{"createIndexes":"call_sessions","v":2,"indexes":[{"key":{"receiver":1},"name":"receiver"}],"ignoreUnknownIndexOptions":false}}}
2026-09-19T07:29:50.727+05:30  INFO 18904 --- [audio-deepcheck-backend-test] [       Thread-7] d.f.e.m.s.autoconfigure.EmbeddedMongo    : {"t":{"$date":"2026-09-19T07:29:50.727+05:30"},"s":"I",  "c":"REPL",     "id":7360100, "ctx":"conn3","msg":"Added oplog entry for createIndexes to transaction","attr":{"namespace":"audio_deepcheck_test.$cmd","uuid":{"uuid":{"$uuid":"7fa68c6e-f199-401a-bff0-2f19b7b09eaf"}},"object":{"createIndexes":"call_sessions","v":2,"key":{"receiver":1},"name":"receiver"}}}
2026-09-19T07:29:50.734+05:30  INFO 18904 --- [audio-deepcheck-backend-test] [       Thread-7] d.f.e.m.s.autoconfigure.EmbeddedMongo    : {"t":{"$date":"2026-09-19T07:29:50.734+05:30"},"s":"I",  "c":"INDEX",    "id":20345,   "ctx":"conn3","msg":"Index build: done building","attr":{"buildUUID":null,"collectionUUID":{"uuid":{"$uuid":"7fa68c6e-f199-401a-bff0-2f19b7b09eaf"}},"namespace":"audio_deepcheck_test.call_sessions","index":"receiver","ident":"index-12--5193710201059695606","collectionIdent":"collection-7--5193710201059695606","commitTimestamp":null}}
2026-09-19T07:29:50.734+05:30  INFO 18904 --- [audio-deepcheck-backend-test] [       Thread-7] d.f.e.m.s.autoconfigure.EmbeddedMongo    : {"t":{"$date":"2026-09-19T07:29:50.734+05:30"},"s":"I",  "c":"INDEX",    "id":20440,   "ctx":"conn3","msg":"Index build: waiting for index build to complete","attr":{"buildUUID":{"uuid":{"$uuid":"add119c4-a52f-445a-9a5f-e7df8f6372cf"}},"deadline":{"$date":{"$numberLong":"9223372036854775807"}}}}
2026-09-19T07:29:50.735+05:30  INFO 18904 --- [audio-deepcheck-backend-test] [       Thread-7] d.f.e.m.s.autoconfigure.EmbeddedMongo    : {"t":{"$date":"2026-09-19T07:29:50.734+05:30"},"s":"I",  "c":"INDEX",    "id":20447,   "ctx":"conn3","msg":"Index build: completed","attr":{"buildUUID":{"uuid":{"$uuid":"add119c4-a52f-445a-9a5f-e7df8f6372cf"}}}}
2026-09-19T07:29:50.736+05:30  INFO 18904 --- [audio-deepcheck-backend-test] [       Thread-7] d.f.e.m.s.autoconfigure.EmbeddedMongo    : {"t":{"$date":"2026-09-19T07:29:50.737+05:30"},"s":"I",  "c":"INDEX",    "id":20438,   "ctx":"conn3","msg":"Index build: registering","attr":{"buildUUID":{"uuid":{"$uuid":"1830f262-7f37-4a28-81f1-bd6c0f92457e"}},"namespace":"audio_deepcheck_test.call_sessions","collectionUUID":{"uuid":{"$uuid":"7fa68c6e-f199-401a-bff0-2f19b7b09eaf"}},"indexes":1,"firstIndex":{"name":"status"},"command":{"createIndexes":"call_sessions","v":2,"indexes":[{"key":{"status":1},"name":"status"}],"ignoreUnknownIndexOptions":false}}}
2026-09-19T07:29:50.738+05:30  INFO 18904 --- [audio-deepcheck-backend-test] [       Thread-7] d.f.e.m.s.autoconfigure.EmbeddedMongo    : {"t":{"$date":"2026-09-19T07:29:50.737+05:30"},"s":"I",  "c":"REPL",     "id":7360100, "ctx":"conn3","msg":"Added oplog entry for createIndexes to transaction","attr":{"namespace":"audio_deepcheck_test.$cmd","uuid":{"uuid":{"$uuid":"7fa68c6e-f199-401a-bff0-2f19b7b09eaf"}},"object":{"createIndexes":"call_sessions","v":2,"key":{"status":1},"name":"status"}}}
2026-09-19T07:29:50.744+05:30  INFO 18904 --- [audio-deepcheck-backend-test] [       Thread-7] d.f.e.m.s.autoconfigure.EmbeddedMongo    : {"t":{"$date":"2026-09-19T07:29:50.744+05:30"},"s":"I",  "c":"INDEX",    "id":20345,   "ctx":"conn3","msg":"Index build: done building","attr":{"buildUUID":null,"collectionUUID":{"uuid":{"$uuid":"7fa68c6e-f199-401a-bff0-2f19b7b09eaf"}},"namespace":"audio_deepcheck_test.call_sessions","index":"status","ident":"index-13--5193710201059695606","collectionIdent":"collection-7--5193710201059695606","commitTimestamp":null}}
2026-09-19T07:29:50.744+05:30  INFO 18904 --- [audio-deepcheck-backend-test] [       Thread-7] d.f.e.m.s.autoconfigure.EmbeddedMongo    : {"t":{"$date":"2026-09-19T07:29:50.744+05:30"},"s":"I",  "c":"INDEX",    "id":20440,   "ctx":"conn3","msg":"Index build: waiting for index build to complete","attr":{"buildUUID":{"uuid":{"$uuid":"1830f262-7f37-4a28-81f1-bd6c0f92457e"}},"deadline":{"$date":{"$numberLong":"9223372036854775807"}}}}
2026-09-19T07:29:50.744+05:30  INFO 18904 --- [audio-deepcheck-backend-test] [       Thread-7] d.f.e.m.s.autoconfigure.EmbeddedMongo    : {"t":{"$date":"2026-09-19T07:29:50.744+05:30"},"s":"I",  "c":"INDEX",    "id":20447,   "ctx":"conn3","msg":"Index build: completed","attr":{"buildUUID":{"uuid":{"$uuid":"1830f262-7f37-4a28-81f1-bd6c0f92457e"}}}}
2026-09-19T07:29:50.748+05:30  INFO 18904 --- [audio-deepcheck-backend-test] [       Thread-7] d.f.e.m.s.autoconfigure.EmbeddedMongo    : {"t":{"$date":"2026-09-19T07:29:50.747+05:30"},"s":"I",  "c":"INDEX",    "id":20438,   "ctx":"conn3","msg":"Index build: registering","attr":{"buildUUID":{"uuid":{"$uuid":"0e6f0770-f94f-4b2b-b9d1-88305dc481b8"}},"namespace":"audio_deepcheck_test.call_sessions","collectionUUID":{"uuid":{"$uuid":"7fa68c6e-f199-401a-bff0-2f19b7b09eaf"}},"indexes":1,"firstIndex":{"name":"createdAt"},"command":{"createIndexes":"call_sessions","v":2,"indexes":[{"key":{"createdAt":1},"name":"createdAt"}],"ignoreUnknownIndexOptions":false}}}
2026-09-19T07:29:50.748+05:30  INFO 18904 --- [audio-deepcheck-backend-test] [       Thread-7] d.f.e.m.s.autoconfigure.EmbeddedMongo    : {"t":{"$date":"2026-09-19T07:29:50.747+05:30"},"s":"I",  "c":"REPL",     "id":7360100, "ctx":"conn3","msg":"Added oplog entry for createIndexes to transaction","attr":{"namespace":"audio_deepcheck_test.$cmd","uuid":{"uuid":{"$uuid":"7fa68c6e-f199-401a-bff0-2f19b7b09eaf"}},"object":{"createIndexes":"call_sessions","v":2,"key":{"createdAt":1},"name":"createdAt"}}}
2026-09-19T07:29:50.755+05:30  INFO 18904 --- [audio-deepcheck-backend-test] [       Thread-7] d.f.e.m.s.autoconfigure.EmbeddedMongo    : {"t":{"$date":"2026-09-19T07:29:50.754+05:30"},"s":"I",  "c":"INDEX",    "id":20345,   "ctx":"conn3","msg":"Index build: done building","attr":{"buildUUID":null,"collectionUUID":{"uuid":{"$uuid":"7fa68c6e-f199-401a-bff0-2f19b7b09eaf"}},"namespace":"audio_deepcheck_test.call_sessions","index":"createdAt","ident":"index-14--5193710201059695606","collectionIdent":"collection-7--5193710201059695606","commitTimestamp":null}}
2026-09-19T07:29:50.755+05:30  INFO 18904 --- [audio-deepcheck-backend-test] [       Thread-7] d.f.e.m.s.autoconfigure.EmbeddedMongo    : {"t":{"$date":"2026-09-19T07:29:50.755+05:30"},"s":"I",  "c":"INDEX",    "id":20440,   "ctx":"conn3","msg":"Index build: waiting for index build to complete","attr":{"buildUUID":{"uuid":{"$uuid":"0e6f0770-f94f-4b2b-b9d1-88305dc481b8"}},"deadline":{"$date":{"$numberLong":"9223372036854775807"}}}}
2026-09-19T07:29:50.755+05:30  INFO 18904 --- [audio-deepcheck-backend-test] [       Thread-7] d.f.e.m.s.autoconfigure.EmbeddedMongo    : {"t":{"$date":"2026-09-19T07:29:50.755+05:30"},"s":"I",  "c":"INDEX",    "id":20447,   "ctx":"conn3","msg":"Index build: completed","attr":{"buildUUID":{"uuid":{"$uuid":"0e6f0770-f94f-4b2b-b9d1-88305dc481b8"}}}}
2026-09-19T07:29:50.758+05:30  INFO 18904 --- [audio-deepcheck-backend-test] [       Thread-7] d.f.e.m.s.autoconfigure.EmbeddedMongo    : {"t":{"$date":"2026-09-19T07:29:50.758+05:30"},"s":"I",  "c":"INDEX",    "id":20438,   "ctx":"conn3","msg":"Index build: registering","attr":{"buildUUID":{"uuid":{"$uuid":"59c347d3-d228-4389-8966-9aa6e46028aa"}},"namespace":"audio_deepcheck_test.call_sessions","collectionUUID":{"uuid":{"$uuid":"7fa68c6e-f199-401a-bff0-2f19b7b09eaf"}},"indexes":1,"firstIndex":{"name":"latestDecision"},"command":{"createIndexes":"call_sessions","v":2,"indexes":[{"key":{"latestDecision":1},"name":"latestDecision"}],"ignoreUnknownIndexOptions":false}}}
2026-09-19T07:29:50.758+05:30  INFO 18904 --- [audio-deepcheck-backend-test] [       Thread-7] d.f.e.m.s.autoconfigure.EmbeddedMongo    : {"t":{"$date":"2026-09-19T07:29:50.758+05:30"},"s":"I",  "c":"REPL",     "id":7360100, "ctx":"conn3","msg":"Added oplog entry for createIndexes to transaction","attr":{"namespace":"audio_deepcheck_test.$cmd","uuid":{"uuid":{"$uuid":"7fa68c6e-f199-401a-bff0-2f19b7b09eaf"}},"object":{"createIndexes":"call_sessions","v":2,"key":{"latestDecision":1},"name":"latestDecision"}}}
2026-09-19T07:29:50.766+05:30  INFO 18904 --- [audio-deepcheck-backend-test] [       Thread-7] d.f.e.m.s.autoconfigure.EmbeddedMongo    : {"t":{"$date":"2026-09-19T07:29:50.766+05:30"},"s":"I",  "c":"INDEX",    "id":20345,   "ctx":"conn3","msg":"Index build: done building","attr":{"buildUUID":null,"collectionUUID":{"uuid":{"$uuid":"7fa68c6e-f199-401a-bff0-2f19b7b09eaf"}},"namespace":"audio_deepcheck_test.call_sessions","index":"latestDecision","ident":"index-15--5193710201059695606","collectionIdent":"collection-7--5193710201059695606","commitTimestamp":null}}
2026-09-19T07:29:50.767+05:30  INFO 18904 --- [audio-deepcheck-backend-test] [       Thread-7] d.f.e.m.s.autoconfigure.EmbeddedMongo    : {"t":{"$date":"2026-09-19T07:29:50.766+05:30"},"s":"I",  "c":"INDEX",    "id":20440,   "ctx":"conn3","msg":"Index build: waiting for index build to complete","attr":{"buildUUID":{"uuid":{"$uuid":"59c347d3-d228-4389-8966-9aa6e46028aa"}},"deadline":{"$date":{"$numberLong":"9223372036854775807"}}}}
2026-09-19T07:29:50.767+05:30  INFO 18904 --- [audio-deepcheck-backend-test] [       Thread-7] d.f.e.m.s.autoconfigure.EmbeddedMongo    : {"t":{"$date":"2026-09-19T07:29:50.766+05:30"},"s":"I",  "c":"INDEX",    "id":20447,   "ctx":"conn3","msg":"Index build: completed","attr":{"buildUUID":{"uuid":{"$uuid":"59c347d3-d228-4389-8966-9aa6e46028aa"}}}}
2026-09-19T07:29:50.776+05:30  INFO 18904 --- [audio-deepcheck-backend-test] [       Thread-7] d.f.e.m.s.autoconfigure.EmbeddedMongo    : {"t":{"$date":"2026-09-19T07:29:50.775+05:30"},"s":"I",  "c":"STORAGE",  "id":20320,   "ctx":"conn3","msg":"createCollection","attr":{"namespace":"audio_deepcheck_test.analysis_results","uuidDisposition":"generated","uuid":{"uuid":{"$uuid":"bd7af178-95ee-473f-b56a-07283cf39431"}},"options":{}}}
2026-09-19T07:29:50.792+05:30  INFO 18904 --- [audio-deepcheck-backend-test] [       Thread-7] d.f.e.m.s.autoconfigure.EmbeddedMongo    : {"t":{"$date":"2026-09-19T07:29:50.791+05:30"},"s":"I",  "c":"REPL",     "id":7360102, "ctx":"conn3","msg":"Added oplog entry for create to transaction","attr":{"namespace":"audio_deepcheck_test.$cmd","uuid":{"uuid":{"$uuid":"bd7af178-95ee-473f-b56a-07283cf39431"}},"object":{"create":"analysis_results","idIndex":{"v":2,"key":{"_id":1},"name":"_id_"}}}}
2026-09-19T07:29:50.792+05:30  INFO 18904 --- [audio-deepcheck-backend-test] [       Thread-7] d.f.e.m.s.autoconfigure.EmbeddedMongo    : {"t":{"$date":"2026-09-19T07:29:50.791+05:30"},"s":"I",  "c":"REPL",     "id":7360100, "ctx":"conn3","msg":"Added oplog entry for createIndexes to transaction","attr":{"namespace":"audio_deepcheck_test.$cmd","uuid":{"uuid":{"$uuid":"bd7af178-95ee-473f-b56a-07283cf39431"}},"object":{"createIndexes":"analysis_results","v":2,"unique":true,"key":{"callId":1},"name":"callId"}}}
2026-09-19T07:29:50.800+05:30  INFO 18904 --- [audio-deepcheck-backend-test] [       Thread-7] d.f.e.m.s.autoconfigure.EmbeddedMongo    : {"t":{"$date":"2026-09-19T07:29:50.799+05:30"},"s":"I",  "c":"INDEX",    "id":20345,   "ctx":"conn3","msg":"Index build: done building","attr":{"buildUUID":null,"collectionUUID":{"uuid":{"$uuid":"bd7af178-95ee-473f-b56a-07283cf39431"}},"namespace":"audio_deepcheck_test.analysis_results","index":"_id_","ident":"index-17--5193710201059695606","collectionIdent":"collection-16--5193710201059695606","commitTimestamp":null}}
2026-09-19T07:29:50.800+05:30  INFO 18904 --- [audio-deepcheck-backend-test] [       Thread-7] d.f.e.m.s.autoconfigure.EmbeddedMongo    : {"t":{"$date":"2026-09-19T07:29:50.799+05:30"},"s":"I",  "c":"INDEX",    "id":20345,   "ctx":"conn3","msg":"Index build: done building","attr":{"buildUUID":null,"collectionUUID":{"uuid":{"$uuid":"bd7af178-95ee-473f-b56a-07283cf39431"}},"namespace":"audio_deepcheck_test.analysis_results","index":"callId","ident":"index-18--5193710201059695606","collectionIdent":"collection-16--5193710201059695606","commitTimestamp":null}}
2026-09-19T07:29:50.804+05:30  INFO 18904 --- [audio-deepcheck-backend-test] [       Thread-7] d.f.e.m.s.autoconfigure.EmbeddedMongo    : {"t":{"$date":"2026-09-19T07:29:50.803+05:30"},"s":"I",  "c":"INDEX",    "id":20438,   "ctx":"conn3","msg":"Index build: registering","attr":{"buildUUID":{"uuid":{"$uuid":"49c2123b-0946-4511-a9ae-8758ca87c6cd"}},"namespace":"audio_deepcheck_test.analysis_results","collectionUUID":{"uuid":{"$uuid":"bd7af178-95ee-473f-b56a-07283cf39431"}},"indexes":1,"firstIndex":{"name":"createdAt"},"command":{"createIndexes":"analysis_results","v":2,"indexes":[{"key":{"createdAt":1},"name":"createdAt"}],"ignoreUnknownIndexOptions":false}}}
2026-09-19T07:29:50.804+05:30  INFO 18904 --- [audio-deepcheck-backend-test] [       Thread-7] d.f.e.m.s.autoconfigure.EmbeddedMongo    : {"t":{"$date":"2026-09-19T07:29:50.804+05:30"},"s":"I",  "c":"REPL",     "id":7360100, "ctx":"conn3","msg":"Added oplog entry for createIndexes to transaction","attr":{"namespace":"audio_deepcheck_test.$cmd","uuid":{"uuid":{"$uuid":"bd7af178-95ee-473f-b56a-07283cf39431"}},"object":{"createIndexes":"analysis_results","v":2,"key":{"createdAt":1},"name":"createdAt"}}}
2026-09-19T07:29:50.813+05:30  INFO 18904 --- [audio-deepcheck-backend-test] [       Thread-7] d.f.e.m.s.autoconfigure.EmbeddedMongo    : {"t":{"$date":"2026-09-19T07:29:50.812+05:30"},"s":"I",  "c":"INDEX",    "id":20345,   "ctx":"conn3","msg":"Index build: done building","attr":{"buildUUID":null,"collectionUUID":{"uuid":{"$uuid":"bd7af178-95ee-473f-b56a-07283cf39431"}},"namespace":"audio_deepcheck_test.analysis_results","index":"createdAt","ident":"index-19--5193710201059695606","collectionIdent":"collection-16--5193710201059695606","commitTimestamp":null}}
2026-09-19T07:29:50.814+05:30  INFO 18904 --- [audio-deepcheck-backend-test] [       Thread-7] d.f.e.m.s.autoconfigure.EmbeddedMongo    : {"t":{"$date":"2026-09-19T07:29:50.812+05:30"},"s":"I",  "c":"INDEX",    "id":20440,   "ctx":"conn3","msg":"Index build: waiting for index build to complete","attr":{"buildUUID":{"uuid":{"$uuid":"49c2123b-0946-4511-a9ae-8758ca87c6cd"}},"deadline":{"$date":{"$numberLong":"9223372036854775807"}}}}
2026-09-19T07:29:50.814+05:30  INFO 18904 --- [audio-deepcheck-backend-test] [       Thread-7] d.f.e.m.s.autoconfigure.EmbeddedMongo    : {"t":{"$date":"2026-09-19T07:29:50.812+05:30"},"s":"I",  "c":"INDEX",    "id":20447,   "ctx":"conn3","msg":"Index build: completed","attr":{"buildUUID":{"uuid":{"$uuid":"49c2123b-0946-4511-a9ae-8758ca87c6cd"}}}}
2026-09-19T07:29:51.282+05:30  INFO 18904 --- [audio-deepcheck-backend-test] [           main] o.s.b.a.e.web.EndpointLinksResolver      : Exposing 1 endpoint beneath base path '/actuator'
2026-09-19T07:29:51.322+05:30  INFO 18904 --- [audio-deepcheck-backend-test] [           main] c.a.b.repository.MongoPerformanceTest    : Started MongoPerformanceTest in 3.319 seconds (process running for 24.307)
2026-09-19T07:29:53.205+05:30  INFO 18904 --- [audio-deepcheck-backend-test] [           main] c.a.b.repository.MongoPerformanceTest    : ================ MONGO PERFORMANCE BENCHMARK ================
2026-09-19T07:29:53.205+05:30  INFO 18904 --- [audio-deepcheck-backend-test] [           main] c.a.b.repository.MongoPerformanceTest    : Samples per test: 50
2026-09-19T07:29:53.215+05:30  INFO 18904 --- [audio-deepcheck-backend-test] [           main] c.a.b.repository.MongoPerformanceTest    : Avg CallSession Insert:        5.728 ms
2026-09-19T07:29:53.216+05:30  INFO 18904 --- [audio-deepcheck-backend-test] [           main] c.a.b.repository.MongoPerformanceTest    : Avg CallSession FindById:      5.722 ms
2026-09-19T07:29:53.216+05:30  INFO 18904 --- [audio-deepcheck-backend-test] [           main] c.a.b.repository.MongoPerformanceTest    : Avg Chunk Save:                8.818 ms
2026-09-19T07:29:53.216+05:30  INFO 18904 --- [audio-deepcheck-backend-test] [           main] c.a.b.repository.MongoPerformanceTest    : Avg Evidence Save:             8.339 ms
2026-09-19T07:29:53.216+05:30  INFO 18904 --- [audio-deepcheck-backend-test] [           main] c.a.b.repository.MongoPerformanceTest    : Avg Filtered History Query:    7.955 ms
2026-09-19T07:29:53.216+05:30  INFO 18904 --- [audio-deepcheck-backend-test] [           main] c.a.b.repository.MongoPerformanceTest    : =============================================================
]]></system-out>
  </testcase>
</testsuite>